This file contains any messages produced by compilers while
running configure, to aid debugging if configure makes a mistake.

It was created by mysql++ configure 3.2.1, which was
generated by GNU Autoconf 2.59.  Invocation command line was

  $ ./configure --enable-thread-check --with-mysql-lib=/data/home/jieping/workspace/poppy/build64_release/thirdparty/mysql --with-mysql-include=/data/home/jieping/workspace/poppy/thirdparty/mysql

## --------- ##
## Platform. ##
## --------- ##

hostname = easyhin_t01
uname -m = x86_64
uname -r = 2.6.32.57-tlinux_xenU-1.1.rc10.qcloud-qcloud
uname -s = Linux
uname -v = #1 SMP Fri May 17 10:53:10 CST 2013

/usr/bin/uname -p = unknown
/bin/uname -X     = unknown

/bin/arch              = x86_64
/usr/bin/arch -k       = unknown
/usr/convex/getsysinfo = unknown
hostinfo               = unknown
/bin/machine           = unknown
/usr/bin/oslevel       = unknown
/bin/universe          = unknown

PATH: /usr/local/bin
PATH: /bin
PATH: /usr/bin
PATH: /usr/local/sbin
PATH: /usr/sbin
PATH: /sbin
PATH: /data/home/jieping/bin


## ----------- ##
## Core tests. ##
## ----------- ##

configure:1558: checking build system type
configure:1576: result: x86_64-redhat-linux-gnu
configure:1584: checking host system type
configure:1598: result: x86_64-redhat-linux-gnu
configure:1606: checking target system type
configure:1620: result: x86_64-redhat-linux-gnu
configure:1755: checking for gcc
configure:1771: found /usr/bin/gcc
configure:1781: result: gcc
configure:2025: checking for C compiler version
configure:2028: gcc --version </dev/null >&5
gcc (GCC) 4.4.6 20110731 (Red Hat 4.4.6-3)
Copyright (C) 2010 Free Software Foundation, Inc.
This is free software; see the source for copying conditions.  There is NO
warranty; not even for MERCHANTABILITY or FITNESS FOR A PARTICULAR PURPOSE.

configure:2031: $? = 0
configure:2033: gcc -v </dev/null >&5
Using built-in specs.
Target: x86_64-redhat-linux
Configured with: ../configure --prefix=/usr --mandir=/usr/share/man --infodir=/usr/share/info --with-bugurl=http://bugzilla.redhat.com/bugzilla --enable-bootstrap --enable-shared --enable-threads=posix --enable-checking=release --with-system-zlib --enable-__cxa_atexit --disable-libunwind-exceptions --enable-gnu-unique-object --enable-languages=c,c++,objc,obj-c++,java,fortran,ada --enable-java-awt=gtk --disable-dssi --with-java-home=/usr/lib/jvm/java-1.5.0-gcj-1.5.0.0/jre --enable-libgcj-multifile --enable-java-maintainer-mode --with-ecj-jar=/usr/share/java/eclipse-ecj.jar --disable-libjava-multilib --with-ppl --with-cloog --with-tune=generic --with-arch_32=i686 --build=x86_64-redhat-linux
Thread model: posix
gcc version 4.4.6 20110731 (Red Hat 4.4.6-3) (GCC) 
configure:2036: $? = 0
configure:2038: gcc -V </dev/null >&5
gcc: '-V' option must have argument
configure:2041: $? = 1
configure:2064: checking for C compiler default output file name
configure:2067: gcc    conftest.c  >&5
configure:2070: $? = 0
configure:2116: result: a.out
configure:2121: checking whether the C compiler works
configure:2127: ./a.out
configure:2130: $? = 0
configure:2147: result: yes
configure:2154: checking whether we are cross compiling
configure:2156: result: no
configure:2159: checking for suffix of executables
configure:2161: gcc -o conftest    conftest.c  >&5
configure:2164: $? = 0
configure:2189: result: 
configure:2195: checking for suffix of object files
configure:2216: gcc -c   conftest.c >&5
configure:2219: $? = 0
configure:2241: result: o
configure:2245: checking whether we are using the GNU C compiler
configure:2269: gcc -c   conftest.c >&5
configure:2275: $? = 0
configure:2279: test -z 
			 || test ! -s conftest.err
configure:2282: $? = 0
configure:2285: test -s conftest.o
configure:2288: $? = 0
configure:2301: result: yes
configure:2307: checking whether gcc accepts -g
configure:2328: gcc -c -g  conftest.c >&5
configure:2334: $? = 0
configure:2338: test -z 
			 || test ! -s conftest.err
configure:2341: $? = 0
configure:2344: test -s conftest.o
configure:2347: $? = 0
configure:2358: result: yes
configure:2375: checking for gcc option to accept ANSI C
configure:2445: gcc  -c -g -O2  conftest.c >&5
configure:2451: $? = 0
configure:2455: test -z 
			 || test ! -s conftest.err
configure:2458: $? = 0
configure:2461: test -s conftest.o
configure:2464: $? = 0
configure:2482: result: none needed
configure:2500: gcc -c -g -O2  conftest.c >&5
conftest.c:2: error: expected '=', ',', ';', 'asm' or '__attribute__' before 'me'
configure:2506: $? = 1
configure: failed program was:
| #ifndef __cplusplus
|   choke me
| #endif
configure:2639: checking for a sed that does not truncate output
configure:2695: result: /bin/sed
configure:2698: checking for egrep
configure:2708: result: grep -E
configure:2724: checking for ld used by gcc
configure:2791: result: /usr/bin/ld
configure:2800: checking if the linker (/usr/bin/ld) is GNU ld
configure:2815: result: yes
configure:2820: checking for /usr/bin/ld option to reload object files
configure:2827: result: -r
configure:2845: checking for BSD-compatible nm
configure:2894: result: /usr/bin/nm -B
configure:2898: checking whether ln -s works
configure:2902: result: yes
configure:2909: checking how to recognise dependent libraries
configure:3085: result: pass_all
configure:3173: gcc -c -g -O2  conftest.c >&5
configure:3176: $? = 0
configure:3322: checking how to run the C preprocessor
configure:3357: gcc -E  conftest.c
configure:3363: $? = 0
configure:3395: gcc -E  conftest.c
conftest.c:9:28: error: ac_nonexistent.h: No such file or directory
configure:3401: $? = 1
configure: failed program was:
| /* confdefs.h.  */
| 
| #define PACKAGE_NAME "mysql++"
| #define PACKAGE_TARNAME "mysql++"
| #define PACKAGE_VERSION "3.2.1"
| #define PACKAGE_STRING "mysql++ 3.2.1"
| #define PACKAGE_BUGREPORT "plusplus@lists.mysql.com"
| /* end confdefs.h.  */
| #include <ac_nonexistent.h>
configure:3440: result: gcc -E
configure:3464: gcc -E  conftest.c
configure:3470: $? = 0
configure:3502: gcc -E  conftest.c
conftest.c:9:28: error: ac_nonexistent.h: No such file or directory
configure:3508: $? = 1
configure: failed program was:
| /* confdefs.h.  */
| 
| #define PACKAGE_NAME "mysql++"
| #define PACKAGE_TARNAME "mysql++"
| #define PACKAGE_VERSION "3.2.1"
| #define PACKAGE_STRING "mysql++ 3.2.1"
| #define PACKAGE_BUGREPORT "plusplus@lists.mysql.com"
| /* end confdefs.h.  */
| #include <ac_nonexistent.h>
configure:3552: checking for ANSI C header files
configure:3577: gcc -c -g -O2  conftest.c >&5
configure:3583: $? = 0
configure:3587: test -z 
			 || test ! -s conftest.err
configure:3590: $? = 0
configure:3593: test -s conftest.o
configure:3596: $? = 0
configure:3685: gcc -o conftest -g -O2   conftest.c  >&5
conftest.c: In function 'main':
conftest.c:26: warning: incompatible implicit declaration of built-in function 'exit'
configure:3688: $? = 0
configure:3690: ./conftest
configure:3693: $? = 0
configure:3708: result: yes
configure:3732: checking for sys/types.h
configure:3748: gcc -c -g -O2  conftest.c >&5
configure:3754: $? = 0
configure:3758: test -z 
			 || test ! -s conftest.err
configure:3761: $? = 0
configure:3764: test -s conftest.o
configure:3767: $? = 0
configure:3778: result: yes
configure:3732: checking for sys/stat.h
configure:3748: gcc -c -g -O2  conftest.c >&5
configure:3754: $? = 0
configure:3758: test -z 
			 || test ! -s conftest.err
configure:3761: $? = 0
configure:3764: test -s conftest.o
configure:3767: $? = 0
configure:3778: result: yes
configure:3732: checking for stdlib.h
configure:3748: gcc -c -g -O2  conftest.c >&5
configure:3754: $? = 0
configure:3758: test -z 
			 || test ! -s conftest.err
configure:3761: $? = 0
configure:3764: test -s conftest.o
configure:3767: $? = 0
configure:3778: result: yes
configure:3732: checking for string.h
configure:3748: gcc -c -g -O2  conftest.c >&5
configure:3754: $? = 0
configure:3758: test -z 
			 || test ! -s conftest.err
configure:3761: $? = 0
configure:3764: test -s conftest.o
configure:3767: $? = 0
configure:3778: result: yes
configure:3732: checking for memory.h
configure:3748: gcc -c -g -O2  conftest.c >&5
configure:3754: $? = 0
configure:3758: test -z 
			 || test ! -s conftest.err
configure:3761: $? = 0
configure:3764: test -s conftest.o
configure:3767: $? = 0
configure:3778: result: yes
configure:3732: checking for strings.h
configure:3748: gcc -c -g -O2  conftest.c >&5
configure:3754: $? = 0
configure:3758: test -z 
			 || test ! -s conftest.err
configure:3761: $? = 0
configure:3764: test -s conftest.o
configure:3767: $? = 0
configure:3778: result: yes
configure:3732: checking for inttypes.h
configure:3748: gcc -c -g -O2  conftest.c >&5
configure:3754: $? = 0
configure:3758: test -z 
			 || test ! -s conftest.err
configure:3761: $? = 0
configure:3764: test -s conftest.o
configure:3767: $? = 0
configure:3778: result: yes
configure:3732: checking for stdint.h
configure:3748: gcc -c -g -O2  conftest.c >&5
configure:3754: $? = 0
configure:3758: test -z 
			 || test ! -s conftest.err
configure:3761: $? = 0
configure:3764: test -s conftest.o
configure:3767: $? = 0
configure:3778: result: yes
configure:3732: checking for unistd.h
configure:3748: gcc -c -g -O2  conftest.c >&5
configure:3754: $? = 0
configure:3758: test -z 
			 || test ! -s conftest.err
configure:3761: $? = 0
configure:3764: test -s conftest.o
configure:3767: $? = 0
configure:3778: result: yes
configure:3804: checking dlfcn.h usability
configure:3816: gcc -c -g -O2  conftest.c >&5
configure:3822: $? = 0
configure:3826: test -z 
			 || test ! -s conftest.err
configure:3829: $? = 0
configure:3832: test -s conftest.o
configure:3835: $? = 0
configure:3845: result: yes
configure:3849: checking dlfcn.h presence
configure:3859: gcc -E  conftest.c
configure:3865: $? = 0
configure:3885: result: yes
configure:3920: checking for dlfcn.h
configure:3927: result: yes
configure:3992: checking for g++
configure:4008: found /usr/bin/g++
configure:4018: result: g++
configure:4034: checking for C++ compiler version
configure:4037: g++ --version </dev/null >&5
g++ (GCC) 4.4.6 20110731 (Red Hat 4.4.6-3)
Copyright (C) 2010 Free Software Foundation, Inc.
This is free software; see the source for copying conditions.  There is NO
warranty; not even for MERCHANTABILITY or FITNESS FOR A PARTICULAR PURPOSE.

configure:4040: $? = 0
configure:4042: g++ -v </dev/null >&5
Using built-in specs.
Target: x86_64-redhat-linux
Configured with: ../configure --prefix=/usr --mandir=/usr/share/man --infodir=/usr/share/info --with-bugurl=http://bugzilla.redhat.com/bugzilla --enable-bootstrap --enable-shared --enable-threads=posix --enable-checking=release --with-system-zlib --enable-__cxa_atexit --disable-libunwind-exceptions --enable-gnu-unique-object --enable-languages=c,c++,objc,obj-c++,java,fortran,ada --enable-java-awt=gtk --disable-dssi --with-java-home=/usr/lib/jvm/java-1.5.0-gcj-1.5.0.0/jre --enable-libgcj-multifile --enable-java-maintainer-mode --with-ecj-jar=/usr/share/java/eclipse-ecj.jar --disable-libjava-multilib --with-ppl --with-cloog --with-tune=generic --with-arch_32=i686 --build=x86_64-redhat-linux
Thread model: posix
gcc version 4.4.6 20110731 (Red Hat 4.4.6-3) (GCC) 
configure:4045: $? = 0
configure:4047: g++ -V </dev/null >&5
g++: '-V' option must have argument
configure:4050: $? = 1
configure:4053: checking whether we are using the GNU C++ compiler
configure:4077: g++ -c   conftest.cc >&5
configure:4083: $? = 0
configure:4087: test -z 
			 || test ! -s conftest.err
configure:4090: $? = 0
configure:4093: test -s conftest.o
configure:4096: $? = 0
configure:4109: result: yes
configure:4115: checking whether g++ accepts -g
configure:4136: g++ -c -g  conftest.cc >&5
configure:4142: $? = 0
configure:4146: test -z 
			 || test ! -s conftest.err
configure:4149: $? = 0
configure:4152: test -s conftest.o
configure:4155: $? = 0
configure:4166: result: yes
configure:4208: g++ -c -g -O2  conftest.cc >&5
configure:4214: $? = 0
configure:4218: test -z 
			 || test ! -s conftest.err
configure:4221: $? = 0
configure:4224: test -s conftest.o
configure:4227: $? = 0
configure:4253: g++ -c -g -O2  conftest.cc >&5
conftest.cc: In function 'int main()':
conftest.cc:24: error: 'exit' was not declared in this scope
configure:4259: $? = 1
configure: failed program was:
| /* confdefs.h.  */
| 
| #define PACKAGE_NAME "mysql++"
| #define PACKAGE_TARNAME "mysql++"
| #define PACKAGE_VERSION "3.2.1"
| #define PACKAGE_STRING "mysql++ 3.2.1"
| #define PACKAGE_BUGREPORT "plusplus@lists.mysql.com"
| #define STDC_HEADERS 1
| #define HAVE_SYS_TYPES_H 1
| #define HAVE_SYS_STAT_H 1
| #define HAVE_STDLIB_H 1
| #define HAVE_STRING_H 1
| #define HAVE_MEMORY_H 1
| #define HAVE_STRINGS_H 1
| #define HAVE_INTTYPES_H 1
| #define HAVE_STDINT_H 1
| #define HAVE_UNISTD_H 1
| #define HAVE_DLFCN_H 1
| /* end confdefs.h.  */
| 
| int
| main ()
| {
| exit (42);
|   ;
|   return 0;
| }
configure:4208: g++ -c -g -O2  conftest.cc >&5
conftest.cc:20: error: 'void std::exit(int)' should have been declared inside 'std'
configure:4214: $? = 1
configure: failed program was:
| /* confdefs.h.  */
| 
| #define PACKAGE_NAME "mysql++"
| #define PACKAGE_TARNAME "mysql++"
| #define PACKAGE_VERSION "3.2.1"
| #define PACKAGE_STRING "mysql++ 3.2.1"
| #define PACKAGE_BUGREPORT "plusplus@lists.mysql.com"
| #define STDC_HEADERS 1
| #define HAVE_SYS_TYPES_H 1
| #define HAVE_SYS_STAT_H 1
| #define HAVE_STDLIB_H 1
| #define HAVE_STRING_H 1
| #define HAVE_MEMORY_H 1
| #define HAVE_STRINGS_H 1
| #define HAVE_INTTYPES_H 1
| #define HAVE_STDINT_H 1
| #define HAVE_UNISTD_H 1
| #define HAVE_DLFCN_H 1
| /* end confdefs.h.  */
| extern "C" void std::exit (int) throw (); using std::exit;
| #include <stdlib.h>
| int
| main ()
| {
| exit (42);
|   ;
|   return 0;
| }
configure:4208: g++ -c -g -O2  conftest.cc >&5
conftest.cc:20: error: 'void std::exit(int)' should have been declared inside 'std'
In file included from conftest.cc:21:
/usr/include/stdlib.h:544: error: declaration of 'void std::exit(int) throw ()' throws different exceptions
conftest.cc:20: error: from previous declaration 'void std::exit(int)'
configure:4214: $? = 1
configure: failed program was:
| /* confdefs.h.  */
| 
| #define PACKAGE_NAME "mysql++"
| #define PACKAGE_TARNAME "mysql++"
| #define PACKAGE_VERSION "3.2.1"
| #define PACKAGE_STRING "mysql++ 3.2.1"
| #define PACKAGE_BUGREPORT "plusplus@lists.mysql.com"
| #define STDC_HEADERS 1
| #define HAVE_SYS_TYPES_H 1
| #define HAVE_SYS_STAT_H 1
| #define HAVE_STDLIB_H 1
| #define HAVE_STRING_H 1
| #define HAVE_MEMORY_H 1
| #define HAVE_STRINGS_H 1
| #define HAVE_INTTYPES_H 1
| #define HAVE_STDINT_H 1
| #define HAVE_UNISTD_H 1
| #define HAVE_DLFCN_H 1
| /* end confdefs.h.  */
| extern "C" void std::exit (int); using std::exit;
| #include <stdlib.h>
| int
| main ()
| {
| exit (42);
|   ;
|   return 0;
| }
configure:4208: g++ -c -g -O2  conftest.cc >&5
configure:4214: $? = 0
configure:4218: test -z 
			 || test ! -s conftest.err
configure:4221: $? = 0
configure:4224: test -s conftest.o
configure:4227: $? = 0
configure:4253: g++ -c -g -O2  conftest.cc >&5
configure:4259: $? = 0
configure:4263: test -z 
			 || test ! -s conftest.err
configure:4266: $? = 0
configure:4269: test -s conftest.o
configure:4272: $? = 0
configure:4305: checking how to run the C++ preprocessor
configure:4336: g++ -E  conftest.cc
configure:4342: $? = 0
configure:4374: g++ -E  conftest.cc
conftest.cc:23:28: error: ac_nonexistent.h: No such file or directory
configure:4380: $? = 1
configure: failed program was:
| /* confdefs.h.  */
| 
| #define PACKAGE_NAME "mysql++"
| #define PACKAGE_TARNAME "mysql++"
| #define PACKAGE_VERSION "3.2.1"
| #define PACKAGE_STRING "mysql++ 3.2.1"
| #define PACKAGE_BUGREPORT "plusplus@lists.mysql.com"
| #define STDC_HEADERS 1
| #define HAVE_SYS_TYPES_H 1
| #define HAVE_SYS_STAT_H 1
| #define HAVE_STDLIB_H 1
| #define HAVE_STRING_H 1
| #define HAVE_MEMORY_H 1
| #define HAVE_STRINGS_H 1
| #define HAVE_INTTYPES_H 1
| #define HAVE_STDINT_H 1
| #define HAVE_UNISTD_H 1
| #define HAVE_DLFCN_H 1
| #ifdef __cplusplus
| extern "C" void exit (int) throw ();
| #endif
| /* end confdefs.h.  */
| #include <ac_nonexistent.h>
configure:4419: result: g++ -E
configure:4443: g++ -E  conftest.cc
configure:4449: $? = 0
configure:4481: g++ -E  conftest.cc
conftest.cc:23:28: error: ac_nonexistent.h: No such file or directory
configure:4487: $? = 1
configure: failed program was:
| /* confdefs.h.  */
| 
| #define PACKAGE_NAME "mysql++"
| #define PACKAGE_TARNAME "mysql++"
| #define PACKAGE_VERSION "3.2.1"
| #define PACKAGE_STRING "mysql++ 3.2.1"
| #define PACKAGE_BUGREPORT "plusplus@lists.mysql.com"
| #define STDC_HEADERS 1
| #define HAVE_SYS_TYPES_H 1
| #define HAVE_SYS_STAT_H 1
| #define HAVE_STDLIB_H 1
| #define HAVE_STRING_H 1
| #define HAVE_MEMORY_H 1
| #define HAVE_STRINGS_H 1
| #define HAVE_INTTYPES_H 1
| #define HAVE_STDINT_H 1
| #define HAVE_UNISTD_H 1
| #define HAVE_DLFCN_H 1
| #ifdef __cplusplus
| extern "C" void exit (int) throw ();
| #endif
| /* end confdefs.h.  */
| #include <ac_nonexistent.h>
configure:4584: checking for g77
configure:4600: found /usr/bin/g77
configure:4610: result: g77
configure:4625: checking for Fortran 77 compiler version
configure:4628: g77 --version </dev/null >&5
GNU Fortran (GCC) 3.4.6 20060404 (Red Hat 3.4.6-19.el6)
Copyright (C) 2006 Free Software Foundation, Inc.

GNU Fortran comes with NO WARRANTY, to the extent permitted by law.
You may redistribute copies of GNU Fortran
under the terms of the GNU General Public License.
For more information about these matters, see the file named COPYING
or type the command `info -f g77 Copying'.
configure:4631: $? = 0
configure:4633: g77 -v </dev/null >&5
Reading specs from /usr/lib/gcc/x86_64-redhat-linux/3.4.6/specs
Configured with: ../configure --prefix=/usr --mandir=/usr/share/man --infodir=/usr/share/info --enable-shared --enable-threads=posix --disable-checking --with-system-zlib --enable-__cxa_atexit --disable-libunwind-exceptions --enable-languages=c,c++,f77 --disable-libgcj --host=x86_64-redhat-linux
Thread model: posix
gcc version 3.4.6 20060404 (Red Hat 3.4.6-19.el6)
configure:4636: $? = 0
configure:4638: g77 -V </dev/null >&5
g77: `-V' option must have argument
configure:4641: $? = 1
configure:4649: checking whether we are using the GNU Fortran 77 compiler
configure:4663: g77 -c  conftest.F >&5
configure:4669: $? = 0
configure:4673: test -z 
			 || test ! -s conftest.err
configure:4676: $? = 0
configure:4679: test -s conftest.o
configure:4682: $? = 0
configure:4695: result: yes
configure:4701: checking whether g77 accepts -g
configure:4713: g77 -c -g conftest.f >&5
configure:4719: $? = 0
configure:4723: test -z 
			 || test ! -s conftest.err
configure:4726: $? = 0
configure:4729: test -s conftest.o
configure:4732: $? = 0
configure:4744: result: yes
configure:4774: checking the maximum length of command line arguments
configure:4883: result: 32768
configure:4894: checking command to parse /usr/bin/nm -B output from gcc object
configure:4999: gcc -c -g -O2  conftest.c >&5
configure:5002: $? = 0
configure:5006: /usr/bin/nm -B conftest.o \| sed -n -e 's/^.*[ 	]\([ABCDGIRSTW][ABCDGIRSTW]*\)[ 	][ 	]*\([_A-Za-z][_A-Za-z0-9]*\)$/\1 \2 \2/p' \> conftest.nm
configure:5009: $? = 0
configure:5061: gcc -o conftest -g -O2   conftest.c conftstm.o >&5
configure:5064: $? = 0
configure:5102: result: ok
configure:5106: checking for objdir
configure:5121: result: .libs
configure:5211: checking for ar
configure:5227: found /usr/bin/ar
configure:5238: result: ar
configure:5291: checking for ranlib
configure:5307: found /usr/bin/ranlib
configure:5318: result: ranlib
configure:5371: checking for strip
configure:5387: found /usr/bin/strip
configure:5398: result: strip
configure:5670: checking if gcc supports -fno-rtti -fno-exceptions
configure:5688: gcc -c -g -O2  -fno-rtti -fno-exceptions conftest.c >&5
cc1: warning: command line option "-fno-rtti" is valid for C++/ObjC++ but not for C
configure:5692: $? = 0
configure:5705: result: no
configure:5720: checking for gcc option to produce PIC
configure:5930: result: -fPIC
configure:5938: checking if gcc PIC flag -fPIC works
configure:5956: gcc -c -g -O2  -fPIC -DPIC conftest.c >&5
configure:5960: $? = 0
configure:5973: result: yes
configure:6001: checking if gcc static flag -static works
configure:6029: result: yes
configure:6039: checking if gcc supports -c -o file.o
configure:6060: gcc -c -g -O2  -o out/conftest2.o conftest.c >&5
configure:6064: $? = 0
configure:6086: result: yes
configure:6112: checking whether the gcc linker (/usr/bin/ld -m elf_x86_64) supports shared libraries
configure:7070: result: yes
configure:7091: checking whether -lc should be explicitly linked in
configure:7096: gcc -c -g -O2  conftest.c >&5
configure:7099: $? = 0
configure:7114: gcc -shared conftest.o  -v -Wl,-soname -Wl,conftest -o conftest 2\>\&1 \| grep  -lc  \>/dev/null 2\>\&1
configure:7117: $? = 0
configure:7129: result: no
configure:7137: checking dynamic linker characteristics
configure:7530: gcc -c -g -O2  conftest.c >&5
configure:7533: $? = 0
configure:7746: result: GNU/Linux ld.so
configure:7755: checking how to hardcode library paths into programs
configure:7780: result: immediate
configure:7794: checking whether stripping libraries is possible
configure:7799: result: yes
configure:8633: checking if libtool supports shared libraries
configure:8635: result: yes
configure:8638: checking whether to build shared libraries
configure:8659: result: yes
configure:8662: checking whether to build static libraries
configure:8666: result: yes
configure:18023: checking for gcc
configure:18049: result: gcc
configure:18293: checking for C compiler version
configure:18296: gcc --version </dev/null >&5
gcc (GCC) 4.4.6 20110731 (Red Hat 4.4.6-3)
Copyright (C) 2010 Free Software Foundation, Inc.
This is free software; see the source for copying conditions.  There is NO
warranty; not even for MERCHANTABILITY or FITNESS FOR A PARTICULAR PURPOSE.

configure:18299: $? = 0
configure:18301: gcc -v </dev/null >&5
Using built-in specs.
Target: x86_64-redhat-linux
Configured with: ../configure --prefix=/usr --mandir=/usr/share/man --infodir=/usr/share/info --with-bugurl=http://bugzilla.redhat.com/bugzilla --enable-bootstrap --enable-shared --enable-threads=posix --enable-checking=release --with-system-zlib --enable-__cxa_atexit --disable-libunwind-exceptions --enable-gnu-unique-object --enable-languages=c,c++,objc,obj-c++,java,fortran,ada --enable-java-awt=gtk --disable-dssi --with-java-home=/usr/lib/jvm/java-1.5.0-gcj-1.5.0.0/jre --enable-libgcj-multifile --enable-java-maintainer-mode --with-ecj-jar=/usr/share/java/eclipse-ecj.jar --disable-libjava-multilib --with-ppl --with-cloog --with-tune=generic --with-arch_32=i686 --build=x86_64-redhat-linux
Thread model: posix
gcc version 4.4.6 20110731 (Red Hat 4.4.6-3) (GCC) 
configure:18304: $? = 0
configure:18306: gcc -V </dev/null >&5
gcc: '-V' option must have argument
configure:18309: $? = 1
configure:18312: checking whether we are using the GNU C compiler
configure:18368: result: yes
configure:18374: checking whether gcc accepts -g
configure:18425: result: yes
configure:18442: checking for gcc option to accept ANSI C
configure:18549: result: none needed
configure:18567: gcc -c -g -O2  conftest.c >&5
conftest.c:2: error: expected '=', ',', ';', 'asm' or '__attribute__' before 'me'
configure:18573: $? = 1
configure: failed program was:
| #ifndef __cplusplus
|   choke me
| #endif
configure:18706: checking for ANSI C header files
configure:18862: result: yes
configure:19075: checking for the pthreads library -lpthreads
configure:19113: gcc -o conftest -g -O2    conftest.c -lpthreads  >&5
/usr/bin/ld: cannot find -lpthreads
collect2: ld returned 1 exit status
configure:19119: $? = 1
configure: failed program was:
| /* confdefs.h.  */
| 
| #define PACKAGE_NAME "mysql++"
| #define PACKAGE_TARNAME "mysql++"
| #define PACKAGE_VERSION "3.2.1"
| #define PACKAGE_STRING "mysql++ 3.2.1"
| #define PACKAGE_BUGREPORT "plusplus@lists.mysql.com"
| #define STDC_HEADERS 1
| #define HAVE_SYS_TYPES_H 1
| #define HAVE_SYS_STAT_H 1
| #define HAVE_STDLIB_H 1
| #define HAVE_STRING_H 1
| #define HAVE_MEMORY_H 1
| #define HAVE_STRINGS_H 1
| #define HAVE_INTTYPES_H 1
| #define HAVE_STDINT_H 1
| #define HAVE_UNISTD_H 1
| #define HAVE_DLFCN_H 1
| #ifdef __cplusplus
| extern "C" void exit (int) throw ();
| #endif
| #define STDC_HEADERS 1
| /* end confdefs.h.  */
| #include <pthread.h>
| int
| main ()
| {
| pthread_t th; pthread_join(th, 0);
|                      pthread_attr_init(0); pthread_cleanup_push(0, 0);
|                      pthread_create(0,0,0,0); pthread_cleanup_pop(0);
|   ;
|   return 0;
| }
configure:19146: result: no
configure:19022: checking whether pthreads work without any flags
configure:19113: gcc -o conftest -g -O2    conftest.c   >&5
/tmp/ccsmLRvV.o: In function `main':
/data/home/jieping/workspace/poppy/thirdparty/mysql++-3.2.1/conftest.c:28: undefined reference to `pthread_join'
/data/home/jieping/workspace/poppy/thirdparty/mysql++-3.2.1/conftest.c:29: undefined reference to `__pthread_register_cancel'
/data/home/jieping/workspace/poppy/thirdparty/mysql++-3.2.1/conftest.c:30: undefined reference to `pthread_create'
/data/home/jieping/workspace/poppy/thirdparty/mysql++-3.2.1/conftest.c:30: undefined reference to `__pthread_unregister_cancel'
collect2: ld returned 1 exit status
configure:19119: $? = 1
configure: failed program was:
| /* confdefs.h.  */
| 
| #define PACKAGE_NAME "mysql++"
| #define PACKAGE_TARNAME "mysql++"
| #define PACKAGE_VERSION "3.2.1"
| #define PACKAGE_STRING "mysql++ 3.2.1"
| #define PACKAGE_BUGREPORT "plusplus@lists.mysql.com"
| #define STDC_HEADERS 1
| #define HAVE_SYS_TYPES_H 1
| #define HAVE_SYS_STAT_H 1
| #define HAVE_STDLIB_H 1
| #define HAVE_STRING_H 1
| #define HAVE_MEMORY_H 1
| #define HAVE_STRINGS_H 1
| #define HAVE_INTTYPES_H 1
| #define HAVE_STDINT_H 1
| #define HAVE_UNISTD_H 1
| #define HAVE_DLFCN_H 1
| #ifdef __cplusplus
| extern "C" void exit (int) throw ();
| #endif
| #define STDC_HEADERS 1
| /* end confdefs.h.  */
| #include <pthread.h>
| int
| main ()
| {
| pthread_t th; pthread_join(th, 0);
|                      pthread_attr_init(0); pthread_cleanup_push(0, 0);
|                      pthread_create(0,0,0,0); pthread_cleanup_pop(0);
|   ;
|   return 0;
| }
configure:19146: result: no
configure:19027: checking whether pthreads work with -Kthread
configure:19113: gcc -o conftest -g -O2 -Kthread   conftest.c   >&5
gcc: unrecognized option '-Kthread'
/tmp/cctkrDCY.o: In function `main':
/data/home/jieping/workspace/poppy/thirdparty/mysql++-3.2.1/conftest.c:28: undefined reference to `pthread_join'
/data/home/jieping/workspace/poppy/thirdparty/mysql++-3.2.1/conftest.c:29: undefined reference to `__pthread_register_cancel'
/data/home/jieping/workspace/poppy/thirdparty/mysql++-3.2.1/conftest.c:30: undefined reference to `pthread_create'
/data/home/jieping/workspace/poppy/thirdparty/mysql++-3.2.1/conftest.c:30: undefined reference to `__pthread_unregister_cancel'
collect2: ld returned 1 exit status
configure:19119: $? = 1
configure: failed program was:
| /* confdefs.h.  */
| 
| #define PACKAGE_NAME "mysql++"
| #define PACKAGE_TARNAME "mysql++"
| #define PACKAGE_VERSION "3.2.1"
| #define PACKAGE_STRING "mysql++ 3.2.1"
| #define PACKAGE_BUGREPORT "plusplus@lists.mysql.com"
| #define STDC_HEADERS 1
| #define HAVE_SYS_TYPES_H 1
| #define HAVE_SYS_STAT_H 1
| #define HAVE_STDLIB_H 1
| #define HAVE_STRING_H 1
| #define HAVE_MEMORY_H 1
| #define HAVE_STRINGS_H 1
| #define HAVE_INTTYPES_H 1
| #define HAVE_STDINT_H 1
| #define HAVE_UNISTD_H 1
| #define HAVE_DLFCN_H 1
| #ifdef __cplusplus
| extern "C" void exit (int) throw ();
| #endif
| #define STDC_HEADERS 1
| /* end confdefs.h.  */
| #include <pthread.h>
| int
| main ()
| {
| pthread_t th; pthread_join(th, 0);
|                      pthread_attr_init(0); pthread_cleanup_push(0, 0);
|                      pthread_create(0,0,0,0); pthread_cleanup_pop(0);
|   ;
|   return 0;
| }
configure:19146: result: no
configure:19027: checking whether pthreads work with -kthread
configure:19113: gcc -o conftest -g -O2 -kthread   conftest.c   >&5
gcc: unrecognized option '-kthread'
/tmp/ccILsGmZ.o: In function `main':
/data/home/jieping/workspace/poppy/thirdparty/mysql++-3.2.1/conftest.c:28: undefined reference to `pthread_join'
/data/home/jieping/workspace/poppy/thirdparty/mysql++-3.2.1/conftest.c:29: undefined reference to `__pthread_register_cancel'
/data/home/jieping/workspace/poppy/thirdparty/mysql++-3.2.1/conftest.c:30: undefined reference to `pthread_create'
/data/home/jieping/workspace/poppy/thirdparty/mysql++-3.2.1/conftest.c:30: undefined reference to `__pthread_unregister_cancel'
collect2: ld returned 1 exit status
configure:19119: $? = 1
configure: failed program was:
| /* confdefs.h.  */
| 
| #define PACKAGE_NAME "mysql++"
| #define PACKAGE_TARNAME "mysql++"
| #define PACKAGE_VERSION "3.2.1"
| #define PACKAGE_STRING "mysql++ 3.2.1"
| #define PACKAGE_BUGREPORT "plusplus@lists.mysql.com"
| #define STDC_HEADERS 1
| #define HAVE_SYS_TYPES_H 1
| #define HAVE_SYS_STAT_H 1
| #define HAVE_STDLIB_H 1
| #define HAVE_STRING_H 1
| #define HAVE_MEMORY_H 1
| #define HAVE_STRINGS_H 1
| #define HAVE_INTTYPES_H 1
| #define HAVE_STDINT_H 1
| #define HAVE_UNISTD_H 1
| #define HAVE_DLFCN_H 1
| #ifdef __cplusplus
| extern "C" void exit (int) throw ();
| #endif
| #define STDC_HEADERS 1
| /* end confdefs.h.  */
| #include <pthread.h>
| int
| main ()
| {
| pthread_t th; pthread_join(th, 0);
|                      pthread_attr_init(0); pthread_cleanup_push(0, 0);
|                      pthread_create(0,0,0,0); pthread_cleanup_pop(0);
|   ;
|   return 0;
| }
configure:19146: result: no
configure:19075: checking for the pthreads library -llthread
configure:19113: gcc -o conftest -g -O2    conftest.c -llthread  >&5
/usr/bin/ld: cannot find -llthread
collect2: ld returned 1 exit status
configure:19119: $? = 1
configure: failed program was:
| /* confdefs.h.  */
| 
| #define PACKAGE_NAME "mysql++"
| #define PACKAGE_TARNAME "mysql++"
| #define PACKAGE_VERSION "3.2.1"
| #define PACKAGE_STRING "mysql++ 3.2.1"
| #define PACKAGE_BUGREPORT "plusplus@lists.mysql.com"
| #define STDC_HEADERS 1
| #define HAVE_SYS_TYPES_H 1
| #define HAVE_SYS_STAT_H 1
| #define HAVE_STDLIB_H 1
| #define HAVE_STRING_H 1
| #define HAVE_MEMORY_H 1
| #define HAVE_STRINGS_H 1
| #define HAVE_INTTYPES_H 1
| #define HAVE_STDINT_H 1
| #define HAVE_UNISTD_H 1
| #define HAVE_DLFCN_H 1
| #ifdef __cplusplus
| extern "C" void exit (int) throw ();
| #endif
| #define STDC_HEADERS 1
| /* end confdefs.h.  */
| #include <pthread.h>
| int
| main ()
| {
| pthread_t th; pthread_join(th, 0);
|                      pthread_attr_init(0); pthread_cleanup_push(0, 0);
|                      pthread_create(0,0,0,0); pthread_cleanup_pop(0);
|   ;
|   return 0;
| }
configure:19146: result: no
configure:19027: checking whether pthreads work with -pthread
configure:19113: gcc -o conftest -g -O2 -pthread   conftest.c   >&5
configure:19119: $? = 0
configure:19123: test -z 
			 || test ! -s conftest.err
configure:19126: $? = 0
configure:19129: test -s conftest
configure:19132: $? = 0
configure:19146: result: yes
configure:19165: checking for joinable pthread attribute
configure:19185: gcc -o conftest -g -O2 -pthread   conftest.c   >&5
configure:19191: $? = 0
configure:19195: test -z 
			 || test ! -s conftest.err
configure:19198: $? = 0
configure:19201: test -s conftest
configure:19204: $? = 0
configure:19215: result: PTHREAD_CREATE_JOINABLE
configure:19225: checking if more special flags are required for pthreads
configure:19232: result: no
configure:19331: checking synch.h usability
configure:19343: gcc -c -g -O2 -pthread  conftest.c >&5
conftest.c:59:19: error: synch.h: No such file or directory
configure:19349: $? = 1
configure: failed program was:
| /* confdefs.h.  */
| 
| #define PACKAGE_NAME "mysql++"
| #define PACKAGE_TARNAME "mysql++"
| #define PACKAGE_VERSION "3.2.1"
| #define PACKAGE_STRING "mysql++ 3.2.1"
| #define PACKAGE_BUGREPORT "plusplus@lists.mysql.com"
| #define STDC_HEADERS 1
| #define HAVE_SYS_TYPES_H 1
| #define HAVE_SYS_STAT_H 1
| #define HAVE_STDLIB_H 1
| #define HAVE_STRING_H 1
| #define HAVE_MEMORY_H 1
| #define HAVE_STRINGS_H 1
| #define HAVE_INTTYPES_H 1
| #define HAVE_STDINT_H 1
| #define HAVE_UNISTD_H 1
| #define HAVE_DLFCN_H 1
| #ifdef __cplusplus
| extern "C" void exit (int) throw ();
| #endif
| #define STDC_HEADERS 1
| #define HAVE_PTHREAD 1
| /* end confdefs.h.  */
| #include <stdio.h>
| #if HAVE_SYS_TYPES_H
| # include <sys/types.h>
| #endif
| #if HAVE_SYS_STAT_H
| # include <sys/stat.h>
| #endif
| #if STDC_HEADERS
| # include <stdlib.h>
| # include <stddef.h>
| #else
| # if HAVE_STDLIB_H
| #  include <stdlib.h>
| # endif
| #endif
| #if HAVE_STRING_H
| # if !STDC_HEADERS && HAVE_MEMORY_H
| #  include <memory.h>
| # endif
| # include <string.h>
| #endif
| #if HAVE_STRINGS_H
| # include <strings.h>
| #endif
| #if HAVE_INTTYPES_H
| # include <inttypes.h>
| #else
| # if HAVE_STDINT_H
| #  include <stdint.h>
| # endif
| #endif
| #if HAVE_UNISTD_H
| # include <unistd.h>
| #endif
| #include <synch.h>
configure:19372: result: no
configure:19376: checking synch.h presence
configure:19386: gcc -E  conftest.c
conftest.c:25:19: error: synch.h: No such file or directory
configure:19392: $? = 1
configure: failed program was:
| /* confdefs.h.  */
| 
| #define PACKAGE_NAME "mysql++"
| #define PACKAGE_TARNAME "mysql++"
| #define PACKAGE_VERSION "3.2.1"
| #define PACKAGE_STRING "mysql++ 3.2.1"
| #define PACKAGE_BUGREPORT "plusplus@lists.mysql.com"
| #define STDC_HEADERS 1
| #define HAVE_SYS_TYPES_H 1
| #define HAVE_SYS_STAT_H 1
| #define HAVE_STDLIB_H 1
| #define HAVE_STRING_H 1
| #define HAVE_MEMORY_H 1
| #define HAVE_STRINGS_H 1
| #define HAVE_INTTYPES_H 1
| #define HAVE_STDINT_H 1
| #define HAVE_UNISTD_H 1
| #define HAVE_DLFCN_H 1
| #ifdef __cplusplus
| extern "C" void exit (int) throw ();
| #endif
| #define STDC_HEADERS 1
| #define HAVE_PTHREAD 1
| /* end confdefs.h.  */
| #include <synch.h>
configure:19412: result: no
configure:19447: checking for synch.h
configure:19454: result: no
configure:19472: checking for unistd.h
configure:19477: result: yes
configure:19637: checking for getopt
configure:19694: gcc -o conftest -g -O2 -pthread   conftest.c   >&5
configure:19700: $? = 0
configure:19704: test -z 
			 || test ! -s conftest.err
configure:19707: $? = 0
configure:19710: test -s conftest
configure:19713: $? = 0
configure:19725: result: yes
configure:19812: checking whether -lm is needed to use C math functions
configure:19833: gcc -o conftest -g -O2 -pthread   conftest.c   >&5
configure:19839: $? = 0
configure:19843: test -z 
			 || test ! -s conftest.err
configure:19846: $? = 0
configure:19849: test -s conftest
configure:19852: $? = 0
configure:19854: result: no
configure:19929: checking whether -lsocket is needed
configure:19953: gcc -o conftest -g -O2 -pthread   conftest.c   >&5
configure:19959: $? = 0
configure:19963: test -z 
			 || test ! -s conftest.err
configure:19966: $? = 0
configure:19969: test -s conftest
configure:19972: $? = 0
configure:19974: result: no
configure:20047: checking whether -lnsl is needed
configure:20066: gcc -o conftest -g -O2 -pthread   conftest.c   >&5
configure:20072: $? = 0
configure:20076: test -z 
			 || test ! -s conftest.err
configure:20079: $? = 0
configure:20082: test -s conftest
configure:20085: $? = 0
configure:20087: result: no
configure:20197: checking for MySQL library directory
configure:20225: result: /data/home/jieping/workspace/poppy/build64_release/thirdparty/mysql/lib64
configure:20241: checking for MySQL include directory
configure:20267: result: /data/home/jieping/workspace/poppy/thirdparty/mysql
configure:20272: checking if we can link to MySQL C API library directly
configure:20292: gcc -o conftest -g -O2 -pthread  -I/data/home/jieping/workspace/poppy/thirdparty/mysql  -L/data/home/jieping/workspace/poppy/build64_release/thirdparty/mysql/lib64 conftest.c   -lmysqlclient_r  >&5
configure:20298: $? = 0
configure:20302: test -z 
			 || test ! -s conftest.err
configure:20305: $? = 0
configure:20308: test -s conftest
configure:20311: $? = 0
configure:20313: result: yes
configure:20621: checking for mysql_ssl_set in -lmysqlclient_r
configure:20651: gcc -o conftest -g -O2 -pthread  -I/data/home/jieping/workspace/poppy/thirdparty/mysql  -L/data/home/jieping/workspace/poppy/build64_release/thirdparty/mysql/lib64 conftest.c -lmysqlclient_r    >&5
configure:20657: $? = 0
configure:20661: test -z 
			 || test ! -s conftest.err
configure:20664: $? = 0
configure:20667: test -s conftest
configure:20670: $? = 0
configure:20683: result: yes
configure:20696: checking for localtime_r()
configure:20720: gcc -o conftest -g -O2 -pthread  -I/data/home/jieping/workspace/poppy/thirdparty/mysql  -L/data/home/jieping/workspace/poppy/build64_release/thirdparty/mysql/lib64 conftest.c   >&5
configure:20723: $? = 0
configure:20725: ./conftest
configure:20728: $? = 0
configure:20742: result: yes
configure:20754: checking for main in -lintl
configure:20778: gcc -o conftest -g -O2 -pthread  -I/data/home/jieping/workspace/poppy/thirdparty/mysql  -L/data/home/jieping/workspace/poppy/build64_release/thirdparty/mysql/lib64 conftest.c -lintl    >&5
/usr/bin/ld: cannot find -lintl
collect2: ld returned 1 exit status
configure:20784: $? = 1
configure: failed program was:
| /* confdefs.h.  */
| 
| #define PACKAGE_NAME "mysql++"
| #define PACKAGE_TARNAME "mysql++"
| #define PACKAGE_VERSION "3.2.1"
| #define PACKAGE_STRING "mysql++ 3.2.1"
| #define PACKAGE_BUGREPORT "plusplus@lists.mysql.com"
| #define STDC_HEADERS 1
| #define HAVE_SYS_TYPES_H 1
| #define HAVE_SYS_STAT_H 1
| #define HAVE_STDLIB_H 1
| #define HAVE_STRING_H 1
| #define HAVE_MEMORY_H 1
| #define HAVE_STRINGS_H 1
| #define HAVE_INTTYPES_H 1
| #define HAVE_STDINT_H 1
| #define HAVE_UNISTD_H 1
| #define HAVE_DLFCN_H 1
| #ifdef __cplusplus
| extern "C" void exit (int) throw ();
| #endif
| #define STDC_HEADERS 1
| #define HAVE_PTHREAD 1
| #define HAVE_UNISTD_H 1
| #define HAVE_POSIX_GETOPT
| #define HAVE_MYSQL_SSL_SET
| #define HAVE_LOCALTIME_R 1
| /* end confdefs.h.  */
| 
| 
| int
| main ()
| {
| main ();
|   ;
|   return 0;
| }
configure:20810: result: no
configure:20928: checking for C++ compiler version
configure:20931: g++ --version </dev/null >&5
g++ (GCC) 4.4.6 20110731 (Red Hat 4.4.6-3)
Copyright (C) 2010 Free Software Foundation, Inc.
This is free software; see the source for copying conditions.  There is NO
warranty; not even for MERCHANTABILITY or FITNESS FOR A PARTICULAR PURPOSE.

configure:20934: $? = 0
configure:20936: g++ -v </dev/null >&5
Using built-in specs.
Target: x86_64-redhat-linux
Configured with: ../configure --prefix=/usr --mandir=/usr/share/man --infodir=/usr/share/info --with-bugurl=http://bugzilla.redhat.com/bugzilla --enable-bootstrap --enable-shared --enable-threads=posix --enable-checking=release --with-system-zlib --enable-__cxa_atexit --disable-libunwind-exceptions --enable-gnu-unique-object --enable-languages=c,c++,objc,obj-c++,java,fortran,ada --enable-java-awt=gtk --disable-dssi --with-java-home=/usr/lib/jvm/java-1.5.0-gcj-1.5.0.0/jre --enable-libgcj-multifile --enable-java-maintainer-mode --with-ecj-jar=/usr/share/java/eclipse-ecj.jar --disable-libjava-multilib --with-ppl --with-cloog --with-tune=generic --with-arch_32=i686 --build=x86_64-redhat-linux
Thread model: posix
gcc version 4.4.6 20110731 (Red Hat 4.4.6-3) (GCC) 
configure:20939: $? = 0
configure:20941: g++ -V </dev/null >&5
g++: '-V' option must have argument
configure:20944: $? = 1
configure:20947: checking whether we are using the GNU C++ compiler
configure:21003: result: yes
configure:21009: checking whether g++ accepts -g
configure:21060: result: yes
configure:21102: g++ -c -g -O2  -I/data/home/jieping/workspace/poppy/thirdparty/mysql conftest.cc >&5
configure:21108: $? = 0
configure:21112: test -z 
			 || test ! -s conftest.err
configure:21115: $? = 0
configure:21118: test -s conftest.o
configure:21121: $? = 0
configure:21147: g++ -c -g -O2  -I/data/home/jieping/workspace/poppy/thirdparty/mysql conftest.cc >&5
configure:21153: $? = 0
configure:21157: test -z 
			 || test ! -s conftest.err
configure:21160: $? = 0
configure:21163: test -s conftest.o
configure:21166: $? = 0
configure:21196: checking for STL slist extension
configure:21215: g++ -c -g -O2  -I/data/home/jieping/workspace/poppy/thirdparty/mysql conftest.cc >&5
conftest.cc:29:17: error: slist: No such file or directory
conftest.cc: In function 'int main()':
conftest.cc:33: error: 'slist' was not declared in this scope
conftest.cc:33: error: expected primary-expression before 'int'
conftest.cc:33: error: expected ';' before 'int'
configure:21221: $? = 1
configure: failed program was:
| /* confdefs.h.  */
| 
| #define PACKAGE_NAME "mysql++"
| #define PACKAGE_TARNAME "mysql++"
| #define PACKAGE_VERSION "3.2.1"
| #define PACKAGE_STRING "mysql++ 3.2.1"
| #define PACKAGE_BUGREPORT "plusplus@lists.mysql.com"
| #define STDC_HEADERS 1
| #define HAVE_SYS_TYPES_H 1
| #define HAVE_SYS_STAT_H 1
| #define HAVE_STDLIB_H 1
| #define HAVE_STRING_H 1
| #define HAVE_MEMORY_H 1
| #define HAVE_STRINGS_H 1
| #define HAVE_INTTYPES_H 1
| #define HAVE_STDINT_H 1
| #define HAVE_UNISTD_H 1
| #define HAVE_DLFCN_H 1
| #ifdef __cplusplus
| extern "C" void exit (int) throw ();
| #endif
| #define STDC_HEADERS 1
| #define HAVE_PTHREAD 1
| #define HAVE_UNISTD_H 1
| #define HAVE_POSIX_GETOPT
| #define HAVE_MYSQL_SSL_SET
| #define HAVE_LOCALTIME_R 1
| /* end confdefs.h.  */
| #include <slist>
| int
| main ()
| {
| slist<int> l
|   ;
|   return 0;
| }
configure:21270: g++ -c -g -O2  -I/data/home/jieping/workspace/poppy/thirdparty/mysql conftest.cc >&5
conftest.cc:29:17: error: slist: No such file or directory
conftest.cc: In function 'int main()':
conftest.cc:33: error: 'slist' is not a member of 'std'
conftest.cc:33: error: expected primary-expression before 'int'
conftest.cc:33: error: expected ';' before 'int'
configure:21276: $? = 1
configure: failed program was:
| /* confdefs.h.  */
| 
| #define PACKAGE_NAME "mysql++"
| #define PACKAGE_TARNAME "mysql++"
| #define PACKAGE_VERSION "3.2.1"
| #define PACKAGE_STRING "mysql++ 3.2.1"
| #define PACKAGE_BUGREPORT "plusplus@lists.mysql.com"
| #define STDC_HEADERS 1
| #define HAVE_SYS_TYPES_H 1
| #define HAVE_SYS_STAT_H 1
| #define HAVE_STDLIB_H 1
| #define HAVE_STRING_H 1
| #define HAVE_MEMORY_H 1
| #define HAVE_STRINGS_H 1
| #define HAVE_INTTYPES_H 1
| #define HAVE_STDINT_H 1
| #define HAVE_UNISTD_H 1
| #define HAVE_DLFCN_H 1
| #ifdef __cplusplus
| extern "C" void exit (int) throw ();
| #endif
| #define STDC_HEADERS 1
| #define HAVE_PTHREAD 1
| #define HAVE_UNISTD_H 1
| #define HAVE_POSIX_GETOPT
| #define HAVE_MYSQL_SSL_SET
| #define HAVE_LOCALTIME_R 1
| /* end confdefs.h.  */
| #include <slist>
| int
| main ()
| {
| std::slist<int> l
|   ;
|   return 0;
| }
configure:21325: g++ -c -g -O2  -I/data/home/jieping/workspace/poppy/thirdparty/mysql conftest.cc >&5
configure:21331: $? = 0
configure:21335: test -z 
			 || test ! -s conftest.err
configure:21338: $? = 0
configure:21341: test -s conftest.o
configure:21344: $? = 0
configure:21366: result: <ext/slist>, namespace __gnu_cxx
configure:21384: checking whether we are using the Intel C compiler
configure:21409: gcc -c -g -O2 -pthread  -I/data/home/jieping/workspace/poppy/thirdparty/mysql conftest.c >&5
conftest.c: In function 'main':
conftest.c:36: error: 'choke' undeclared (first use in this function)
conftest.c:36: error: (Each undeclared identifier is reported only once
conftest.c:36: error: for each function it appears in.)
conftest.c:36: error: expected ';' before 'me'
configure:21415: $? = 1
configure: failed program was:
| /* confdefs.h.  */
| 
| #define PACKAGE_NAME "mysql++"
| #define PACKAGE_TARNAME "mysql++"
| #define PACKAGE_VERSION "3.2.1"
| #define PACKAGE_STRING "mysql++ 3.2.1"
| #define PACKAGE_BUGREPORT "plusplus@lists.mysql.com"
| #define STDC_HEADERS 1
| #define HAVE_SYS_TYPES_H 1
| #define HAVE_SYS_STAT_H 1
| #define HAVE_STDLIB_H 1
| #define HAVE_STRING_H 1
| #define HAVE_MEMORY_H 1
| #define HAVE_STRINGS_H 1
| #define HAVE_INTTYPES_H 1
| #define HAVE_STDINT_H 1
| #define HAVE_UNISTD_H 1
| #define HAVE_DLFCN_H 1
| #ifdef __cplusplus
| extern "C" void exit (int) throw ();
| #endif
| #define STDC_HEADERS 1
| #define HAVE_PTHREAD 1
| #define HAVE_UNISTD_H 1
| #define HAVE_POSIX_GETOPT
| #define HAVE_MYSQL_SSL_SET
| #define HAVE_LOCALTIME_R 1
| #define HAVE_EXT_SLIST 1
| /* end confdefs.h.  */
| 
| int
| main ()
| {
| 
|              #ifndef __INTEL_COMPILER
|                 choke me
|              #endif
| 
|   ;
|   return 0;
| }
configure:21442: result: no
configure:22448: checking whether we are using the Intel C++ compiler
configure:22473: g++ -c -g -O2  -I/data/home/jieping/workspace/poppy/thirdparty/mysql conftest.cc >&5
conftest.cc: In function 'int main()':
conftest.cc:36: error: 'choke' was not declared in this scope
conftest.cc:36: error: expected ';' before 'me'
configure:22479: $? = 1
configure: failed program was:
| /* confdefs.h.  */
| 
| #define PACKAGE_NAME "mysql++"
| #define PACKAGE_TARNAME "mysql++"
| #define PACKAGE_VERSION "3.2.1"
| #define PACKAGE_STRING "mysql++ 3.2.1"
| #define PACKAGE_BUGREPORT "plusplus@lists.mysql.com"
| #define STDC_HEADERS 1
| #define HAVE_SYS_TYPES_H 1
| #define HAVE_SYS_STAT_H 1
| #define HAVE_STDLIB_H 1
| #define HAVE_STRING_H 1
| #define HAVE_MEMORY_H 1
| #define HAVE_STRINGS_H 1
| #define HAVE_INTTYPES_H 1
| #define HAVE_STDINT_H 1
| #define HAVE_UNISTD_H 1
| #define HAVE_DLFCN_H 1
| #ifdef __cplusplus
| extern "C" void exit (int) throw ();
| #endif
| #define STDC_HEADERS 1
| #define HAVE_PTHREAD 1
| #define HAVE_UNISTD_H 1
| #define HAVE_POSIX_GETOPT
| #define HAVE_MYSQL_SSL_SET
| #define HAVE_LOCALTIME_R 1
| #define HAVE_EXT_SLIST 1
| /* end confdefs.h.  */
| 
| int
| main ()
| {
| 
|              #ifndef __INTEL_COMPILER
|                 choke me
|              #endif
| 
|   ;
|   return 0;
| }
configure:22506: result: no
configure:23169: checking whether we are using the Sun C++ compiler
configure:23194: g++ -c -g -O2  -I/data/home/jieping/workspace/poppy/thirdparty/mysql conftest.cc >&5
conftest.cc: In function 'int main()':
conftest.cc:36: error: 'choke' was not declared in this scope
conftest.cc:36: error: expected ';' before 'me'
configure:23200: $? = 1
configure: failed program was:
| /* confdefs.h.  */
| 
| #define PACKAGE_NAME "mysql++"
| #define PACKAGE_TARNAME "mysql++"
| #define PACKAGE_VERSION "3.2.1"
| #define PACKAGE_STRING "mysql++ 3.2.1"
| #define PACKAGE_BUGREPORT "plusplus@lists.mysql.com"
| #define STDC_HEADERS 1
| #define HAVE_SYS_TYPES_H 1
| #define HAVE_SYS_STAT_H 1
| #define HAVE_STDLIB_H 1
| #define HAVE_STRING_H 1
| #define HAVE_MEMORY_H 1
| #define HAVE_STRINGS_H 1
| #define HAVE_INTTYPES_H 1
| #define HAVE_STDINT_H 1
| #define HAVE_UNISTD_H 1
| #define HAVE_DLFCN_H 1
| #ifdef __cplusplus
| extern "C" void exit (int) throw ();
| #endif
| #define STDC_HEADERS 1
| #define HAVE_PTHREAD 1
| #define HAVE_UNISTD_H 1
| #define HAVE_POSIX_GETOPT
| #define HAVE_MYSQL_SSL_SET
| #define HAVE_LOCALTIME_R 1
| #define HAVE_EXT_SLIST 1
| /* end confdefs.h.  */
| 
| int
| main ()
| {
| 
|              #ifndef __SUNPRO_CC
|                 choke me
|              #endif
| 
|   ;
|   return 0;
| }
configure:23227: result: no
configure:23559: checking for ranlib
configure:23586: result: ranlib
configure:23611: checking for a BSD-compatible install
configure:23666: result: /usr/bin/install -c
configure:23677: checking whether ln -s works
configure:23681: result: yes
configure:23689: checking whether make sets $(MAKE)
configure:23709: result: yes
configure:23770: checking for ar
configure:23797: result: ar
configure:23854: checking for strip
configure:23881: result: strip
configure:23934: checking for nm
configure:23961: result: /usr/bin/nm -B
configure:23986: checking if make is GNU make
configure:24000: result: yes
configure:25072: checking for dependency tracking method
configure:25086: result: gcc
configure:25633: creating ./config.status

## ---------------------- ##
## Running config.status. ##
## ---------------------- ##

This file was extended by mysql++ config.status 3.2.1, which was
generated by GNU Autoconf 2.59.  Invocation command line was

  CONFIG_FILES    = 
  CONFIG_HEADERS  = 
  CONFIG_LINKS    = 
  CONFIG_COMMANDS = 
  $ ./config.status 

on easyhin_t01

config.status:761: creating doc/userman/userman.dbx
config.status:761: creating install.hta
config.status:761: creating lib/Doxyfile
config.status:761: creating lib/mysql++.h
config.status:761: creating ssx/Doxyfile
config.status:761: creating abi.xml
config.status:761: creating mysql++.spec
config.status:761: creating Makefile
config.status:761: creating version
config.status:865: creating config.h
config.status:983: config.h is unchanged

## ---------------- ##
## Cache variables. ##
## ---------------- ##

ac_cv_build=x86_64-redhat-linux-gnu
ac_cv_build_alias=x86_64-redhat-linux-gnu
ac_cv_c_compiler_gnu=yes
ac_cv_cxx_compiler_gnu=yes
ac_cv_env_CC_set=
ac_cv_env_CC_value=
ac_cv_env_CFLAGS_set=
ac_cv_env_CFLAGS_value=
ac_cv_env_CPPFLAGS_set=
ac_cv_env_CPPFLAGS_value=
ac_cv_env_CPP_set=
ac_cv_env_CPP_value=
ac_cv_env_CXXCPP_set=
ac_cv_env_CXXCPP_value=
ac_cv_env_CXXFLAGS_set=
ac_cv_env_CXXFLAGS_value=
ac_cv_env_CXX_set=
ac_cv_env_CXX_value=
ac_cv_env_F77_set=
ac_cv_env_F77_value=
ac_cv_env_FFLAGS_set=
ac_cv_env_FFLAGS_value=
ac_cv_env_LDFLAGS_set=
ac_cv_env_LDFLAGS_value=
ac_cv_env_build_alias_set=
ac_cv_env_build_alias_value=
ac_cv_env_host_alias_set=
ac_cv_env_host_alias_value=
ac_cv_env_target_alias_set=
ac_cv_env_target_alias_value=
ac_cv_exeext=
ac_cv_f77_compiler_gnu=yes
ac_cv_func_getopt=yes
ac_cv_header_dlfcn_h=yes
ac_cv_header_inttypes_h=yes
ac_cv_header_memory_h=yes
ac_cv_header_stdc=yes
ac_cv_header_stdint_h=yes
ac_cv_header_stdlib_h=yes
ac_cv_header_string_h=yes
ac_cv_header_strings_h=yes
ac_cv_header_synch_h=no
ac_cv_header_sys_stat_h=yes
ac_cv_header_sys_types_h=yes
ac_cv_header_unistd_h=yes
ac_cv_host=x86_64-redhat-linux-gnu
ac_cv_host_alias=x86_64-redhat-linux-gnu
ac_cv_lib_intl_main=no
ac_cv_lib_mysqlclient_r___mysql_ssl_set=yes
ac_cv_objext=o
ac_cv_path_install='/usr/bin/install -c'
ac_cv_prog_CPP='gcc -E'
ac_cv_prog_CXXCPP='g++ -E'
ac_cv_prog_ac_ct_AR=ar
ac_cv_prog_ac_ct_CC=gcc
ac_cv_prog_ac_ct_CXX=g++
ac_cv_prog_ac_ct_F77=g77
ac_cv_prog_ac_ct_NM='/usr/bin/nm -B'
ac_cv_prog_ac_ct_RANLIB=ranlib
ac_cv_prog_ac_ct_STRIP=strip
ac_cv_prog_cc_g=yes
ac_cv_prog_cc_stdc=
ac_cv_prog_cxx_g=yes
ac_cv_prog_egrep='grep -E'
ac_cv_prog_f77_g=yes
ac_cv_prog_make_make_set=yes
ac_cv_target=x86_64-redhat-linux-gnu
ac_cv_target_alias=x86_64-redhat-linux-gnu
bakefile_cv_c_compiler___INTEL_COMPILER=no
bakefile_cv_cxx_compiler___INTEL_COMPILER=no
bakefile_cv_cxx_compiler___SUNPRO_CC=no
bakefile_cv_prog_makeisgnu=yes
lt_cv_deplibs_check_method=pass_all
lt_cv_file_magic_cmd='$MAGIC_CMD'
lt_cv_file_magic_test_file=
lt_cv_ld_reload_flag=-r
lt_cv_objdir=.libs
lt_cv_path_LD=/usr/bin/ld
lt_cv_path_NM='/usr/bin/nm -B'
lt_cv_path_SED=/bin/sed
lt_cv_prog_compiler_c_o=yes
lt_cv_prog_compiler_rtti_exceptions=no
lt_cv_prog_gnu_ld=yes
lt_cv_sys_global_symbol_pipe='sed -n -e '\''s/^.*[ 	]\([ABCDGIRSTW][ABCDGIRSTW]*\)[ 	][ 	]*\([_A-Za-z][_A-Za-z0-9]*\)$/\1 \2 \2/p'\'''
lt_cv_sys_global_symbol_to_c_name_address='sed -n -e '\''s/^: \([^ ]*\) $/  {\"\1\", (lt_ptr) 0},/p'\'' -e '\''s/^[BCDEGRST] \([^ ]*\) \([^ ]*\)$/  {"\2", (lt_ptr) \&\2},/p'\'''
lt_cv_sys_global_symbol_to_cdecl='sed -n -e '\''s/^. .* \(.*\)$/extern int \1;/p'\'''
lt_cv_sys_max_cmd_len=32768

## ----------------- ##
## Output variables. ##
## ----------------- ##

AIX_CXX_LD=''
AR='ar'
AROPTIONS='rcu'
BK_DEPS='/data/home/jieping/workspace/poppy/thirdparty/mysql++-3.2.1/bk-deps'
CC='gcc'
CFLAGS='-g -O2 -pthread'
COND_BUILD_debug='#'
COND_BUILD_release='#'
COND_DEPS_TRACKING_0='#'
COND_DEPS_TRACKING_1=''
COND_PLATFORM_MACOSX_0_USE_SOVERCYGWIN_0_USE_SOVERSION_1=''
COND_PLATFORM_MACOSX_0_USE_SOVERSION_1=''
COND_PLATFORM_MACOSX_1='#'
COND_PLATFORM_MACOSX_1_USE_SOVERSION_1='#'
COND_PLATFORM_MAC_0=''
COND_PLATFORM_MAC_1='#'
COND_PLATFORM_OS2_1='#'
COND_USE_SOTWOSYMLINKS_1=''
COND_USE_SOVERCYGWIN_1_USE_SOVERSION_1='#'
COND_USE_SOVERLINUX_1=''
COND_USE_SOVERSION_0='#'
COND_USE_SOVERSION_1_USE_SOVERSOLARIS_1='#'
COND_USE_SOVERSOLARIS_1='#'
COND_WINDOWS_IMPLIB_1='#'
CPP='gcc -E'
CPPFLAGS=' -I/data/home/jieping/workspace/poppy/thirdparty/mysql'
CXX='g++'
CXXCPP='g++ -E'
CXXFLAGS='-g -O2'
DEFS='-DHAVE_CONFIG_H'
DEPS_TRACKING='1'
DLLIMP_SUFFIX='so'
DLLPREFIX='lib'
DLLPREFIX_MODULE=''
ECHO='echo'
ECHO_C=''
ECHO_N='-n'
ECHO_T=''
EGREP='grep -E'
EXEEXT=''
F77='g77'
FFLAGS='-g -O2'
IF_GNU_MAKE=''
INSTALL_DATA='${INSTALL} -m 644'
INSTALL_DIR='mkdir -p'
INSTALL_PROGRAM='${INSTALL}'
INSTALL_SCRIPT='${INSTALL}'
LDFLAGS=' -L/data/home/jieping/workspace/poppy/build64_release/thirdparty/mysql/lib64'
LDFLAGS_GUI=''
LIBEXT='.a'
LIBOBJS=''
LIBPREFIX='lib'
LIBS=' '
LIBTOOL='$(SHELL) $(top_builddir)/libtool'
LIBTOOL_DEPS='./ltmain.sh'
LN_S='ln -s'
LTLIBOBJS=''
MAKE_SET=''
MYSQLPP_EXTRA_LIBS=''
MYSQLPP_VERSION_BUGFIX='1'
MYSQLPP_VERSION_MAJOR='3'
MYSQLPP_VERSION_MINOR='2'
MYSQL_C_INC_DIR='/data/home/jieping/workspace/poppy/thirdparty/mysql'
MYSQL_C_LIB_DIR='/data/home/jieping/workspace/poppy/build64_release/thirdparty/mysql/lib64'
MYSQL_C_LIB_NAME='mysqlclient_r'
NM='/usr/bin/nm -B'
OBJCXXFLAGS=''
OBJEXT='o'
PACKAGE_BUGREPORT='plusplus@lists.mysql.com'
PACKAGE_NAME='mysql++'
PACKAGE_STRING='mysql++ 3.2.1'
PACKAGE_TARNAME='mysql++'
PACKAGE_VERSION='3.2.1'
PATH_SEPARATOR=':'
PIC_FLAG='-fPIC -DPIC'
PLATFORM_BEOS='0'
PLATFORM_MAC='0'
PLATFORM_MACOS='0'
PLATFORM_MACOSX='0'
PLATFORM_MSDOS='0'
PLATFORM_OS2='0'
PLATFORM_UNIX='1'
PLATFORM_WIN32='0'
PTHREAD_CC='gcc'
PTHREAD_CFLAGS='-pthread'
PTHREAD_LIBS=''
RANLIB='ranlib'
REZ=''
SED='/bin/sed'
SETFILE=''
SET_MAKE=''
SHARED_LD_CC='$(CC) -shared -fPIC -o'
SHARED_LD_CXX='$(CXX) -shared -fPIC -o'
SHARED_LD_MODULE_CC='$(CC) -shared -fPIC -o'
SHARED_LD_MODULE_CXX='$(CXX) -shared -fPIC -o'
SHELL='/bin/sh'
SONAME_FLAG='-Wl,-soname,'
SO_SUFFIX='so'
SO_SUFFIX_MODULE='so'
STRIP='strip'
USE_MACVERSION='0'
USE_SOTWOSYMLINKS='1'
USE_SOVERCYGWIN='0'
USE_SOVERLINUX='1'
USE_SOVERSION='1'
USE_SOVERSOLARIS='0'
WINDOWS_IMPLIB='0'
WINDRES=''
ac_ct_AR='ar'
ac_ct_CC='gcc'
ac_ct_CXX='g++'
ac_ct_F77='g77'
ac_ct_NM='/usr/bin/nm -B'
ac_ct_RANLIB='ranlib'
ac_ct_STRIP='strip'
ac_ct_WINDRES=''
acx_pthread_config=''
bindir='${exec_prefix}/bin'
build='x86_64-redhat-linux-gnu'
build_alias=''
build_cpu='x86_64'
build_os='linux-gnu'
build_vendor='redhat'
datadir='${prefix}/share'
dlldir='${exec_prefix}/lib'
exec_prefix='${prefix}'
host='x86_64-redhat-linux-gnu'
host_alias=''
host_cpu='x86_64'
host_os='linux-gnu'
host_vendor='redhat'
includedir='${prefix}/include'
infodir='${prefix}/info'
libdir='${exec_prefix}/lib'
libexecdir='${exec_prefix}/libexec'
localstatedir='${prefix}/var'
mandir='${prefix}/man'
oldincludedir='/usr/include'
prefix='/usr/local'
program_transform_name='s,x,x,'
sbindir='${exec_prefix}/sbin'
sharedstatedir='${prefix}/com'
sysconfdir='${prefix}/etc'
target='x86_64-redhat-linux-gnu'
target_alias=''
target_cpu='x86_64'
target_os='linux-gnu'
target_vendor='redhat'

## ----------- ##
## confdefs.h. ##
## ----------- ##

#define HAVE_DLFCN_H 1
#define HAVE_EXT_SLIST 1
#define HAVE_INTTYPES_H 1
#define HAVE_LOCALTIME_R 1
#define HAVE_MEMORY_H 1
#define HAVE_MYSQL_SSL_SET
#define HAVE_POSIX_GETOPT
#define HAVE_PTHREAD 1
#define HAVE_STDINT_H 1
#define HAVE_STDLIB_H 1
#define HAVE_STRINGS_H 1
#define HAVE_STRING_H 1
#define HAVE_SYS_STAT_H 1
#define HAVE_SYS_TYPES_H 1
#define HAVE_UNISTD_H 1
#define HAVE_UNISTD_H 1
#define PACKAGE_BUGREPORT "plusplus@lists.mysql.com"
#define PACKAGE_NAME "mysql++"
#define PACKAGE_STRING "mysql++ 3.2.1"
#define PACKAGE_TARNAME "mysql++"
#define PACKAGE_VERSION "3.2.1"
#define STDC_HEADERS 1
#define STDC_HEADERS 1
#endif
#ifdef __cplusplus
extern "C" void exit (int) throw ();

configure: exit 0
