This file contains any messages produced by compilers while
running configure, to aid debugging if configure makes a mistake.

It was created by cgicc configure 3.2.15, which was
generated by GNU Autoconf 2.69.  Invocation command line was

  $ ./configure 

## --------- ##
## Platform. ##
## --------- ##

hostname = easyhin_t01
uname -m = x86_64
uname -r = 2.6.32.57-tlinux_xenU-1.1.rc10.qcloud-qcloud
uname -s = Linux
uname -v = #1 SMP Fri May 17 10:53:10 CST 2013

/usr/bin/uname -p = unknown
/bin/uname -X     = unknown

/bin/arch              = x86_64
/usr/bin/arch -k       = unknown
/usr/convex/getsysinfo = unknown
/usr/bin/hostinfo      = unknown
/bin/machine           = unknown
/usr/bin/oslevel       = unknown
/bin/universe          = unknown

PATH: /usr/local/bin
PATH: /bin
PATH: /usr/bin
PATH: /usr/local/sbin
PATH: /usr/sbin
PATH: /sbin
PATH: /data/home/jieping/bin


## ----------- ##
## Core tests. ##
## ----------- ##

configure:2523: checking for a BSD-compatible install
configure:2591: result: /usr/bin/install -c
configure:2602: checking whether build environment is sane
configure:2657: result: yes
configure:2808: checking for a thread-safe mkdir -p
configure:2847: result: /bin/mkdir -p
configure:2854: checking for gawk
configure:2870: found /bin/gawk
configure:2881: result: gawk
configure:2892: checking whether make sets $(MAKE)
configure:2914: result: yes
configure:2943: checking whether make supports nested variables
configure:2960: result: yes
configure:3154: checking for g++
configure:3170: found /usr/bin/g++
configure:3181: result: g++
configure:3208: checking for C++ compiler version
configure:3217: g++ --version >&5
g++ (GCC) 4.4.6 20110731 (Red Hat 4.4.6-3)
Copyright (C) 2010 Free Software Foundation, Inc.
This is free software; see the source for copying conditions.  There is NO
warranty; not even for MERCHANTABILITY or FITNESS FOR A PARTICULAR PURPOSE.

configure:3228: $? = 0
configure:3217: g++ -v >&5
Using built-in specs.
Target: x86_64-redhat-linux
Configured with: ../configure --prefix=/usr --mandir=/usr/share/man --infodir=/usr/share/info --with-bugurl=http://bugzilla.redhat.com/bugzilla --enable-bootstrap --enable-shared --enable-threads=posix --enable-checking=release --with-system-zlib --enable-__cxa_atexit --disable-libunwind-exceptions --enable-gnu-unique-object --enable-languages=c,c++,objc,obj-c++,java,fortran,ada --enable-java-awt=gtk --disable-dssi --with-java-home=/usr/lib/jvm/java-1.5.0-gcj-1.5.0.0/jre --enable-libgcj-multifile --enable-java-maintainer-mode --with-ecj-jar=/usr/share/java/eclipse-ecj.jar --disable-libjava-multilib --with-ppl --with-cloog --with-tune=generic --with-arch_32=i686 --build=x86_64-redhat-linux
Thread model: posix
gcc version 4.4.6 20110731 (Red Hat 4.4.6-3) (GCC) 
configure:3228: $? = 0
configure:3217: g++ -V >&5
g++: '-V' option must have argument
configure:3228: $? = 1
configure:3217: g++ -qversion >&5
g++: unrecognized option '-qversion'
g++: no input files
configure:3228: $? = 1
configure:3248: checking whether the C++ compiler works
configure:3270: g++    conftest.cpp  >&5
configure:3274: $? = 0
configure:3322: result: yes
configure:3325: checking for C++ compiler default output file name
configure:3327: result: a.out
configure:3333: checking for suffix of executables
configure:3340: g++ -o conftest    conftest.cpp  >&5
configure:3344: $? = 0
configure:3366: result: 
configure:3388: checking whether we are cross compiling
configure:3396: g++ -o conftest    conftest.cpp  >&5
configure:3400: $? = 0
configure:3407: ./conftest
configure:3411: $? = 0
configure:3426: result: no
configure:3431: checking for suffix of object files
configure:3453: g++ -c   conftest.cpp >&5
configure:3457: $? = 0
configure:3478: result: o
configure:3482: checking whether we are using the GNU C++ compiler
configure:3501: g++ -c   conftest.cpp >&5
configure:3501: $? = 0
configure:3510: result: yes
configure:3519: checking whether g++ accepts -g
configure:3539: g++ -c -g  conftest.cpp >&5
configure:3539: $? = 0
configure:3580: result: yes
configure:3614: checking for style of include used by make
configure:3642: result: GNU
configure:3668: checking dependency style of g++
configure:3779: result: gcc3
configure:3824: checking build system type
configure:3838: result: x86_64-unknown-linux-gnu
configure:3858: checking host system type
configure:3871: result: x86_64-unknown-linux-gnu
configure:3912: checking how to print strings
configure:3939: result: printf
configure:4008: checking for gcc
configure:4024: found /usr/bin/gcc
configure:4035: result: gcc
configure:4264: checking for C compiler version
configure:4273: gcc --version >&5
gcc (GCC) 4.4.6 20110731 (Red Hat 4.4.6-3)
Copyright (C) 2010 Free Software Foundation, Inc.
This is free software; see the source for copying conditions.  There is NO
warranty; not even for MERCHANTABILITY or FITNESS FOR A PARTICULAR PURPOSE.

configure:4284: $? = 0
configure:4273: gcc -v >&5
Using built-in specs.
Target: x86_64-redhat-linux
Configured with: ../configure --prefix=/usr --mandir=/usr/share/man --infodir=/usr/share/info --with-bugurl=http://bugzilla.redhat.com/bugzilla --enable-bootstrap --enable-shared --enable-threads=posix --enable-checking=release --with-system-zlib --enable-__cxa_atexit --disable-libunwind-exceptions --enable-gnu-unique-object --enable-languages=c,c++,objc,obj-c++,java,fortran,ada --enable-java-awt=gtk --disable-dssi --with-java-home=/usr/lib/jvm/java-1.5.0-gcj-1.5.0.0/jre --enable-libgcj-multifile --enable-java-maintainer-mode --with-ecj-jar=/usr/share/java/eclipse-ecj.jar --disable-libjava-multilib --with-ppl --with-cloog --with-tune=generic --with-arch_32=i686 --build=x86_64-redhat-linux
Thread model: posix
gcc version 4.4.6 20110731 (Red Hat 4.4.6-3) (GCC) 
configure:4284: $? = 0
configure:4273: gcc -V >&5
gcc: '-V' option must have argument
configure:4284: $? = 1
configure:4273: gcc -qversion >&5
gcc: unrecognized option '-qversion'
gcc: no input files
configure:4284: $? = 1
configure:4288: checking whether we are using the GNU C compiler
configure:4307: gcc -c   conftest.c >&5
configure:4307: $? = 0
configure:4316: result: yes
configure:4325: checking whether gcc accepts -g
configure:4345: gcc -c -g  conftest.c >&5
configure:4345: $? = 0
configure:4386: result: yes
configure:4403: checking for gcc option to accept ISO C89
configure:4466: gcc  -c -g -O2  conftest.c >&5
configure:4466: $? = 0
configure:4479: result: none needed
configure:4504: checking whether gcc understands -c and -o together
configure:4526: gcc -c conftest.c -o conftest2.o
configure:4529: $? = 0
configure:4526: gcc -c conftest.c -o conftest2.o
configure:4529: $? = 0
configure:4541: result: yes
configure:4560: checking dependency style of gcc
configure:4671: result: gcc3
configure:4686: checking for a sed that does not truncate output
configure:4750: result: /bin/sed
configure:4768: checking for grep that handles long lines and -e
configure:4826: result: /bin/grep
configure:4831: checking for egrep
configure:4893: result: /bin/grep -E
configure:4898: checking for fgrep
configure:4960: result: /bin/grep -F
configure:4995: checking for ld used by gcc
configure:5062: result: /usr/bin/ld
configure:5069: checking if the linker (/usr/bin/ld) is GNU ld
configure:5084: result: yes
configure:5096: checking for BSD- or MS-compatible name lister (nm)
configure:5145: result: /usr/bin/nm -B
configure:5275: checking the name lister (/usr/bin/nm -B) interface
configure:5282: g++ -c -g -O2  conftest.cpp >&5
configure:5285: /usr/bin/nm -B "conftest.o"
configure:5288: output
0000000000000000 B some_variable
configure:5295: result: BSD nm
configure:5298: checking whether ln -s works
configure:5302: result: yes
configure:5310: checking the maximum length of command line arguments
configure:5441: result: 1572864
configure:5458: checking whether the shell understands some XSI constructs
configure:5468: result: yes
configure:5472: checking whether the shell understands "+="
configure:5478: result: yes
configure:5513: checking how to convert x86_64-unknown-linux-gnu file names to x86_64-unknown-linux-gnu format
configure:5553: result: func_convert_file_noop
configure:5560: checking how to convert x86_64-unknown-linux-gnu file names to toolchain format
configure:5580: result: func_convert_file_noop
configure:5587: checking for /usr/bin/ld option to reload object files
configure:5594: result: -r
configure:5668: checking for objdump
configure:5684: found /usr/bin/objdump
configure:5695: result: objdump
configure:5727: checking how to recognize dependent libraries
configure:5925: result: pass_all
configure:6010: checking for dlltool
configure:6040: result: no
configure:6070: checking how to associate runtime and link libraries
configure:6097: result: printf %s\n
configure:6158: checking for ar
configure:6174: found /usr/bin/ar
configure:6185: result: ar
configure:6222: checking for archiver @FILE support
configure:6239: g++ -c -g -O2  conftest.cpp >&5
configure:6239: $? = 0
configure:6242: ar cru libconftest.a @conftest.lst >&5
configure:6245: $? = 0
configure:6250: ar cru libconftest.a @conftest.lst >&5
ar: conftest.o: No such file or directory
configure:6253: $? = 1
configure:6265: result: @
configure:6323: checking for strip
configure:6339: found /usr/bin/strip
configure:6350: result: strip
configure:6422: checking for ranlib
configure:6438: found /usr/bin/ranlib
configure:6449: result: ranlib
configure:6551: checking command to parse /usr/bin/nm -B output from gcc object
configure:6671: g++ -c -g -O2  conftest.cpp >&5
configure:6674: $? = 0
configure:6678: /usr/bin/nm -B conftest.o \| sed -n -e 's/^.*[ ]\([ABCDGIRSTW][ABCDGIRSTW]*\)[ ][ ]*\([_A-Za-z][_A-Za-z0-9]*\)$/\1 \2 \2/p' | sed '/ __gnu_lto/d' \> conftest.nm
configure:6681: $? = 0
configure:6747: g++ -o conftest -g -O2   conftest.cpp conftstm.o >&5
configure:6750: $? = 0
configure:6788: result: ok
configure:6825: checking for sysroot
configure:6855: result: no
configure:6933: g++ -c -g -O2  conftest.cpp >&5
configure:6936: $? = 0
configure:7119: checking for mt
configure:7149: result: no
configure:7169: checking if : is a manifest tool
configure:7175: : '-?'
configure:7183: result: no
configure:7825: checking how to run the C preprocessor
configure:7856: gcc -E  conftest.c
configure:7856: $? = 0
configure:7870: gcc -E  conftest.c
conftest.c:11:28: error: ac_nonexistent.h: No such file or directory
configure:7870: $? = 1
configure: failed program was:
| /* confdefs.h */
| #define PACKAGE_NAME "cgicc"
| #define PACKAGE_TARNAME "cgicc"
| #define PACKAGE_VERSION "3.2.15"
| #define PACKAGE_STRING "cgicc 3.2.15"
| #define PACKAGE_BUGREPORT "sebastien.diaz@gmail.com"
| #define PACKAGE_URL ""
| #define PACKAGE "cgicc"
| #define VERSION "3.2.15"
| /* end confdefs.h.  */
| #include <ac_nonexistent.h>
configure:7895: result: gcc -E
configure:7915: gcc -E  conftest.c
configure:7915: $? = 0
configure:7929: gcc -E  conftest.c
conftest.c:11:28: error: ac_nonexistent.h: No such file or directory
configure:7929: $? = 1
configure: failed program was:
| /* confdefs.h */
| #define PACKAGE_NAME "cgicc"
| #define PACKAGE_TARNAME "cgicc"
| #define PACKAGE_VERSION "3.2.15"
| #define PACKAGE_STRING "cgicc 3.2.15"
| #define PACKAGE_BUGREPORT "sebastien.diaz@gmail.com"
| #define PACKAGE_URL ""
| #define PACKAGE "cgicc"
| #define VERSION "3.2.15"
| /* end confdefs.h.  */
| #include <ac_nonexistent.h>
configure:7958: checking for ANSI C header files
configure:7978: gcc -c -g -O2  conftest.c >&5
configure:7978: $? = 0
configure:8051: gcc -o conftest -g -O2   conftest.c  >&5
configure:8051: $? = 0
configure:8051: ./conftest
configure:8051: $? = 0
configure:8062: result: yes
configure:8075: checking for sys/types.h
configure:8075: gcc -c -g -O2  conftest.c >&5
configure:8075: $? = 0
configure:8075: result: yes
configure:8075: checking for sys/stat.h
configure:8075: gcc -c -g -O2  conftest.c >&5
configure:8075: $? = 0
configure:8075: result: yes
configure:8075: checking for stdlib.h
configure:8075: gcc -c -g -O2  conftest.c >&5
configure:8075: $? = 0
configure:8075: result: yes
configure:8075: checking for string.h
configure:8075: gcc -c -g -O2  conftest.c >&5
configure:8075: $? = 0
configure:8075: result: yes
configure:8075: checking for memory.h
configure:8075: gcc -c -g -O2  conftest.c >&5
configure:8075: $? = 0
configure:8075: result: yes
configure:8075: checking for strings.h
configure:8075: gcc -c -g -O2  conftest.c >&5
configure:8075: $? = 0
configure:8075: result: yes
configure:8075: checking for inttypes.h
configure:8075: gcc -c -g -O2  conftest.c >&5
configure:8075: $? = 0
configure:8075: result: yes
configure:8075: checking for stdint.h
configure:8075: gcc -c -g -O2  conftest.c >&5
configure:8075: $? = 0
configure:8075: result: yes
configure:8075: checking for unistd.h
configure:8075: gcc -c -g -O2  conftest.c >&5
configure:8075: $? = 0
configure:8075: result: yes
configure:8089: checking for dlfcn.h
configure:8089: gcc -c -g -O2  conftest.c >&5
configure:8089: $? = 0
configure:8089: result: yes
configure:8305: checking for objdir
configure:8320: result: .libs
configure:8591: checking if gcc supports -fno-rtti -fno-exceptions
configure:8609: gcc -c -g -O2  -fno-rtti -fno-exceptions conftest.c >&5
cc1: warning: command line option "-fno-rtti" is valid for C++/ObjC++ but not for C
configure:8613: $? = 0
configure:8626: result: no
configure:8953: checking for gcc option to produce PIC
configure:8960: result: -fPIC -DPIC
configure:8968: checking if gcc PIC flag -fPIC -DPIC works
configure:8986: gcc -c -g -O2  -fPIC -DPIC -DPIC conftest.c >&5
configure:8990: $? = 0
configure:9003: result: yes
configure:9032: checking if gcc static flag -static works
configure:9060: result: yes
configure:9075: checking if gcc supports -c -o file.o
configure:9096: gcc -c -g -O2  -o out/conftest2.o conftest.c >&5
configure:9100: $? = 0
configure:9122: result: yes
configure:9130: checking if gcc supports -c -o file.o
configure:9177: result: yes
configure:9210: checking whether the gcc linker (/usr/bin/ld -m elf_x86_64) supports shared libraries
configure:10367: result: yes
configure:10404: checking whether -lc should be explicitly linked in
configure:10412: gcc -c -g -O2  conftest.c >&5
configure:10415: $? = 0
configure:10430: gcc -shared  -fPIC -DPIC conftest.o  -v -Wl,-soname -Wl,conftest -o conftest 2\>\&1 \| /bin/grep  -lc  \>/dev/null 2\>\&1
configure:10433: $? = 0
configure:10447: result: no
configure:10607: checking dynamic linker characteristics
configure:11107: gcc -o conftest -g -O2   -Wl,-rpath -Wl,/foo conftest.c  >&5
configure:11107: $? = 0
configure:11341: result: GNU/Linux ld.so
configure:11448: checking how to hardcode library paths into programs
configure:11473: result: immediate
configure:12013: checking whether stripping libraries is possible
configure:12018: result: yes
configure:12053: checking if libtool supports shared libraries
configure:12055: result: yes
configure:12058: checking whether to build shared libraries
configure:12079: result: yes
configure:12082: checking whether to build static libraries
configure:12086: result: yes
configure:12109: checking how to run the C++ preprocessor
configure:12136: g++ -E  conftest.cpp
configure:12136: $? = 0
configure:12150: g++ -E  conftest.cpp
conftest.cpp:23:28: error: ac_nonexistent.h: No such file or directory
configure:12150: $? = 1
configure: failed program was:
| /* confdefs.h */
| #define PACKAGE_NAME "cgicc"
| #define PACKAGE_TARNAME "cgicc"
| #define PACKAGE_VERSION "3.2.15"
| #define PACKAGE_STRING "cgicc 3.2.15"
| #define PACKAGE_BUGREPORT "sebastien.diaz@gmail.com"
| #define PACKAGE_URL ""
| #define PACKAGE "cgicc"
| #define VERSION "3.2.15"
| #define STDC_HEADERS 1
| #define HAVE_SYS_TYPES_H 1
| #define HAVE_SYS_STAT_H 1
| #define HAVE_STDLIB_H 1
| #define HAVE_STRING_H 1
| #define HAVE_MEMORY_H 1
| #define HAVE_STRINGS_H 1
| #define HAVE_INTTYPES_H 1
| #define HAVE_STDINT_H 1
| #define HAVE_UNISTD_H 1
| #define HAVE_DLFCN_H 1
| #define LT_OBJDIR ".libs/"
| /* end confdefs.h.  */
| #include <ac_nonexistent.h>
configure:12175: result: g++ -E
configure:12195: g++ -E  conftest.cpp
configure:12195: $? = 0
configure:12209: g++ -E  conftest.cpp
conftest.cpp:23:28: error: ac_nonexistent.h: No such file or directory
configure:12209: $? = 1
configure: failed program was:
| /* confdefs.h */
| #define PACKAGE_NAME "cgicc"
| #define PACKAGE_TARNAME "cgicc"
| #define PACKAGE_VERSION "3.2.15"
| #define PACKAGE_STRING "cgicc 3.2.15"
| #define PACKAGE_BUGREPORT "sebastien.diaz@gmail.com"
| #define PACKAGE_URL ""
| #define PACKAGE "cgicc"
| #define VERSION "3.2.15"
| #define STDC_HEADERS 1
| #define HAVE_SYS_TYPES_H 1
| #define HAVE_SYS_STAT_H 1
| #define HAVE_STDLIB_H 1
| #define HAVE_STRING_H 1
| #define HAVE_MEMORY_H 1
| #define HAVE_STRINGS_H 1
| #define HAVE_INTTYPES_H 1
| #define HAVE_STDINT_H 1
| #define HAVE_UNISTD_H 1
| #define HAVE_DLFCN_H 1
| #define LT_OBJDIR ".libs/"
| /* end confdefs.h.  */
| #include <ac_nonexistent.h>
configure:12378: checking for ld used by g++
configure:12445: result: /usr/bin/ld -m elf_x86_64
configure:12452: checking if the linker (/usr/bin/ld -m elf_x86_64) is GNU ld
configure:12467: result: yes
configure:12522: checking whether the g++ linker (/usr/bin/ld -m elf_x86_64) supports shared libraries
configure:13524: result: yes
configure:13560: g++ -c -g -O2  conftest.cpp >&5
configure:13563: $? = 0
configure:14083: checking for g++ option to produce PIC
configure:14090: result: -fPIC -DPIC
configure:14098: checking if g++ PIC flag -fPIC -DPIC works
configure:14116: g++ -c -g -O2  -fPIC -DPIC -DPIC conftest.cpp >&5
configure:14120: $? = 0
configure:14133: result: yes
configure:14156: checking if g++ static flag -static works
configure:14184: result: yes
configure:14196: checking if g++ supports -c -o file.o
configure:14217: g++ -c -g -O2  -o out/conftest2.o conftest.cpp >&5
configure:14221: $? = 0
configure:14243: result: yes
configure:14248: checking if g++ supports -c -o file.o
configure:14295: result: yes
configure:14325: checking whether the g++ linker (/usr/bin/ld -m elf_x86_64) supports shared libraries
configure:14364: result: yes
configure:14505: checking dynamic linker characteristics
configure:15173: result: GNU/Linux ld.so
configure:15226: checking how to hardcode library paths into programs
configure:15251: result: immediate
configure:15314: checking for doxygen
configure:15342: result: /bin/echo
configure:15356: checking for gethostbyaddr in -lnsl
configure:15381: g++ -o conftest -g -O2   conftest.cpp -lnsl   >&5
configure:15381: $? = 0
configure:15390: result: yes
configure:15403: checking sys/time.h usability
configure:15403: g++ -c -g -O2  conftest.cpp >&5
configure:15403: $? = 0
configure:15403: result: yes
configure:15403: checking sys/time.h presence
configure:15403: g++ -E  conftest.cpp
configure:15403: $? = 0
configure:15403: result: yes
configure:15403: checking for sys/time.h
configure:15403: result: yes
configure:15403: checking sys/utsname.h usability
configure:15403: g++ -c -g -O2  conftest.cpp >&5
configure:15403: $? = 0
configure:15403: result: yes
configure:15403: checking sys/utsname.h presence
configure:15403: g++ -E  conftest.cpp
configure:15403: $? = 0
configure:15403: result: yes
configure:15403: checking for sys/utsname.h
configure:15403: result: yes
configure:15421: checking whether the C++ compiler (g++) is aCC
configure:15434: result: no
configure:15443: checking whether the compiler implements namespaces
configure:15466: g++ -c -g -O2  conftest.cpp >&5
configure:15466: $? = 0
configure:15480: result: yes
configure:15489: checking whether the compiler supports Standard Template Library
configure:15518: g++ -c -g -O2  conftest.cpp >&5
configure:15518: $? = 0
configure:15532: result: yes
configure:15541: checking maximum C++ compiler warning level
configure:15547: result: -Wall -W -pedantic
configure:15554: checking for gettimeofday
configure:15554: g++ -o conftest -Wall -W -pedantic -g -O2   conftest.cpp  >&5
configure:15554: $? = 0
configure:15554: result: yes
configure:15554: checking for uname
configure:15554: g++ -o conftest -Wall -W -pedantic -g -O2   conftest.cpp  >&5
configure:15554: $? = 0
configure:15554: result: yes
configure:15575: checking whether to build the cgicc demos
configure:15577: result: yes
configure:15593: checking for gethostbyaddr
configure:15593: g++ -o conftest -Wall -W -pedantic -g -O2   conftest.cpp  >&5
configure:15593: $? = 0
configure:15593: result: yes
configure:15604: checking for gethostbyname
configure:15604: g++ -o conftest -Wall -W -pedantic -g -O2   conftest.cpp  >&5
configure:15604: $? = 0
configure:15604: result: yes
configure:15615: checking for inet_ntoa
configure:15615: g++ -o conftest -Wall -W -pedantic -g -O2   conftest.cpp  >&5
configure:15615: $? = 0
configure:15615: result: yes
configure:15626: checking arpa/inet.h usability
configure:15626: g++ -c -Wall -W -pedantic -g -O2  conftest.cpp >&5
configure:15626: $? = 0
configure:15626: result: yes
configure:15626: checking arpa/inet.h presence
configure:15626: g++ -E  conftest.cpp
configure:15626: $? = 0
configure:15626: result: yes
configure:15626: checking for arpa/inet.h
configure:15626: result: yes
configure:15638: checking netdb.h usability
configure:15638: g++ -c -Wall -W -pedantic -g -O2  conftest.cpp >&5
configure:15638: $? = 0
configure:15638: result: yes
configure:15638: checking netdb.h presence
configure:15638: g++ -E  conftest.cpp
configure:15638: $? = 0
configure:15638: result: yes
configure:15638: checking for netdb.h
configure:15638: result: yes
configure:15650: checking netinet/in.h usability
configure:15650: g++ -c -Wall -W -pedantic -g -O2  conftest.cpp >&5
configure:15650: $? = 0
configure:15650: result: yes
configure:15650: checking netinet/in.h presence
configure:15650: g++ -E  conftest.cpp
configure:15650: $? = 0
configure:15650: result: yes
configure:15650: checking for netinet/in.h
configure:15650: result: yes
configure:15662: checking sys/socket.h usability
configure:15662: g++ -c -Wall -W -pedantic -g -O2  conftest.cpp >&5
configure:15662: $? = 0
configure:15662: result: yes
configure:15662: checking sys/socket.h presence
configure:15662: g++ -E  conftest.cpp
configure:15662: $? = 0
configure:15662: result: yes
configure:15662: checking for sys/socket.h
configure:15662: result: yes
configure:15672: checking for stdbool.h that conforms to C99
configure:15739: g++ -c -Wall -W -pedantic -g -O2  conftest.cpp >&5
conftest.cpp:63: error: array bound is not an integer constant before ']' token
conftest.cpp:65: error: array bound is not an integer constant before ']' token
conftest.cpp: In function 'int main()':
conftest.cpp:86: warning: the address of 's' will always evaluate as 'true'
conftest.cpp:90: warning: the address of 'a' will always evaluate as 'true'
conftest.cpp:90: warning: the address of 'b' will always evaluate as 'true'
conftest.cpp:90: warning: the address of 'c' will always evaluate as 'true'
conftest.cpp:90: error: 'd' was not declared in this scope
conftest.cpp:90: error: 'f' was not declared in this scope
conftest.cpp:90: warning: the address of 'g' will always evaluate as 'true'
conftest.cpp:90: warning: the address of 'h' will always evaluate as 'true'
conftest.cpp:90: warning: the address of 'i' will always evaluate as 'true'
conftest.cpp:91: warning: the address of 'n' will always evaluate as 'true'
conftest.cpp:91: warning: the address of 'o' will always evaluate as 'true'
conftest.cpp:91: warning: the address of 'p' will always evaluate as 'true'
configure:15739: $? = 1
configure: failed program was:
| /* confdefs.h */
| #define PACKAGE_NAME "cgicc"
| #define PACKAGE_TARNAME "cgicc"
| #define PACKAGE_VERSION "3.2.15"
| #define PACKAGE_STRING "cgicc 3.2.15"
| #define PACKAGE_BUGREPORT "sebastien.diaz@gmail.com"
| #define PACKAGE_URL ""
| #define PACKAGE "cgicc"
| #define VERSION "3.2.15"
| #define STDC_HEADERS 1
| #define HAVE_SYS_TYPES_H 1
| #define HAVE_SYS_STAT_H 1
| #define HAVE_STDLIB_H 1
| #define HAVE_STRING_H 1
| #define HAVE_MEMORY_H 1
| #define HAVE_STRINGS_H 1
| #define HAVE_INTTYPES_H 1
| #define HAVE_STDINT_H 1
| #define HAVE_UNISTD_H 1
| #define HAVE_DLFCN_H 1
| #define LT_OBJDIR ".libs/"
| #define HAVE_SYS_TIME_H 1
| #define HAVE_SYS_UTSNAME_H 1
| #define HOST "x86_64-unknown-linux-gnu"
| #define HAVE_NAMESPACES /**/
| #define HAVE_STL /**/
| #define HAVE_GETTIMEOFDAY 1
| #define HAVE_UNAME 1
| #define HAVE_GETHOSTBYADDR 1
| #define HAVE_GETHOSTBYNAME 1
| #define HAVE_INET_NTOA 1
| #define HAVE_ARPA_INET_H 1
| #define HAVE_NETDB_H 1
| #define HAVE_NETINET_IN_H 1
| #define HAVE_SYS_SOCKET_H 1
| /* end confdefs.h.  */
| 
|              #include <stdbool.h>
|              #ifndef bool
|               "error: bool is not defined"
|              #endif
|              #ifndef false
|               "error: false is not defined"
|              #endif
|              #if false
|               "error: false is not 0"
|              #endif
|              #ifndef true
|               "error: true is not defined"
|              #endif
|              #if true != 1
|               "error: true is not 1"
|              #endif
|              #ifndef __bool_true_false_are_defined
|               "error: __bool_true_false_are_defined is not defined"
|              #endif
| 
|              struct s { _Bool s: 1; _Bool t; } s;
| 
|              char a[true == 1 ? 1 : -1];
|              char b[false == 0 ? 1 : -1];
|              char c[__bool_true_false_are_defined == 1 ? 1 : -1];
|              char d[(bool) 0.5 == true ? 1 : -1];
|              /* See body of main program for 'e'.  */
|              char f[(_Bool) 0.0 == false ? 1 : -1];
|              char g[true];
|              char h[sizeof (_Bool)];
|              char i[sizeof s.t];
|              enum { j = false, k = true, l = false * true, m = true * 256 };
|              /* The following fails for
|                 HP aC++/ANSI C B3910B A.05.55 [Dec 04 2003]. */
|              _Bool n[m];
|              char o[sizeof n == m * sizeof n[0] ? 1 : -1];
|              char p[-1 - (_Bool) 0 < 0 && -1 - (bool) 0 < 0 ? 1 : -1];
|              /* Catch a bug in an HP-UX C compiler.  See
|                 http://gcc.gnu.org/ml/gcc-patches/2003-12/msg02303.html
|                 http://lists.gnu.org/archive/html/bug-coreutils/2005-11/msg00161.html
|               */
|              _Bool q = true;
|              _Bool *pq = &q;
| 
| int
| main ()
| {
| 
|              bool e = &s;
|              *pq |= q;
|              *pq |= ! q;
|              /* Refer to every declared value, to avoid compiler optimizations.  */
|              return (!a + !b + !c + !d + !e + !f + !g + !h + !i + !!j + !k + !!l
|                      + !m + !n + !o + !p + !q + !pq);
| 
|   ;
|   return 0;
| }
configure:15746: result: no
configure:15748: checking for _Bool
configure:15748: g++ -c -Wall -W -pedantic -g -O2  conftest.cpp >&5
conftest.cpp: In function 'int main()':
conftest.cpp:73: error: '_Bool' was not declared in this scope
configure:15748: $? = 1
configure: failed program was:
| /* confdefs.h */
| #define PACKAGE_NAME "cgicc"
| #define PACKAGE_TARNAME "cgicc"
| #define PACKAGE_VERSION "3.2.15"
| #define PACKAGE_STRING "cgicc 3.2.15"
| #define PACKAGE_BUGREPORT "sebastien.diaz@gmail.com"
| #define PACKAGE_URL ""
| #define PACKAGE "cgicc"
| #define VERSION "3.2.15"
| #define STDC_HEADERS 1
| #define HAVE_SYS_TYPES_H 1
| #define HAVE_SYS_STAT_H 1
| #define HAVE_STDLIB_H 1
| #define HAVE_STRING_H 1
| #define HAVE_MEMORY_H 1
| #define HAVE_STRINGS_H 1
| #define HAVE_INTTYPES_H 1
| #define HAVE_STDINT_H 1
| #define HAVE_UNISTD_H 1
| #define HAVE_DLFCN_H 1
| #define LT_OBJDIR ".libs/"
| #define HAVE_SYS_TIME_H 1
| #define HAVE_SYS_UTSNAME_H 1
| #define HOST "x86_64-unknown-linux-gnu"
| #define HAVE_NAMESPACES /**/
| #define HAVE_STL /**/
| #define HAVE_GETTIMEOFDAY 1
| #define HAVE_UNAME 1
| #define HAVE_GETHOSTBYADDR 1
| #define HAVE_GETHOSTBYNAME 1
| #define HAVE_INET_NTOA 1
| #define HAVE_ARPA_INET_H 1
| #define HAVE_NETDB_H 1
| #define HAVE_NETINET_IN_H 1
| #define HAVE_SYS_SOCKET_H 1
| /* end confdefs.h.  */
| #include <stdio.h>
| #ifdef HAVE_SYS_TYPES_H
| # include <sys/types.h>
| #endif
| #ifdef HAVE_SYS_STAT_H
| # include <sys/stat.h>
| #endif
| #ifdef STDC_HEADERS
| # include <stdlib.h>
| # include <stddef.h>
| #else
| # ifdef HAVE_STDLIB_H
| #  include <stdlib.h>
| # endif
| #endif
| #ifdef HAVE_STRING_H
| # if !defined STDC_HEADERS && defined HAVE_MEMORY_H
| #  include <memory.h>
| # endif
| # include <string.h>
| #endif
| #ifdef HAVE_STRINGS_H
| # include <strings.h>
| #endif
| #ifdef HAVE_INTTYPES_H
| # include <inttypes.h>
| #endif
| #ifdef HAVE_STDINT_H
| # include <stdint.h>
| #endif
| #ifdef HAVE_UNISTD_H
| # include <unistd.h>
| #endif
| int
| main ()
| {
| if (sizeof (_Bool))
| 	 return 0;
|   ;
|   return 0;
| }
configure:15748: result: no
configure:15762: checking fcntl.h usability
configure:15762: g++ -c -Wall -W -pedantic -g -O2  conftest.cpp >&5
configure:15762: $? = 0
configure:15762: result: yes
configure:15762: checking fcntl.h presence
configure:15762: g++ -E  conftest.cpp
configure:15762: $? = 0
configure:15762: result: yes
configure:15762: checking for fcntl.h
configure:15762: result: yes
configure:15772: checking for inline
configure:15788: g++ -c -Wall -W -pedantic -g -O2  conftest.cpp >&5
configure:15788: $? = 0
configure:15796: result: inline
configure:15857: checking for ranlib
configure:15884: result: ranlib
configure:15906: checking for size_t
configure:15906: g++ -c -Wall -W -pedantic -g -O2  conftest.cpp >&5
configure:15906: $? = 0
configure:15906: g++ -c -Wall -W -pedantic -g -O2  conftest.cpp >&5
conftest.cpp: In function 'int main()':
conftest.cpp:74: error: expected primary-expression before ')' token
configure:15906: $? = 1
configure: failed program was:
| /* confdefs.h */
| #define PACKAGE_NAME "cgicc"
| #define PACKAGE_TARNAME "cgicc"
| #define PACKAGE_VERSION "3.2.15"
| #define PACKAGE_STRING "cgicc 3.2.15"
| #define PACKAGE_BUGREPORT "sebastien.diaz@gmail.com"
| #define PACKAGE_URL ""
| #define PACKAGE "cgicc"
| #define VERSION "3.2.15"
| #define STDC_HEADERS 1
| #define HAVE_SYS_TYPES_H 1
| #define HAVE_SYS_STAT_H 1
| #define HAVE_STDLIB_H 1
| #define HAVE_STRING_H 1
| #define HAVE_MEMORY_H 1
| #define HAVE_STRINGS_H 1
| #define HAVE_INTTYPES_H 1
| #define HAVE_STDINT_H 1
| #define HAVE_UNISTD_H 1
| #define HAVE_DLFCN_H 1
| #define LT_OBJDIR ".libs/"
| #define HAVE_SYS_TIME_H 1
| #define HAVE_SYS_UTSNAME_H 1
| #define HOST "x86_64-unknown-linux-gnu"
| #define HAVE_NAMESPACES /**/
| #define HAVE_STL /**/
| #define HAVE_GETTIMEOFDAY 1
| #define HAVE_UNAME 1
| #define HAVE_GETHOSTBYADDR 1
| #define HAVE_GETHOSTBYNAME 1
| #define HAVE_INET_NTOA 1
| #define HAVE_ARPA_INET_H 1
| #define HAVE_NETDB_H 1
| #define HAVE_NETINET_IN_H 1
| #define HAVE_SYS_SOCKET_H 1
| #define HAVE_FCNTL_H 1
| /* end confdefs.h.  */
| #include <stdio.h>
| #ifdef HAVE_SYS_TYPES_H
| # include <sys/types.h>
| #endif
| #ifdef HAVE_SYS_STAT_H
| # include <sys/stat.h>
| #endif
| #ifdef STDC_HEADERS
| # include <stdlib.h>
| # include <stddef.h>
| #else
| # ifdef HAVE_STDLIB_H
| #  include <stdlib.h>
| # endif
| #endif
| #ifdef HAVE_STRING_H
| # if !defined STDC_HEADERS && defined HAVE_MEMORY_H
| #  include <memory.h>
| # endif
| # include <string.h>
| #endif
| #ifdef HAVE_STRINGS_H
| # include <strings.h>
| #endif
| #ifdef HAVE_INTTYPES_H
| # include <inttypes.h>
| #endif
| #ifdef HAVE_STDINT_H
| # include <stdint.h>
| #endif
| #ifdef HAVE_UNISTD_H
| # include <unistd.h>
| #endif
| int
| main ()
| {
| if (sizeof ((size_t)))
| 	    return 0;
|   ;
|   return 0;
| }
configure:15906: result: yes
configure:15930: checking whether to build the cgicc fcgi demos
configure:15932: result: no
configure:16107: checking that generated files are newer than configure
configure:16113: result: done
configure:16148: creating ./config.status

## ---------------------- ##
## Running config.status. ##
## ---------------------- ##

This file was extended by cgicc config.status 3.2.15, which was
generated by GNU Autoconf 2.69.  Invocation command line was

  CONFIG_FILES    = 
  CONFIG_HEADERS  = 
  CONFIG_LINKS    = 
  CONFIG_COMMANDS = 
  $ ./config.status 

on easyhin_t01

config.status:1175: creating demo/Makefile
config.status:1175: creating contrib/Makefile
config.status:1175: creating Makefile
config.status:1175: creating cgicc/Makefile
config.status:1175: creating cgicc/CgiDefs.h
config.status:1175: creating support/Makefile
config.status:1175: creating support/cgicc-config
config.status:1175: creating doc/Makefile
config.status:1175: creating doc/Doxyfile
config.status:1175: creating cgicc.pc
config.status:1175: creating cgicc/config.h
config.status:1404: executing depfiles commands
config.status:1404: executing libtool commands

## ---------------- ##
## Cache variables. ##
## ---------------- ##

ac_cv_build=x86_64-unknown-linux-gnu
ac_cv_c_compiler_gnu=yes
ac_cv_c_inline=inline
ac_cv_cxx_compiler_gnu=yes
ac_cv_cxx_have_stl=yes
ac_cv_cxx_namespaces=yes
ac_cv_env_CCC_set=
ac_cv_env_CCC_value=
ac_cv_env_CC_set=
ac_cv_env_CC_value=
ac_cv_env_CFLAGS_set=
ac_cv_env_CFLAGS_value=
ac_cv_env_CPPFLAGS_set=
ac_cv_env_CPPFLAGS_value=
ac_cv_env_CPP_set=
ac_cv_env_CPP_value=
ac_cv_env_CXXCPP_set=
ac_cv_env_CXXCPP_value=
ac_cv_env_CXXFLAGS_set=
ac_cv_env_CXXFLAGS_value=
ac_cv_env_CXX_set=
ac_cv_env_CXX_value=
ac_cv_env_LDFLAGS_set=
ac_cv_env_LDFLAGS_value=
ac_cv_env_LIBS_set=
ac_cv_env_LIBS_value=
ac_cv_env_build_alias_set=
ac_cv_env_build_alias_value=
ac_cv_env_host_alias_set=
ac_cv_env_host_alias_value=
ac_cv_env_target_alias_set=
ac_cv_env_target_alias_value=
ac_cv_func_gethostbyaddr=yes
ac_cv_func_gethostbyname=yes
ac_cv_func_gettimeofday=yes
ac_cv_func_inet_ntoa=yes
ac_cv_func_uname=yes
ac_cv_header_arpa_inet_h=yes
ac_cv_header_dlfcn_h=yes
ac_cv_header_fcntl_h=yes
ac_cv_header_inttypes_h=yes
ac_cv_header_memory_h=yes
ac_cv_header_netdb_h=yes
ac_cv_header_netinet_in_h=yes
ac_cv_header_stdbool_h=no
ac_cv_header_stdc=yes
ac_cv_header_stdint_h=yes
ac_cv_header_stdlib_h=yes
ac_cv_header_string_h=yes
ac_cv_header_strings_h=yes
ac_cv_header_sys_socket_h=yes
ac_cv_header_sys_stat_h=yes
ac_cv_header_sys_time_h=yes
ac_cv_header_sys_types_h=yes
ac_cv_header_sys_utsname_h=yes
ac_cv_header_unistd_h=yes
ac_cv_host=x86_64-unknown-linux-gnu
ac_cv_lib_nsl_gethostbyaddr=yes
ac_cv_objext=o
ac_cv_path_EGREP='/bin/grep -E'
ac_cv_path_FGREP='/bin/grep -F'
ac_cv_path_GREP=/bin/grep
ac_cv_path_SED=/bin/sed
ac_cv_path_install='/usr/bin/install -c'
ac_cv_path_mkdir=/bin/mkdir
ac_cv_prog_AWK=gawk
ac_cv_prog_CPP='gcc -E'
ac_cv_prog_CXXCPP='g++ -E'
ac_cv_prog_DOXYGEN=/bin/echo
ac_cv_prog_ac_ct_AR=ar
ac_cv_prog_ac_ct_CC=gcc
ac_cv_prog_ac_ct_CXX=g++
ac_cv_prog_ac_ct_OBJDUMP=objdump
ac_cv_prog_ac_ct_RANLIB=ranlib
ac_cv_prog_ac_ct_STRIP=strip
ac_cv_prog_cc_c89=
ac_cv_prog_cc_g=yes
ac_cv_prog_cxx_g=yes
ac_cv_prog_make_make_set=yes
ac_cv_type__Bool=no
ac_cv_type_size_t=yes
am_cv_CC_dependencies_compiler_type=gcc3
am_cv_CXX_dependencies_compiler_type=gcc3
am_cv_make_support_nested_variables=yes
am_cv_prog_cc_c_o=yes
cgicc_cv_acc=no
lt_cv_ar_at_file=@
lt_cv_archive_cmds_need_lc=no
lt_cv_deplibs_check_method=pass_all
lt_cv_file_magic_cmd='$MAGIC_CMD'
lt_cv_file_magic_test_file=
lt_cv_ld_reload_flag=-r
lt_cv_nm_interface='BSD nm'
lt_cv_objdir=.libs
lt_cv_path_LD=/usr/bin/ld
lt_cv_path_LDCXX='/usr/bin/ld -m elf_x86_64'
lt_cv_path_NM='/usr/bin/nm -B'
lt_cv_path_mainfest_tool=no
lt_cv_prog_compiler_c_o=yes
lt_cv_prog_compiler_c_o_CXX=yes
lt_cv_prog_compiler_pic='-fPIC -DPIC'
lt_cv_prog_compiler_pic_CXX='-fPIC -DPIC'
lt_cv_prog_compiler_pic_works=yes
lt_cv_prog_compiler_pic_works_CXX=yes
lt_cv_prog_compiler_rtti_exceptions=no
lt_cv_prog_compiler_static_works=yes
lt_cv_prog_compiler_static_works_CXX=yes
lt_cv_prog_gnu_ld=yes
lt_cv_prog_gnu_ldcxx=yes
lt_cv_sharedlib_from_linklib_cmd='printf %s\n'
lt_cv_shlibpath_overrides_runpath=no
lt_cv_sys_global_symbol_pipe='sed -n -e '\''s/^.*[	 ]\([ABCDGIRSTW][ABCDGIRSTW]*\)[	 ][	 ]*\([_A-Za-z][_A-Za-z0-9]*\)$/\1 \2 \2/p'\'' | sed '\''/ __gnu_lto/d'\'''
lt_cv_sys_global_symbol_to_c_name_address='sed -n -e '\''s/^: \([^ ]*\)[ ]*$/  {\"\1\", (void *) 0},/p'\'' -e '\''s/^[ABCDGIRSTW]* \([^ ]*\) \([^ ]*\)$/  {"\2", (void *) \&\2},/p'\'''
lt_cv_sys_global_symbol_to_c_name_address_lib_prefix='sed -n -e '\''s/^: \([^ ]*\)[ ]*$/  {\"\1\", (void *) 0},/p'\'' -e '\''s/^[ABCDGIRSTW]* \([^ ]*\) \(lib[^ ]*\)$/  {"\2", (void *) \&\2},/p'\'' -e '\''s/^[ABCDGIRSTW]* \([^ ]*\) \([^ ]*\)$/  {"lib\2", (void *) \&\2},/p'\'''
lt_cv_sys_global_symbol_to_cdecl='sed -n -e '\''s/^T .* \(.*\)$/extern int \1();/p'\'' -e '\''s/^[ABCDGIRSTW]* .* \(.*\)$/extern char \1;/p'\'''
lt_cv_sys_max_cmd_len=1572864
lt_cv_to_host_file_cmd=func_convert_file_noop
lt_cv_to_tool_file_cmd=func_convert_file_noop

## ----------------- ##
## Output variables. ##
## ----------------- ##

ACLOCAL='${SHELL} /data/home/jieping/workspace/poppy/thirdparty/cgicc-3.2.15/support/missing aclocal-1.14'
AMDEPBACKSLASH='\'
AMDEP_FALSE='#'
AMDEP_TRUE=''
AMTAR='$${TAR-tar}'
AM_BACKSLASH='\'
AM_DEFAULT_V='$(AM_DEFAULT_VERBOSITY)'
AM_DEFAULT_VERBOSITY='1'
AM_V='$(V)'
AR='ar'
AUTOCONF='${SHELL} /data/home/jieping/workspace/poppy/thirdparty/cgicc-3.2.15/support/missing autoconf'
AUTOHEADER='${SHELL} /data/home/jieping/workspace/poppy/thirdparty/cgicc-3.2.15/support/missing autoheader'
AUTOMAKE='${SHELL} /data/home/jieping/workspace/poppy/thirdparty/cgicc-3.2.15/support/missing automake-1.14'
AWK='gawk'
CC='gcc'
CCDEPMODE='depmode=gcc3'
CFLAGS='-g -O2'
CPP='gcc -E'
CPPFLAGS=''
CXX='g++'
CXXCPP='g++ -E'
CXXDEPMODE='depmode=gcc3'
CXXFLAGS='-Wall -W -pedantic -g -O2'
CYGPATH_W='echo'
DEFS='-DHAVE_CONFIG_H'
DEMOS_FALSE='#'
DEMOS_TRUE=''
DEMO_LIBS=''
DEPDIR='.deps'
DLLTOOL='false'
DOXYGEN='/bin/echo'
DSYMUTIL=''
DUMPBIN=''
ECHO_C=''
ECHO_N='-n'
ECHO_T=''
EGREP='/bin/grep -E'
EXEEXT=''
FCGI_DEMOS_FALSE=''
FCGI_DEMOS_TRUE='#'
FCGI_LIBS=''
FGREP='/bin/grep -F'
GREP='/bin/grep'
INSTALL_DATA='${INSTALL} -m 644'
INSTALL_PROGRAM='${INSTALL}'
INSTALL_SCRIPT='${INSTALL}'
INSTALL_STRIP_PROGRAM='$(install_sh) -c -s'
LD='/usr/bin/ld -m elf_x86_64'
LDFLAGS=''
LIBOBJS=''
LIBS=''
LIBTOOL='$(SHELL) $(top_builddir)/libtool'
LIB_NET='-lnsl'
LIPO=''
LN_S='ln -s'
LTLIBOBJS=''
MAKEINFO='${SHELL} /data/home/jieping/workspace/poppy/thirdparty/cgicc-3.2.15/support/missing makeinfo'
MANIFEST_TOOL=':'
MKDIR_P='/bin/mkdir -p'
NM='/usr/bin/nm -B'
NMEDIT=''
OBJDUMP='objdump'
OBJEXT='o'
OTOOL64=''
OTOOL=''
PACKAGE='cgicc'
PACKAGE_BUGREPORT='sebastien.diaz@gmail.com'
PACKAGE_NAME='cgicc'
PACKAGE_STRING='cgicc 3.2.15'
PACKAGE_TARNAME='cgicc'
PACKAGE_URL=''
PACKAGE_VERSION='3.2.15'
PATH_SEPARATOR=':'
RANLIB='ranlib'
SED='/bin/sed'
SET_MAKE=''
SHELL='/bin/sh'
STRIP='strip'
VERSION='3.2.15'
ac_ct_AR='ar'
ac_ct_CC='gcc'
ac_ct_CXX='g++'
ac_ct_DUMPBIN=''
am__EXEEXT_FALSE=''
am__EXEEXT_TRUE='#'
am__fastdepCC_FALSE='#'
am__fastdepCC_TRUE=''
am__fastdepCXX_FALSE='#'
am__fastdepCXX_TRUE=''
am__include='include'
am__isrc=''
am__leading_dot='.'
am__nodep='_no'
am__quote=''
am__tar='$${TAR-tar} chof - "$$tardir"'
am__untar='$${TAR-tar} xf -'
bindir='${exec_prefix}/bin'
build='x86_64-unknown-linux-gnu'
build_alias=''
build_cpu='x86_64'
build_os='linux-gnu'
build_vendor='unknown'
datadir='${datarootdir}'
datarootdir='${prefix}/share'
docdir='${datarootdir}/doc/${PACKAGE_TARNAME}'
dvidir='${docdir}'
exec_prefix='${prefix}'
host='x86_64-unknown-linux-gnu'
host_alias=''
host_cpu='x86_64'
host_os='linux-gnu'
host_vendor='unknown'
htmldir='${docdir}'
includedir='${prefix}/include'
infodir='${datarootdir}/info'
install_sh='${SHELL} /data/home/jieping/workspace/poppy/thirdparty/cgicc-3.2.15/support/install-sh'
libdir='${exec_prefix}/lib'
libexecdir='${exec_prefix}/libexec'
localedir='${datarootdir}/locale'
localstatedir='${prefix}/var'
mandir='${datarootdir}/man'
mkdir_p='$(MKDIR_P)'
oldincludedir='/usr/include'
pdfdir='${docdir}'
prefix='/usr'
program_transform_name='s,x,x,'
psdir='${docdir}'
sbindir='${exec_prefix}/sbin'
sharedstatedir='${prefix}/com'
sysconfdir='${prefix}/etc'
target_alias=''

## ----------- ##
## confdefs.h. ##
## ----------- ##

/* confdefs.h */
#define PACKAGE_NAME "cgicc"
#define PACKAGE_TARNAME "cgicc"
#define PACKAGE_VERSION "3.2.15"
#define PACKAGE_STRING "cgicc 3.2.15"
#define PACKAGE_BUGREPORT "sebastien.diaz@gmail.com"
#define PACKAGE_URL ""
#define PACKAGE "cgicc"
#define VERSION "3.2.15"
#define STDC_HEADERS 1
#define HAVE_SYS_TYPES_H 1
#define HAVE_SYS_STAT_H 1
#define HAVE_STDLIB_H 1
#define HAVE_STRING_H 1
#define HAVE_MEMORY_H 1
#define HAVE_STRINGS_H 1
#define HAVE_INTTYPES_H 1
#define HAVE_STDINT_H 1
#define HAVE_UNISTD_H 1
#define HAVE_DLFCN_H 1
#define LT_OBJDIR ".libs/"
#define HAVE_SYS_TIME_H 1
#define HAVE_SYS_UTSNAME_H 1
#define HOST "x86_64-unknown-linux-gnu"
#define HAVE_NAMESPACES /**/
#define HAVE_STL /**/
#define HAVE_GETTIMEOFDAY 1
#define HAVE_UNAME 1
#define HAVE_GETHOSTBYADDR 1
#define HAVE_GETHOSTBYNAME 1
#define HAVE_INET_NTOA 1
#define HAVE_ARPA_INET_H 1
#define HAVE_NETDB_H 1
#define HAVE_NETINET_IN_H 1
#define HAVE_SYS_SOCKET_H 1
#define HAVE_FCNTL_H 1

configure: exit 0
