This file contains any messages produced by compilers while
running configure, to aid debugging if configure makes a mistake.

It was created by LZMA configure 4.32.7, which was
generated by GNU Autoconf 2.69.  Invocation command line was

  $ ./configure --enable-static --no-create --no-recursion

## --------- ##
## Platform. ##
## --------- ##

hostname = VM_64_237_centos
uname -m = x86_64
uname -r = 2.6.32-279.el6.x86_64
uname -s = Linux
uname -v = #1 SMP Fri Jun 22 12:19:21 UTC 2012

/usr/bin/uname -p = unknown
/bin/uname -X     = unknown

/bin/arch              = x86_64
/usr/bin/arch -k       = unknown
/usr/convex/getsysinfo = unknown
/usr/bin/hostinfo      = unknown
/bin/machine           = unknown
/usr/bin/oslevel       = unknown
/bin/universe          = unknown

PATH: /data/home/jieping/bin
PATH: /usr/local/gcc/4.9.2/bin
PATH: /usr/local/poppy/common/builder/blade
PATH: /usr/local/bin
PATH: /bin
PATH: /usr/bin
PATH: /usr/local/sbin
PATH: /usr/sbin
PATH: /sbin
PATH: /data/home/jieping/bin


## ----------- ##
## Core tests. ##
## ----------- ##

configure:2669: checking if debugging code should be compiled
configure:2687: result: no
configure:2739: checking for a BSD-compatible install
configure:2807: result: /usr/bin/install -c
configure:2818: checking whether build environment is sane
configure:2855: result: yes
configure:2880: checking for a thread-safe mkdir -p
configure:2919: result: /bin/mkdir -p
configure:2932: checking for gawk
configure:2948: found /bin/gawk
configure:2959: result: gawk
configure:2970: checking whether make sets $(MAKE)
configure:2992: result: yes
configure:3234: checking for g++
configure:3250: found /usr/local/gcc/4.9.2/bin/g++
configure:3261: result: g++
configure:3288: checking for C++ compiler version
configure:3297: g++ --version >&5
g++ (GCC) 4.9.2
Copyright (C) 2014 Free Software Foundation, Inc.
This is free software; see the source for copying conditions.  There is NO
warranty; not even for MERCHANTABILITY or FITNESS FOR A PARTICULAR PURPOSE.

configure:3308: $? = 0
configure:3297: g++ -v >&5
Using built-in specs.
COLLECT_GCC=g++
COLLECT_LTO_WRAPPER=/usr/local/gcc/4.9.2/libexec/gcc/x86_64-unknown-linux-gnu/4.9.2/lto-wrapper
Target: x86_64-unknown-linux-gnu
Configured with: ../gcc-4.9.2/configure --prefix=/usr/local/gcc/4.9.2 --disable-multilib
Thread model: posix
gcc version 4.9.2 (GCC) 
configure:3308: $? = 0
configure:3297: g++ -V >&5
g++: error: unrecognized command line option '-V'
g++: fatal error: no input files
compilation terminated.
configure:3308: $? = 1
configure:3297: g++ -qversion >&5
g++: error: unrecognized command line option '-qversion'
g++: fatal error: no input files
compilation terminated.
configure:3308: $? = 1
configure:3328: checking whether the C++ compiler works
configure:3350: g++    conftest.cpp  >&5
configure:3354: $? = 0
configure:3402: result: yes
configure:3405: checking for C++ compiler default output file name
configure:3407: result: a.out
configure:3413: checking for suffix of executables
configure:3420: g++ -o conftest    conftest.cpp  >&5
configure:3424: $? = 0
configure:3446: result: 
configure:3468: checking whether we are cross compiling
configure:3476: g++ -o conftest    conftest.cpp  >&5
configure:3480: $? = 0
configure:3487: ./conftest
configure:3491: $? = 0
configure:3506: result: no
configure:3511: checking for suffix of object files
configure:3533: g++ -c   conftest.cpp >&5
configure:3537: $? = 0
configure:3558: result: o
configure:3562: checking whether we are using the GNU C++ compiler
configure:3581: g++ -c   conftest.cpp >&5
configure:3581: $? = 0
configure:3590: result: yes
configure:3599: checking whether g++ accepts -g
configure:3619: g++ -c -g  conftest.cpp >&5
configure:3619: $? = 0
configure:3660: result: yes
configure:3694: checking for style of include used by make
configure:3722: result: GNU
configure:3747: checking dependency style of g++
configure:3838: result: gcc3
configure:3901: checking for gcc
configure:3917: found /usr/local/gcc/4.9.2/bin/gcc
configure:3928: result: gcc
configure:4157: checking for C compiler version
configure:4166: gcc --version >&5
gcc (GCC) 4.9.2
Copyright (C) 2014 Free Software Foundation, Inc.
This is free software; see the source for copying conditions.  There is NO
warranty; not even for MERCHANTABILITY or FITNESS FOR A PARTICULAR PURPOSE.

configure:4177: $? = 0
configure:4166: gcc -v >&5
Using built-in specs.
COLLECT_GCC=gcc
COLLECT_LTO_WRAPPER=/usr/local/gcc/4.9.2/libexec/gcc/x86_64-unknown-linux-gnu/4.9.2/lto-wrapper
Target: x86_64-unknown-linux-gnu
Configured with: ../gcc-4.9.2/configure --prefix=/usr/local/gcc/4.9.2 --disable-multilib
Thread model: posix
gcc version 4.9.2 (GCC) 
configure:4177: $? = 0
configure:4166: gcc -V >&5
gcc: error: unrecognized command line option '-V'
gcc: fatal error: no input files
compilation terminated.
configure:4177: $? = 1
configure:4166: gcc -qversion >&5
gcc: error: unrecognized command line option '-qversion'
gcc: fatal error: no input files
compilation terminated.
configure:4177: $? = 1
configure:4181: checking whether we are using the GNU C compiler
configure:4200: gcc -c   conftest.c >&5
configure:4200: $? = 0
configure:4209: result: yes
configure:4218: checking whether gcc accepts -g
configure:4238: gcc -c -g  conftest.c >&5
configure:4238: $? = 0
configure:4279: result: yes
configure:4296: checking for gcc option to accept ISO C89
configure:4359: gcc  -c -g -O2  conftest.c >&5
configure:4359: $? = 0
configure:4372: result: none needed
configure:4394: checking dependency style of gcc
configure:4485: result: gcc3
configure:4505: checking how to run the C preprocessor
configure:4536: gcc -E  conftest.c
configure:4536: $? = 0
configure:4550: gcc -E  conftest.c
conftest.c:12:28: fatal error: ac_nonexistent.h: No such file or directory
 #include <ac_nonexistent.h>
                            ^
compilation terminated.
configure:4550: $? = 1
configure: failed program was:
| /* confdefs.h */
| #define PACKAGE_NAME "LZMA"
| #define PACKAGE_TARNAME "lzma"
| #define PACKAGE_VERSION "4.32.7"
| #define PACKAGE_STRING "LZMA 4.32.7"
| #define PACKAGE_BUGREPORT "lasse.collin@tukaani.org"
| #define PACKAGE_URL ""
| #define NDEBUG 1
| #define PACKAGE "lzma"
| #define VERSION "4.32.7"
| /* end confdefs.h.  */
| #include <ac_nonexistent.h>
configure:4575: result: gcc -E
configure:4595: gcc -E  conftest.c
configure:4595: $? = 0
configure:4609: gcc -E  conftest.c
conftest.c:12:28: fatal error: ac_nonexistent.h: No such file or directory
 #include <ac_nonexistent.h>
                            ^
compilation terminated.
configure:4609: $? = 1
configure: failed program was:
| /* confdefs.h */
| #define PACKAGE_NAME "LZMA"
| #define PACKAGE_TARNAME "lzma"
| #define PACKAGE_VERSION "4.32.7"
| #define PACKAGE_STRING "LZMA 4.32.7"
| #define PACKAGE_BUGREPORT "lasse.collin@tukaani.org"
| #define PACKAGE_URL ""
| #define NDEBUG 1
| #define PACKAGE "lzma"
| #define VERSION "4.32.7"
| /* end confdefs.h.  */
| #include <ac_nonexistent.h>
configure:4638: checking whether ln -s works
configure:4642: result: yes
configure:4649: checking whether make sets $(MAKE)
configure:4671: result: yes
configure:4756: checking build system type
configure:4770: result: x86_64-unknown-linux-gnu
configure:4790: checking host system type
configure:4803: result: x86_64-unknown-linux-gnu
configure:4823: checking for a sed that does not truncate output
configure:4879: result: /bin/sed
configure:4882: checking for grep that handles long lines and -e
configure:4940: result: /bin/grep
configure:4945: checking for egrep
configure:5007: result: /bin/grep -E
configure:5023: checking for ld used by gcc
configure:5090: result: /usr/bin/ld
configure:5097: checking if the linker (/usr/bin/ld) is GNU ld
configure:5112: result: yes
configure:5117: checking for /usr/bin/ld option to reload object files
configure:5124: result: -r
configure:5142: checking for BSD-compatible nm
configure:5191: result: /usr/bin/nm -B
configure:5195: checking how to recognize dependent libraries
configure:5381: result: pass_all
configure:5470: gcc -c -g -O2  conftest.c >&5
configure:5473: $? = 0
configure:5597: checking for ANSI C header files
configure:5617: gcc -c -g -O2  conftest.c >&5
configure:5617: $? = 0
configure:5690: gcc -o conftest -g -O2   conftest.c  >&5
configure:5690: $? = 0
configure:5690: ./conftest
configure:5690: $? = 0
configure:5701: result: yes
configure:5714: checking for sys/types.h
configure:5714: gcc -c -g -O2  conftest.c >&5
configure:5714: $? = 0
configure:5714: result: yes
configure:5714: checking for sys/stat.h
configure:5714: gcc -c -g -O2  conftest.c >&5
configure:5714: $? = 0
configure:5714: result: yes
configure:5714: checking for stdlib.h
configure:5714: gcc -c -g -O2  conftest.c >&5
configure:5714: $? = 0
configure:5714: result: yes
configure:5714: checking for string.h
configure:5714: gcc -c -g -O2  conftest.c >&5
configure:5714: $? = 0
configure:5714: result: yes
configure:5714: checking for memory.h
configure:5714: gcc -c -g -O2  conftest.c >&5
configure:5714: $? = 0
configure:5714: result: yes
configure:5714: checking for strings.h
configure:5714: gcc -c -g -O2  conftest.c >&5
configure:5714: $? = 0
configure:5714: result: yes
configure:5714: checking for inttypes.h
configure:5714: gcc -c -g -O2  conftest.c >&5
configure:5714: $? = 0
configure:5714: result: yes
configure:5714: checking for stdint.h
configure:5714: gcc -c -g -O2  conftest.c >&5
configure:5714: $? = 0
configure:5714: result: yes
configure:5714: checking for unistd.h
configure:5714: gcc -c -g -O2  conftest.c >&5
configure:5714: $? = 0
configure:5714: result: yes
configure:5728: checking dlfcn.h usability
configure:5728: gcc -c -g -O2  conftest.c >&5
configure:5728: $? = 0
configure:5728: result: yes
configure:5728: checking dlfcn.h presence
configure:5728: gcc -E  conftest.c
configure:5728: $? = 0
configure:5728: result: yes
configure:5728: checking for dlfcn.h
configure:5728: result: yes
configure:5748: checking how to run the C++ preprocessor
configure:5775: g++ -E  conftest.cpp
configure:5775: $? = 0
configure:5789: g++ -E  conftest.cpp
conftest.cpp:23:28: fatal error: ac_nonexistent.h: No such file or directory
 #include <ac_nonexistent.h>
                            ^
compilation terminated.
configure:5789: $? = 1
configure: failed program was:
| /* confdefs.h */
| #define PACKAGE_NAME "LZMA"
| #define PACKAGE_TARNAME "lzma"
| #define PACKAGE_VERSION "4.32.7"
| #define PACKAGE_STRING "LZMA 4.32.7"
| #define PACKAGE_BUGREPORT "lasse.collin@tukaani.org"
| #define PACKAGE_URL ""
| #define NDEBUG 1
| #define PACKAGE "lzma"
| #define VERSION "4.32.7"
| #define STDC_HEADERS 1
| #define HAVE_SYS_TYPES_H 1
| #define HAVE_SYS_STAT_H 1
| #define HAVE_STDLIB_H 1
| #define HAVE_STRING_H 1
| #define HAVE_MEMORY_H 1
| #define HAVE_STRINGS_H 1
| #define HAVE_INTTYPES_H 1
| #define HAVE_STDINT_H 1
| #define HAVE_UNISTD_H 1
| #define HAVE_DLFCN_H 1
| /* end confdefs.h.  */
| #include <ac_nonexistent.h>
configure:5814: result: g++ -E
configure:5834: g++ -E  conftest.cpp
configure:5834: $? = 0
configure:5848: g++ -E  conftest.cpp
conftest.cpp:23:28: fatal error: ac_nonexistent.h: No such file or directory
 #include <ac_nonexistent.h>
                            ^
compilation terminated.
configure:5848: $? = 1
configure: failed program was:
| /* confdefs.h */
| #define PACKAGE_NAME "LZMA"
| #define PACKAGE_TARNAME "lzma"
| #define PACKAGE_VERSION "4.32.7"
| #define PACKAGE_STRING "LZMA 4.32.7"
| #define PACKAGE_BUGREPORT "lasse.collin@tukaani.org"
| #define PACKAGE_URL ""
| #define NDEBUG 1
| #define PACKAGE "lzma"
| #define VERSION "4.32.7"
| #define STDC_HEADERS 1
| #define HAVE_SYS_TYPES_H 1
| #define HAVE_SYS_STAT_H 1
| #define HAVE_STDLIB_H 1
| #define HAVE_STRING_H 1
| #define HAVE_MEMORY_H 1
| #define HAVE_STRINGS_H 1
| #define HAVE_INTTYPES_H 1
| #define HAVE_STDINT_H 1
| #define HAVE_UNISTD_H 1
| #define HAVE_DLFCN_H 1
| /* end confdefs.h.  */
| #include <ac_nonexistent.h>
configure:5985: checking for Fortran 77 compiler version
configure:5994: no --version >&5
./configure: line 5996: no: command not found
configure:6005: $? = 127
configure:5994: no -v >&5
./configure: line 5996: no: command not found
configure:6005: $? = 127
configure:5994: no -V >&5
./configure: line 5996: no: command not found
configure:6005: $? = 127
configure:5994: no -qversion >&5
./configure: line 5996: no: command not found
configure:6005: $? = 127
configure:6014: checking whether we are using the GNU Fortran 77 compiler
configure:6027: no -c  conftest.F >&5
./configure: line 2137: no: command not found
configure:6027: $? = 127
configure: failed program was:
|       program main
| #ifndef __GNUC__
|        choke me
| #endif
| 
|       end
configure:6036: result: no
configure:6042: checking whether no accepts -g
configure:6053: no -c -g conftest.f >&5
./configure: line 2137: no: command not found
configure:6053: $? = 127
configure: failed program was:
|       program main
| 
|       end
configure:6061: result: no
configure:6094: checking the maximum length of command line arguments
configure:6206: result: 1966080
configure:6218: checking command to parse /usr/bin/nm -B output from gcc object
configure:6323: gcc -c -g -O2  conftest.c >&5
configure:6326: $? = 0
configure:6330: /usr/bin/nm -B conftest.o \| sed -n -e 's/^.*[ 	]\([ABCDGIRSTW][ABCDGIRSTW]*\)[ 	][ 	]*\([_A-Za-z][_A-Za-z0-9]*\)$/\1 \2 \2/p' \> conftest.nm
configure:6333: $? = 0
configure:6385: gcc -o conftest -g -O2   conftest.c conftstm.o >&5
configure:6388: $? = 0
configure:6426: result: ok
configure:6430: checking for objdir
configure:6445: result: .libs
configure:6537: checking for ar
configure:6553: found /usr/bin/ar
configure:6564: result: ar
configure:6629: checking for ranlib
configure:6645: found /usr/bin/ranlib
configure:6656: result: ranlib
configure:6721: checking for strip
configure:6737: found /usr/bin/strip
configure:6748: result: strip
configure:7309: checking if gcc supports -fno-rtti -fno-exceptions
configure:7327: gcc -c -g -O2  -fno-rtti -fno-exceptions conftest.c >&5
cc1: warning: command line option '-fno-rtti' is valid for C++/ObjC++ but not for C
configure:7331: $? = 0
configure:7344: result: no
configure:7359: checking for gcc option to produce PIC
configure:7591: result: -fPIC
configure:7599: checking if gcc PIC flag -fPIC works
configure:7617: gcc -c -g -O2  -fPIC -DPIC conftest.c >&5
configure:7621: $? = 0
configure:7634: result: yes
configure:7662: checking if gcc static flag -static works
configure:7690: result: no
configure:7700: checking if gcc supports -c -o file.o
configure:7721: gcc -c -g -O2  -o out/conftest2.o conftest.c >&5
configure:7725: $? = 0
configure:7747: result: yes
configure:7773: checking whether the gcc linker (/usr/bin/ld -m elf_x86_64) supports shared libraries
configure:8699: result: yes
configure:8720: checking whether -lc should be explicitly linked in
configure:8725: gcc -c -g -O2  conftest.c >&5
configure:8728: $? = 0
configure:8743: gcc -shared conftest.o  -v -Wl,-soname -Wl,conftest -o conftest 2\>\&1 \| grep  -lc  \>/dev/null 2\>\&1
configure:8746: $? = 0
configure:8758: result: no
configure:8766: checking dynamic linker characteristics
configure:9368: result: GNU/Linux ld.so
configure:9392: checking how to hardcode library paths into programs
configure:9417: result: immediate
configure:9431: checking whether stripping libraries is possible
configure:9436: result: yes
configure:9953: checking if libtool supports shared libraries
configure:9955: result: yes
configure:9958: checking whether to build shared libraries
configure:9979: result: yes
configure:9982: checking whether to build static libraries
configure:9986: result: yes
configure:10080: creating libtool
configure:10669: checking for ld used by g++
configure:10736: result: /usr/bin/ld -m elf_x86_64
configure:10743: checking if the linker (/usr/bin/ld -m elf_x86_64) is GNU ld
configure:10758: result: yes
configure:10809: checking whether the g++ linker (/usr/bin/ld -m elf_x86_64) supports shared libraries
configure:11701: result: yes
configure:11718: g++ -c -g -O2  conftest.cpp >&5
configure:11721: $? = 0
configure:11877: checking for g++ option to produce PIC
configure:12161: result: -fPIC
configure:12169: checking if g++ PIC flag -fPIC works
configure:12187: g++ -c -g -O2  -fPIC -DPIC conftest.cpp >&5
configure:12191: $? = 0
configure:12204: result: yes
configure:12232: checking if g++ static flag -static works
configure:12260: result: no
configure:12270: checking if g++ supports -c -o file.o
configure:12291: g++ -c -g -O2  -o out/conftest2.o conftest.cpp >&5
configure:12295: $? = 0
configure:12317: result: yes
configure:12343: checking whether the g++ linker (/usr/bin/ld -m elf_x86_64) supports shared libraries
configure:12369: result: yes
configure:12436: checking dynamic linker characteristics
configure:12986: result: GNU/Linux ld.so
configure:13010: checking how to hardcode library paths into programs
configure:13035: result: immediate
configure:19156: checking for ANSI C header files
configure:19260: result: yes
configure:19273: checking fcntl.h usability
configure:19273: gcc -c -g -O2  conftest.c >&5
configure:19273: $? = 0
configure:19273: result: yes
configure:19273: checking fcntl.h presence
configure:19273: gcc -E  conftest.c
configure:19273: $? = 0
configure:19273: result: yes
configure:19273: checking for fcntl.h
configure:19273: result: yes
configure:19273: checking for inttypes.h
configure:19273: result: yes
configure:19273: checking limits.h usability
configure:19273: gcc -c -g -O2  conftest.c >&5
configure:19273: $? = 0
configure:19273: result: yes
configure:19273: checking limits.h presence
configure:19273: gcc -E  conftest.c
configure:19273: $? = 0
configure:19273: result: yes
configure:19273: checking for limits.h
configure:19273: result: yes
configure:19273: checking stddef.h usability
configure:19273: gcc -c -g -O2  conftest.c >&5
configure:19273: $? = 0
configure:19273: result: yes
configure:19273: checking stddef.h presence
configure:19273: gcc -E  conftest.c
configure:19273: $? = 0
configure:19273: result: yes
configure:19273: checking for stddef.h
configure:19273: result: yes
configure:19273: checking for stdlib.h
configure:19273: result: yes
configure:19273: checking for string.h
configure:19273: result: yes
configure:19273: checking sys/time.h usability
configure:19273: gcc -c -g -O2  conftest.c >&5
configure:19273: $? = 0
configure:19273: result: yes
configure:19273: checking sys/time.h presence
configure:19273: gcc -E  conftest.c
configure:19273: $? = 0
configure:19273: result: yes
configure:19273: checking for sys/time.h
configure:19273: result: yes
configure:19273: checking for unistd.h
configure:19273: result: yes
configure:19273: checking utime.h usability
configure:19273: gcc -c -g -O2  conftest.c >&5
configure:19273: $? = 0
configure:19273: result: yes
configure:19273: checking utime.h presence
configure:19273: gcc -E  conftest.c
configure:19273: $? = 0
configure:19273: result: yes
configure:19273: checking for utime.h
configure:19273: result: yes
configure:19288: checking errno.h usability
configure:19288: gcc -c -g -O2  conftest.c >&5
configure:19288: $? = 0
configure:19288: result: yes
configure:19288: checking errno.h presence
configure:19288: gcc -E  conftest.c
configure:19288: $? = 0
configure:19288: result: yes
configure:19288: checking for errno.h
configure:19288: result: yes
configure:19300: checking for stdbool.h that conforms to C99
configure:19367: gcc -c -g -O2  conftest.c >&5
configure:19367: $? = 0
configure:19374: result: yes
configure:19376: checking for _Bool
configure:19376: gcc -c -g -O2  conftest.c >&5
configure:19376: $? = 0
configure:19376: gcc -c -g -O2  conftest.c >&5
conftest.c: In function 'main':
conftest.c:70:20: error: expected expression before ')' token
 if (sizeof ((_Bool)))
                    ^
configure:19376: $? = 1
configure: failed program was:
| /* confdefs.h */
| #define PACKAGE_NAME "LZMA"
| #define PACKAGE_TARNAME "lzma"
| #define PACKAGE_VERSION "4.32.7"
| #define PACKAGE_STRING "LZMA 4.32.7"
| #define PACKAGE_BUGREPORT "lasse.collin@tukaani.org"
| #define PACKAGE_URL ""
| #define NDEBUG 1
| #define PACKAGE "lzma"
| #define VERSION "4.32.7"
| #define STDC_HEADERS 1
| #define HAVE_SYS_TYPES_H 1
| #define HAVE_SYS_STAT_H 1
| #define HAVE_STDLIB_H 1
| #define HAVE_STRING_H 1
| #define HAVE_MEMORY_H 1
| #define HAVE_STRINGS_H 1
| #define HAVE_INTTYPES_H 1
| #define HAVE_STDINT_H 1
| #define HAVE_UNISTD_H 1
| #define HAVE_DLFCN_H 1
| #define STDC_HEADERS 1
| #define HAVE_FCNTL_H 1
| #define HAVE_INTTYPES_H 1
| #define HAVE_LIMITS_H 1
| #define HAVE_STDDEF_H 1
| #define HAVE_STDLIB_H 1
| #define HAVE_STRING_H 1
| #define HAVE_SYS_TIME_H 1
| #define HAVE_UNISTD_H 1
| #define HAVE_UTIME_H 1
| #define HAVE_ERRNO_H 1
| /* end confdefs.h.  */
| #include <stdio.h>
| #ifdef HAVE_SYS_TYPES_H
| # include <sys/types.h>
| #endif
| #ifdef HAVE_SYS_STAT_H
| # include <sys/stat.h>
| #endif
| #ifdef STDC_HEADERS
| # include <stdlib.h>
| # include <stddef.h>
| #else
| # ifdef HAVE_STDLIB_H
| #  include <stdlib.h>
| # endif
| #endif
| #ifdef HAVE_STRING_H
| # if !defined STDC_HEADERS && defined HAVE_MEMORY_H
| #  include <memory.h>
| # endif
| # include <string.h>
| #endif
| #ifdef HAVE_STRINGS_H
| # include <strings.h>
| #endif
| #ifdef HAVE_INTTYPES_H
| # include <inttypes.h>
| #endif
| #ifdef HAVE_STDINT_H
| # include <stdint.h>
| #endif
| #ifdef HAVE_UNISTD_H
| # include <unistd.h>
| #endif
| int
| main ()
| {
| if (sizeof ((_Bool)))
| 	    return 0;
|   ;
|   return 0;
| }
configure:19376: result: yes
configure:19393: checking whether time.h and sys/time.h may both be included
configure:19413: gcc -c -g -O2  conftest.c >&5
configure:19413: $? = 0
configure:19420: result: yes
configure:19428: checking for an ANSI C-conforming const
configure:19494: gcc -c -g -O2  conftest.c >&5
configure:19494: $? = 0
configure:19501: result: yes
configure:19509: checking for inline
configure:19525: gcc -c -g -O2  conftest.c >&5
configure:19525: $? = 0
configure:19533: result: inline
configure:19552: checking for mode_t
configure:19552: gcc -c -g -O2  conftest.c >&5
configure:19552: $? = 0
configure:19552: gcc -c -g -O2  conftest.c >&5
conftest.c: In function 'main':
conftest.c:73:21: error: expected expression before ')' token
 if (sizeof ((mode_t)))
                     ^
configure:19552: $? = 1
configure: failed program was:
| /* confdefs.h */
| #define PACKAGE_NAME "LZMA"
| #define PACKAGE_TARNAME "lzma"
| #define PACKAGE_VERSION "4.32.7"
| #define PACKAGE_STRING "LZMA 4.32.7"
| #define PACKAGE_BUGREPORT "lasse.collin@tukaani.org"
| #define PACKAGE_URL ""
| #define NDEBUG 1
| #define PACKAGE "lzma"
| #define VERSION "4.32.7"
| #define STDC_HEADERS 1
| #define HAVE_SYS_TYPES_H 1
| #define HAVE_SYS_STAT_H 1
| #define HAVE_STDLIB_H 1
| #define HAVE_STRING_H 1
| #define HAVE_MEMORY_H 1
| #define HAVE_STRINGS_H 1
| #define HAVE_INTTYPES_H 1
| #define HAVE_STDINT_H 1
| #define HAVE_UNISTD_H 1
| #define HAVE_DLFCN_H 1
| #define STDC_HEADERS 1
| #define HAVE_FCNTL_H 1
| #define HAVE_INTTYPES_H 1
| #define HAVE_LIMITS_H 1
| #define HAVE_STDDEF_H 1
| #define HAVE_STDLIB_H 1
| #define HAVE_STRING_H 1
| #define HAVE_SYS_TIME_H 1
| #define HAVE_UNISTD_H 1
| #define HAVE_UTIME_H 1
| #define HAVE_ERRNO_H 1
| #define HAVE__BOOL 1
| #define HAVE_STDBOOL_H 1
| #define TIME_WITH_SYS_TIME 1
| /* end confdefs.h.  */
| #include <stdio.h>
| #ifdef HAVE_SYS_TYPES_H
| # include <sys/types.h>
| #endif
| #ifdef HAVE_SYS_STAT_H
| # include <sys/stat.h>
| #endif
| #ifdef STDC_HEADERS
| # include <stdlib.h>
| # include <stddef.h>
| #else
| # ifdef HAVE_STDLIB_H
| #  include <stdlib.h>
| # endif
| #endif
| #ifdef HAVE_STRING_H
| # if !defined STDC_HEADERS && defined HAVE_MEMORY_H
| #  include <memory.h>
| # endif
| # include <string.h>
| #endif
| #ifdef HAVE_STRINGS_H
| # include <strings.h>
| #endif
| #ifdef HAVE_INTTYPES_H
| # include <inttypes.h>
| #endif
| #ifdef HAVE_STDINT_H
| # include <stdint.h>
| #endif
| #ifdef HAVE_UNISTD_H
| # include <unistd.h>
| #endif
| int
| main ()
| {
| if (sizeof ((mode_t)))
| 	    return 0;
|   ;
|   return 0;
| }
configure:19552: result: yes
configure:19563: checking for off_t
configure:19563: gcc -c -g -O2  conftest.c >&5
configure:19563: $? = 0
configure:19563: gcc -c -g -O2  conftest.c >&5
conftest.c: In function 'main':
conftest.c:73:20: error: expected expression before ')' token
 if (sizeof ((off_t)))
                    ^
configure:19563: $? = 1
configure: failed program was:
| /* confdefs.h */
| #define PACKAGE_NAME "LZMA"
| #define PACKAGE_TARNAME "lzma"
| #define PACKAGE_VERSION "4.32.7"
| #define PACKAGE_STRING "LZMA 4.32.7"
| #define PACKAGE_BUGREPORT "lasse.collin@tukaani.org"
| #define PACKAGE_URL ""
| #define NDEBUG 1
| #define PACKAGE "lzma"
| #define VERSION "4.32.7"
| #define STDC_HEADERS 1
| #define HAVE_SYS_TYPES_H 1
| #define HAVE_SYS_STAT_H 1
| #define HAVE_STDLIB_H 1
| #define HAVE_STRING_H 1
| #define HAVE_MEMORY_H 1
| #define HAVE_STRINGS_H 1
| #define HAVE_INTTYPES_H 1
| #define HAVE_STDINT_H 1
| #define HAVE_UNISTD_H 1
| #define HAVE_DLFCN_H 1
| #define STDC_HEADERS 1
| #define HAVE_FCNTL_H 1
| #define HAVE_INTTYPES_H 1
| #define HAVE_LIMITS_H 1
| #define HAVE_STDDEF_H 1
| #define HAVE_STDLIB_H 1
| #define HAVE_STRING_H 1
| #define HAVE_SYS_TIME_H 1
| #define HAVE_UNISTD_H 1
| #define HAVE_UTIME_H 1
| #define HAVE_ERRNO_H 1
| #define HAVE__BOOL 1
| #define HAVE_STDBOOL_H 1
| #define TIME_WITH_SYS_TIME 1
| /* end confdefs.h.  */
| #include <stdio.h>
| #ifdef HAVE_SYS_TYPES_H
| # include <sys/types.h>
| #endif
| #ifdef HAVE_SYS_STAT_H
| # include <sys/stat.h>
| #endif
| #ifdef STDC_HEADERS
| # include <stdlib.h>
| # include <stddef.h>
| #else
| # ifdef HAVE_STDLIB_H
| #  include <stdlib.h>
| # endif
| #endif
| #ifdef HAVE_STRING_H
| # if !defined STDC_HEADERS && defined HAVE_MEMORY_H
| #  include <memory.h>
| # endif
| # include <string.h>
| #endif
| #ifdef HAVE_STRINGS_H
| # include <strings.h>
| #endif
| #ifdef HAVE_INTTYPES_H
| # include <inttypes.h>
| #endif
| #ifdef HAVE_STDINT_H
| # include <stdint.h>
| #endif
| #ifdef HAVE_UNISTD_H
| # include <unistd.h>
| #endif
| int
| main ()
| {
| if (sizeof ((off_t)))
| 	    return 0;
|   ;
|   return 0;
| }
configure:19563: result: yes
configure:19574: checking for size_t
configure:19574: gcc -c -g -O2  conftest.c >&5
configure:19574: $? = 0
configure:19574: gcc -c -g -O2  conftest.c >&5
conftest.c: In function 'main':
conftest.c:73:21: error: expected expression before ')' token
 if (sizeof ((size_t)))
                     ^
configure:19574: $? = 1
configure: failed program was:
| /* confdefs.h */
| #define PACKAGE_NAME "LZMA"
| #define PACKAGE_TARNAME "lzma"
| #define PACKAGE_VERSION "4.32.7"
| #define PACKAGE_STRING "LZMA 4.32.7"
| #define PACKAGE_BUGREPORT "lasse.collin@tukaani.org"
| #define PACKAGE_URL ""
| #define NDEBUG 1
| #define PACKAGE "lzma"
| #define VERSION "4.32.7"
| #define STDC_HEADERS 1
| #define HAVE_SYS_TYPES_H 1
| #define HAVE_SYS_STAT_H 1
| #define HAVE_STDLIB_H 1
| #define HAVE_STRING_H 1
| #define HAVE_MEMORY_H 1
| #define HAVE_STRINGS_H 1
| #define HAVE_INTTYPES_H 1
| #define HAVE_STDINT_H 1
| #define HAVE_UNISTD_H 1
| #define HAVE_DLFCN_H 1
| #define STDC_HEADERS 1
| #define HAVE_FCNTL_H 1
| #define HAVE_INTTYPES_H 1
| #define HAVE_LIMITS_H 1
| #define HAVE_STDDEF_H 1
| #define HAVE_STDLIB_H 1
| #define HAVE_STRING_H 1
| #define HAVE_SYS_TIME_H 1
| #define HAVE_UNISTD_H 1
| #define HAVE_UTIME_H 1
| #define HAVE_ERRNO_H 1
| #define HAVE__BOOL 1
| #define HAVE_STDBOOL_H 1
| #define TIME_WITH_SYS_TIME 1
| /* end confdefs.h.  */
| #include <stdio.h>
| #ifdef HAVE_SYS_TYPES_H
| # include <sys/types.h>
| #endif
| #ifdef HAVE_SYS_STAT_H
| # include <sys/stat.h>
| #endif
| #ifdef STDC_HEADERS
| # include <stdlib.h>
| # include <stddef.h>
| #else
| # ifdef HAVE_STDLIB_H
| #  include <stdlib.h>
| # endif
| #endif
| #ifdef HAVE_STRING_H
| # if !defined STDC_HEADERS && defined HAVE_MEMORY_H
| #  include <memory.h>
| # endif
| # include <string.h>
| #endif
| #ifdef HAVE_STRINGS_H
| # include <strings.h>
| #endif
| #ifdef HAVE_INTTYPES_H
| # include <inttypes.h>
| #endif
| #ifdef HAVE_STDINT_H
| # include <stdint.h>
| #endif
| #ifdef HAVE_UNISTD_H
| # include <unistd.h>
| #endif
| int
| main ()
| {
| if (sizeof ((size_t)))
| 	    return 0;
|   ;
|   return 0;
| }
configure:19574: result: yes
configure:19585: checking for int_fast8_t
configure:19585: gcc -c -g -O2  conftest.c >&5
configure:19585: $? = 0
configure:19585: gcc -c -g -O2  conftest.c >&5
conftest.c: In function 'main':
conftest.c:73:26: error: expected expression before ')' token
 if (sizeof ((int_fast8_t)))
                          ^
configure:19585: $? = 1
configure: failed program was:
| /* confdefs.h */
| #define PACKAGE_NAME "LZMA"
| #define PACKAGE_TARNAME "lzma"
| #define PACKAGE_VERSION "4.32.7"
| #define PACKAGE_STRING "LZMA 4.32.7"
| #define PACKAGE_BUGREPORT "lasse.collin@tukaani.org"
| #define PACKAGE_URL ""
| #define NDEBUG 1
| #define PACKAGE "lzma"
| #define VERSION "4.32.7"
| #define STDC_HEADERS 1
| #define HAVE_SYS_TYPES_H 1
| #define HAVE_SYS_STAT_H 1
| #define HAVE_STDLIB_H 1
| #define HAVE_STRING_H 1
| #define HAVE_MEMORY_H 1
| #define HAVE_STRINGS_H 1
| #define HAVE_INTTYPES_H 1
| #define HAVE_STDINT_H 1
| #define HAVE_UNISTD_H 1
| #define HAVE_DLFCN_H 1
| #define STDC_HEADERS 1
| #define HAVE_FCNTL_H 1
| #define HAVE_INTTYPES_H 1
| #define HAVE_LIMITS_H 1
| #define HAVE_STDDEF_H 1
| #define HAVE_STDLIB_H 1
| #define HAVE_STRING_H 1
| #define HAVE_SYS_TIME_H 1
| #define HAVE_UNISTD_H 1
| #define HAVE_UTIME_H 1
| #define HAVE_ERRNO_H 1
| #define HAVE__BOOL 1
| #define HAVE_STDBOOL_H 1
| #define TIME_WITH_SYS_TIME 1
| /* end confdefs.h.  */
| #include <stdio.h>
| #ifdef HAVE_SYS_TYPES_H
| # include <sys/types.h>
| #endif
| #ifdef HAVE_SYS_STAT_H
| # include <sys/stat.h>
| #endif
| #ifdef STDC_HEADERS
| # include <stdlib.h>
| # include <stddef.h>
| #else
| # ifdef HAVE_STDLIB_H
| #  include <stdlib.h>
| # endif
| #endif
| #ifdef HAVE_STRING_H
| # if !defined STDC_HEADERS && defined HAVE_MEMORY_H
| #  include <memory.h>
| # endif
| # include <string.h>
| #endif
| #ifdef HAVE_STRINGS_H
| # include <strings.h>
| #endif
| #ifdef HAVE_INTTYPES_H
| # include <inttypes.h>
| #endif
| #ifdef HAVE_STDINT_H
| # include <stdint.h>
| #endif
| #ifdef HAVE_UNISTD_H
| # include <unistd.h>
| #endif
| int
| main ()
| {
| if (sizeof ((int_fast8_t)))
| 	    return 0;
|   ;
|   return 0;
| }
configure:19585: result: yes
configure:19594: checking for uint_fast8_t
configure:19594: gcc -c -g -O2  conftest.c >&5
configure:19594: $? = 0
configure:19594: gcc -c -g -O2  conftest.c >&5
conftest.c: In function 'main':
conftest.c:73:27: error: expected expression before ')' token
 if (sizeof ((uint_fast8_t)))
                           ^
configure:19594: $? = 1
configure: failed program was:
| /* confdefs.h */
| #define PACKAGE_NAME "LZMA"
| #define PACKAGE_TARNAME "lzma"
| #define PACKAGE_VERSION "4.32.7"
| #define PACKAGE_STRING "LZMA 4.32.7"
| #define PACKAGE_BUGREPORT "lasse.collin@tukaani.org"
| #define PACKAGE_URL ""
| #define NDEBUG 1
| #define PACKAGE "lzma"
| #define VERSION "4.32.7"
| #define STDC_HEADERS 1
| #define HAVE_SYS_TYPES_H 1
| #define HAVE_SYS_STAT_H 1
| #define HAVE_STDLIB_H 1
| #define HAVE_STRING_H 1
| #define HAVE_MEMORY_H 1
| #define HAVE_STRINGS_H 1
| #define HAVE_INTTYPES_H 1
| #define HAVE_STDINT_H 1
| #define HAVE_UNISTD_H 1
| #define HAVE_DLFCN_H 1
| #define STDC_HEADERS 1
| #define HAVE_FCNTL_H 1
| #define HAVE_INTTYPES_H 1
| #define HAVE_LIMITS_H 1
| #define HAVE_STDDEF_H 1
| #define HAVE_STDLIB_H 1
| #define HAVE_STRING_H 1
| #define HAVE_SYS_TIME_H 1
| #define HAVE_UNISTD_H 1
| #define HAVE_UTIME_H 1
| #define HAVE_ERRNO_H 1
| #define HAVE__BOOL 1
| #define HAVE_STDBOOL_H 1
| #define TIME_WITH_SYS_TIME 1
| /* end confdefs.h.  */
| #include <stdio.h>
| #ifdef HAVE_SYS_TYPES_H
| # include <sys/types.h>
| #endif
| #ifdef HAVE_SYS_STAT_H
| # include <sys/stat.h>
| #endif
| #ifdef STDC_HEADERS
| # include <stdlib.h>
| # include <stddef.h>
| #else
| # ifdef HAVE_STDLIB_H
| #  include <stdlib.h>
| # endif
| #endif
| #ifdef HAVE_STRING_H
| # if !defined STDC_HEADERS && defined HAVE_MEMORY_H
| #  include <memory.h>
| # endif
| # include <string.h>
| #endif
| #ifdef HAVE_STRINGS_H
| # include <strings.h>
| #endif
| #ifdef HAVE_INTTYPES_H
| # include <inttypes.h>
| #endif
| #ifdef HAVE_STDINT_H
| # include <stdint.h>
| #endif
| #ifdef HAVE_UNISTD_H
| # include <unistd.h>
| #endif
| int
| main ()
| {
| if (sizeof ((uint_fast8_t)))
| 	    return 0;
|   ;
|   return 0;
| }
configure:19594: result: yes
configure:19603: checking for int_fast16_t
configure:19603: gcc -c -g -O2  conftest.c >&5
configure:19603: $? = 0
configure:19603: gcc -c -g -O2  conftest.c >&5
conftest.c: In function 'main':
conftest.c:73:27: error: expected expression before ')' token
 if (sizeof ((int_fast16_t)))
                           ^
configure:19603: $? = 1
configure: failed program was:
| /* confdefs.h */
| #define PACKAGE_NAME "LZMA"
| #define PACKAGE_TARNAME "lzma"
| #define PACKAGE_VERSION "4.32.7"
| #define PACKAGE_STRING "LZMA 4.32.7"
| #define PACKAGE_BUGREPORT "lasse.collin@tukaani.org"
| #define PACKAGE_URL ""
| #define NDEBUG 1
| #define PACKAGE "lzma"
| #define VERSION "4.32.7"
| #define STDC_HEADERS 1
| #define HAVE_SYS_TYPES_H 1
| #define HAVE_SYS_STAT_H 1
| #define HAVE_STDLIB_H 1
| #define HAVE_STRING_H 1
| #define HAVE_MEMORY_H 1
| #define HAVE_STRINGS_H 1
| #define HAVE_INTTYPES_H 1
| #define HAVE_STDINT_H 1
| #define HAVE_UNISTD_H 1
| #define HAVE_DLFCN_H 1
| #define STDC_HEADERS 1
| #define HAVE_FCNTL_H 1
| #define HAVE_INTTYPES_H 1
| #define HAVE_LIMITS_H 1
| #define HAVE_STDDEF_H 1
| #define HAVE_STDLIB_H 1
| #define HAVE_STRING_H 1
| #define HAVE_SYS_TIME_H 1
| #define HAVE_UNISTD_H 1
| #define HAVE_UTIME_H 1
| #define HAVE_ERRNO_H 1
| #define HAVE__BOOL 1
| #define HAVE_STDBOOL_H 1
| #define TIME_WITH_SYS_TIME 1
| /* end confdefs.h.  */
| #include <stdio.h>
| #ifdef HAVE_SYS_TYPES_H
| # include <sys/types.h>
| #endif
| #ifdef HAVE_SYS_STAT_H
| # include <sys/stat.h>
| #endif
| #ifdef STDC_HEADERS
| # include <stdlib.h>
| # include <stddef.h>
| #else
| # ifdef HAVE_STDLIB_H
| #  include <stdlib.h>
| # endif
| #endif
| #ifdef HAVE_STRING_H
| # if !defined STDC_HEADERS && defined HAVE_MEMORY_H
| #  include <memory.h>
| # endif
| # include <string.h>
| #endif
| #ifdef HAVE_STRINGS_H
| # include <strings.h>
| #endif
| #ifdef HAVE_INTTYPES_H
| # include <inttypes.h>
| #endif
| #ifdef HAVE_STDINT_H
| # include <stdint.h>
| #endif
| #ifdef HAVE_UNISTD_H
| # include <unistd.h>
| #endif
| int
| main ()
| {
| if (sizeof ((int_fast16_t)))
| 	    return 0;
|   ;
|   return 0;
| }
configure:19603: result: yes
configure:19612: checking for uint_fast16_t
configure:19612: gcc -c -g -O2  conftest.c >&5
configure:19612: $? = 0
configure:19612: gcc -c -g -O2  conftest.c >&5
conftest.c: In function 'main':
conftest.c:73:28: error: expected expression before ')' token
 if (sizeof ((uint_fast16_t)))
                            ^
configure:19612: $? = 1
configure: failed program was:
| /* confdefs.h */
| #define PACKAGE_NAME "LZMA"
| #define PACKAGE_TARNAME "lzma"
| #define PACKAGE_VERSION "4.32.7"
| #define PACKAGE_STRING "LZMA 4.32.7"
| #define PACKAGE_BUGREPORT "lasse.collin@tukaani.org"
| #define PACKAGE_URL ""
| #define NDEBUG 1
| #define PACKAGE "lzma"
| #define VERSION "4.32.7"
| #define STDC_HEADERS 1
| #define HAVE_SYS_TYPES_H 1
| #define HAVE_SYS_STAT_H 1
| #define HAVE_STDLIB_H 1
| #define HAVE_STRING_H 1
| #define HAVE_MEMORY_H 1
| #define HAVE_STRINGS_H 1
| #define HAVE_INTTYPES_H 1
| #define HAVE_STDINT_H 1
| #define HAVE_UNISTD_H 1
| #define HAVE_DLFCN_H 1
| #define STDC_HEADERS 1
| #define HAVE_FCNTL_H 1
| #define HAVE_INTTYPES_H 1
| #define HAVE_LIMITS_H 1
| #define HAVE_STDDEF_H 1
| #define HAVE_STDLIB_H 1
| #define HAVE_STRING_H 1
| #define HAVE_SYS_TIME_H 1
| #define HAVE_UNISTD_H 1
| #define HAVE_UTIME_H 1
| #define HAVE_ERRNO_H 1
| #define HAVE__BOOL 1
| #define HAVE_STDBOOL_H 1
| #define TIME_WITH_SYS_TIME 1
| /* end confdefs.h.  */
| #include <stdio.h>
| #ifdef HAVE_SYS_TYPES_H
| # include <sys/types.h>
| #endif
| #ifdef HAVE_SYS_STAT_H
| # include <sys/stat.h>
| #endif
| #ifdef STDC_HEADERS
| # include <stdlib.h>
| # include <stddef.h>
| #else
| # ifdef HAVE_STDLIB_H
| #  include <stdlib.h>
| # endif
| #endif
| #ifdef HAVE_STRING_H
| # if !defined STDC_HEADERS && defined HAVE_MEMORY_H
| #  include <memory.h>
| # endif
| # include <string.h>
| #endif
| #ifdef HAVE_STRINGS_H
| # include <strings.h>
| #endif
| #ifdef HAVE_INTTYPES_H
| # include <inttypes.h>
| #endif
| #ifdef HAVE_STDINT_H
| # include <stdint.h>
| #endif
| #ifdef HAVE_UNISTD_H
| # include <unistd.h>
| #endif
| int
| main ()
| {
| if (sizeof ((uint_fast16_t)))
| 	    return 0;
|   ;
|   return 0;
| }
configure:19612: result: yes
configure:19621: checking for int_fast32_t
configure:19621: gcc -c -g -O2  conftest.c >&5
configure:19621: $? = 0
configure:19621: gcc -c -g -O2  conftest.c >&5
conftest.c: In function 'main':
conftest.c:73:27: error: expected expression before ')' token
 if (sizeof ((int_fast32_t)))
                           ^
configure:19621: $? = 1
configure: failed program was:
| /* confdefs.h */
| #define PACKAGE_NAME "LZMA"
| #define PACKAGE_TARNAME "lzma"
| #define PACKAGE_VERSION "4.32.7"
| #define PACKAGE_STRING "LZMA 4.32.7"
| #define PACKAGE_BUGREPORT "lasse.collin@tukaani.org"
| #define PACKAGE_URL ""
| #define NDEBUG 1
| #define PACKAGE "lzma"
| #define VERSION "4.32.7"
| #define STDC_HEADERS 1
| #define HAVE_SYS_TYPES_H 1
| #define HAVE_SYS_STAT_H 1
| #define HAVE_STDLIB_H 1
| #define HAVE_STRING_H 1
| #define HAVE_MEMORY_H 1
| #define HAVE_STRINGS_H 1
| #define HAVE_INTTYPES_H 1
| #define HAVE_STDINT_H 1
| #define HAVE_UNISTD_H 1
| #define HAVE_DLFCN_H 1
| #define STDC_HEADERS 1
| #define HAVE_FCNTL_H 1
| #define HAVE_INTTYPES_H 1
| #define HAVE_LIMITS_H 1
| #define HAVE_STDDEF_H 1
| #define HAVE_STDLIB_H 1
| #define HAVE_STRING_H 1
| #define HAVE_SYS_TIME_H 1
| #define HAVE_UNISTD_H 1
| #define HAVE_UTIME_H 1
| #define HAVE_ERRNO_H 1
| #define HAVE__BOOL 1
| #define HAVE_STDBOOL_H 1
| #define TIME_WITH_SYS_TIME 1
| /* end confdefs.h.  */
| #include <stdio.h>
| #ifdef HAVE_SYS_TYPES_H
| # include <sys/types.h>
| #endif
| #ifdef HAVE_SYS_STAT_H
| # include <sys/stat.h>
| #endif
| #ifdef STDC_HEADERS
| # include <stdlib.h>
| # include <stddef.h>
| #else
| # ifdef HAVE_STDLIB_H
| #  include <stdlib.h>
| # endif
| #endif
| #ifdef HAVE_STRING_H
| # if !defined STDC_HEADERS && defined HAVE_MEMORY_H
| #  include <memory.h>
| # endif
| # include <string.h>
| #endif
| #ifdef HAVE_STRINGS_H
| # include <strings.h>
| #endif
| #ifdef HAVE_INTTYPES_H
| # include <inttypes.h>
| #endif
| #ifdef HAVE_STDINT_H
| # include <stdint.h>
| #endif
| #ifdef HAVE_UNISTD_H
| # include <unistd.h>
| #endif
| int
| main ()
| {
| if (sizeof ((int_fast32_t)))
| 	    return 0;
|   ;
|   return 0;
| }
configure:19621: result: yes
configure:19630: checking for uint_fast32_t
configure:19630: gcc -c -g -O2  conftest.c >&5
configure:19630: $? = 0
configure:19630: gcc -c -g -O2  conftest.c >&5
conftest.c: In function 'main':
conftest.c:73:28: error: expected expression before ')' token
 if (sizeof ((uint_fast32_t)))
                            ^
configure:19630: $? = 1
configure: failed program was:
| /* confdefs.h */
| #define PACKAGE_NAME "LZMA"
| #define PACKAGE_TARNAME "lzma"
| #define PACKAGE_VERSION "4.32.7"
| #define PACKAGE_STRING "LZMA 4.32.7"
| #define PACKAGE_BUGREPORT "lasse.collin@tukaani.org"
| #define PACKAGE_URL ""
| #define NDEBUG 1
| #define PACKAGE "lzma"
| #define VERSION "4.32.7"
| #define STDC_HEADERS 1
| #define HAVE_SYS_TYPES_H 1
| #define HAVE_SYS_STAT_H 1
| #define HAVE_STDLIB_H 1
| #define HAVE_STRING_H 1
| #define HAVE_MEMORY_H 1
| #define HAVE_STRINGS_H 1
| #define HAVE_INTTYPES_H 1
| #define HAVE_STDINT_H 1
| #define HAVE_UNISTD_H 1
| #define HAVE_DLFCN_H 1
| #define STDC_HEADERS 1
| #define HAVE_FCNTL_H 1
| #define HAVE_INTTYPES_H 1
| #define HAVE_LIMITS_H 1
| #define HAVE_STDDEF_H 1
| #define HAVE_STDLIB_H 1
| #define HAVE_STRING_H 1
| #define HAVE_SYS_TIME_H 1
| #define HAVE_UNISTD_H 1
| #define HAVE_UTIME_H 1
| #define HAVE_ERRNO_H 1
| #define HAVE__BOOL 1
| #define HAVE_STDBOOL_H 1
| #define TIME_WITH_SYS_TIME 1
| /* end confdefs.h.  */
| #include <stdio.h>
| #ifdef HAVE_SYS_TYPES_H
| # include <sys/types.h>
| #endif
| #ifdef HAVE_SYS_STAT_H
| # include <sys/stat.h>
| #endif
| #ifdef STDC_HEADERS
| # include <stdlib.h>
| # include <stddef.h>
| #else
| # ifdef HAVE_STDLIB_H
| #  include <stdlib.h>
| # endif
| #endif
| #ifdef HAVE_STRING_H
| # if !defined STDC_HEADERS && defined HAVE_MEMORY_H
| #  include <memory.h>
| # endif
| # include <string.h>
| #endif
| #ifdef HAVE_STRINGS_H
| # include <strings.h>
| #endif
| #ifdef HAVE_INTTYPES_H
| # include <inttypes.h>
| #endif
| #ifdef HAVE_STDINT_H
| # include <stdint.h>
| #endif
| #ifdef HAVE_UNISTD_H
| # include <unistd.h>
| #endif
| int
| main ()
| {
| if (sizeof ((uint_fast32_t)))
| 	    return 0;
|   ;
|   return 0;
| }
configure:19630: result: yes
configure:19639: checking for int_fast64_t
configure:19639: gcc -c -g -O2  conftest.c >&5
configure:19639: $? = 0
configure:19639: gcc -c -g -O2  conftest.c >&5
conftest.c: In function 'main':
conftest.c:73:27: error: expected expression before ')' token
 if (sizeof ((int_fast64_t)))
                           ^
configure:19639: $? = 1
configure: failed program was:
| /* confdefs.h */
| #define PACKAGE_NAME "LZMA"
| #define PACKAGE_TARNAME "lzma"
| #define PACKAGE_VERSION "4.32.7"
| #define PACKAGE_STRING "LZMA 4.32.7"
| #define PACKAGE_BUGREPORT "lasse.collin@tukaani.org"
| #define PACKAGE_URL ""
| #define NDEBUG 1
| #define PACKAGE "lzma"
| #define VERSION "4.32.7"
| #define STDC_HEADERS 1
| #define HAVE_SYS_TYPES_H 1
| #define HAVE_SYS_STAT_H 1
| #define HAVE_STDLIB_H 1
| #define HAVE_STRING_H 1
| #define HAVE_MEMORY_H 1
| #define HAVE_STRINGS_H 1
| #define HAVE_INTTYPES_H 1
| #define HAVE_STDINT_H 1
| #define HAVE_UNISTD_H 1
| #define HAVE_DLFCN_H 1
| #define STDC_HEADERS 1
| #define HAVE_FCNTL_H 1
| #define HAVE_INTTYPES_H 1
| #define HAVE_LIMITS_H 1
| #define HAVE_STDDEF_H 1
| #define HAVE_STDLIB_H 1
| #define HAVE_STRING_H 1
| #define HAVE_SYS_TIME_H 1
| #define HAVE_UNISTD_H 1
| #define HAVE_UTIME_H 1
| #define HAVE_ERRNO_H 1
| #define HAVE__BOOL 1
| #define HAVE_STDBOOL_H 1
| #define TIME_WITH_SYS_TIME 1
| /* end confdefs.h.  */
| #include <stdio.h>
| #ifdef HAVE_SYS_TYPES_H
| # include <sys/types.h>
| #endif
| #ifdef HAVE_SYS_STAT_H
| # include <sys/stat.h>
| #endif
| #ifdef STDC_HEADERS
| # include <stdlib.h>
| # include <stddef.h>
| #else
| # ifdef HAVE_STDLIB_H
| #  include <stdlib.h>
| # endif
| #endif
| #ifdef HAVE_STRING_H
| # if !defined STDC_HEADERS && defined HAVE_MEMORY_H
| #  include <memory.h>
| # endif
| # include <string.h>
| #endif
| #ifdef HAVE_STRINGS_H
| # include <strings.h>
| #endif
| #ifdef HAVE_INTTYPES_H
| # include <inttypes.h>
| #endif
| #ifdef HAVE_STDINT_H
| # include <stdint.h>
| #endif
| #ifdef HAVE_UNISTD_H
| # include <unistd.h>
| #endif
| int
| main ()
| {
| if (sizeof ((int_fast64_t)))
| 	    return 0;
|   ;
|   return 0;
| }
configure:19639: result: yes
configure:19648: checking for uint_fast64_t
configure:19648: gcc -c -g -O2  conftest.c >&5
configure:19648: $? = 0
configure:19648: gcc -c -g -O2  conftest.c >&5
conftest.c: In function 'main':
conftest.c:73:28: error: expected expression before ')' token
 if (sizeof ((uint_fast64_t)))
                            ^
configure:19648: $? = 1
configure: failed program was:
| /* confdefs.h */
| #define PACKAGE_NAME "LZMA"
| #define PACKAGE_TARNAME "lzma"
| #define PACKAGE_VERSION "4.32.7"
| #define PACKAGE_STRING "LZMA 4.32.7"
| #define PACKAGE_BUGREPORT "lasse.collin@tukaani.org"
| #define PACKAGE_URL ""
| #define NDEBUG 1
| #define PACKAGE "lzma"
| #define VERSION "4.32.7"
| #define STDC_HEADERS 1
| #define HAVE_SYS_TYPES_H 1
| #define HAVE_SYS_STAT_H 1
| #define HAVE_STDLIB_H 1
| #define HAVE_STRING_H 1
| #define HAVE_MEMORY_H 1
| #define HAVE_STRINGS_H 1
| #define HAVE_INTTYPES_H 1
| #define HAVE_STDINT_H 1
| #define HAVE_UNISTD_H 1
| #define HAVE_DLFCN_H 1
| #define STDC_HEADERS 1
| #define HAVE_FCNTL_H 1
| #define HAVE_INTTYPES_H 1
| #define HAVE_LIMITS_H 1
| #define HAVE_STDDEF_H 1
| #define HAVE_STDLIB_H 1
| #define HAVE_STRING_H 1
| #define HAVE_SYS_TIME_H 1
| #define HAVE_UNISTD_H 1
| #define HAVE_UTIME_H 1
| #define HAVE_ERRNO_H 1
| #define HAVE__BOOL 1
| #define HAVE_STDBOOL_H 1
| #define TIME_WITH_SYS_TIME 1
| /* end confdefs.h.  */
| #include <stdio.h>
| #ifdef HAVE_SYS_TYPES_H
| # include <sys/types.h>
| #endif
| #ifdef HAVE_SYS_STAT_H
| # include <sys/stat.h>
| #endif
| #ifdef STDC_HEADERS
| # include <stdlib.h>
| # include <stddef.h>
| #else
| # ifdef HAVE_STDLIB_H
| #  include <stdlib.h>
| # endif
| #endif
| #ifdef HAVE_STRING_H
| # if !defined STDC_HEADERS && defined HAVE_MEMORY_H
| #  include <memory.h>
| # endif
| # include <string.h>
| #endif
| #ifdef HAVE_STRINGS_H
| # include <strings.h>
| #endif
| #ifdef HAVE_INTTYPES_H
| # include <inttypes.h>
| #endif
| #ifdef HAVE_STDINT_H
| # include <stdint.h>
| #endif
| #ifdef HAVE_UNISTD_H
| # include <unistd.h>
| #endif
| int
| main ()
| {
| if (sizeof ((uint_fast64_t)))
| 	    return 0;
|   ;
|   return 0;
| }
configure:19648: result: yes
configure:19665: checking for special C compiler options needed for large files
configure:19710: result: no
configure:19716: checking for _FILE_OFFSET_BITS value needed for large files
configure:19741: gcc -c -g -O2  conftest.c >&5
configure:19741: $? = 0
configure:19773: result: no
configure:19863: checking for memmove
configure:19863: gcc -o conftest -g -O2   conftest.c  >&5
conftest.c:60:6: warning: conflicting types for built-in function 'memmove'
 char memmove ();
      ^
configure:19863: $? = 0
configure:19863: result: yes
configure:19863: checking for strdup
configure:19863: gcc -o conftest -g -O2   conftest.c  >&5
conftest.c:61:6: warning: conflicting types for built-in function 'strdup'
 char strdup ();
      ^
configure:19863: $? = 0
configure:19863: result: yes
configure:19863: checking for memset
configure:19863: gcc -o conftest -g -O2   conftest.c  >&5
conftest.c:62:6: warning: conflicting types for built-in function 'memset'
 char memset ();
      ^
configure:19863: $? = 0
configure:19863: result: yes
configure:19863: checking for strerror
configure:19863: gcc -o conftest -g -O2   conftest.c  >&5
configure:19863: $? = 0
configure:19863: result: yes
configure:19863: checking for strrchr
configure:19863: gcc -o conftest -g -O2   conftest.c  >&5
conftest.c:64:6: warning: conflicting types for built-in function 'strrchr'
 char strrchr ();
      ^
configure:19863: $? = 0
configure:19863: result: yes
configure:19863: checking for strtol
configure:19863: gcc -o conftest -g -O2   conftest.c  >&5
configure:19863: $? = 0
configure:19863: result: yes
configure:19863: checking for utime
configure:19863: gcc -o conftest -g -O2   conftest.c  >&5
configure:19863: $? = 0
configure:19863: result: yes
configure:19863: checking for utimes
configure:19863: gcc -o conftest -g -O2   conftest.c  >&5
configure:19863: $? = 0
configure:19863: result: yes
configure:19863: checking for futimes
configure:19863: gcc -o conftest -g -O2   conftest.c  >&5
configure:19863: $? = 0
configure:19863: result: yes
configure:19863: checking for futimesat
configure:19863: gcc -o conftest -g -O2   conftest.c  >&5
configure:19863: $? = 0
configure:19863: result: yes
configure:19863: checking for snprintf
configure:19863: gcc -o conftest -g -O2   conftest.c  >&5
conftest.c:70:6: warning: conflicting types for built-in function 'snprintf'
 char snprintf ();
      ^
configure:19863: $? = 0
configure:19863: result: yes
configure:19877: checking getopt.h usability
configure:19877: gcc -c -g -O2  conftest.c >&5
configure:19877: $? = 0
configure:19877: result: yes
configure:19877: checking getopt.h presence
configure:19877: gcc -E  conftest.c
configure:19877: $? = 0
configure:19877: result: yes
configure:19877: checking for getopt.h
configure:19877: result: yes
configure:19894: checking for getopt_long_only
configure:19894: gcc -o conftest -g -O2   conftest.c  >&5
configure:19894: $? = 0
configure:19894: result: yes
configure:19908: checking whether optreset is declared
configure:19908: gcc -c -g -O2  conftest.c >&5
conftest.c: In function 'main':
conftest.c:59:10: error: 'optreset' undeclared (first use in this function)
   (void) optreset;
          ^
conftest.c:59:10: note: each undeclared identifier is reported only once for each function it appears in
configure:19908: $? = 1
configure: failed program was:
| /* confdefs.h */
| #define PACKAGE_NAME "LZMA"
| #define PACKAGE_TARNAME "lzma"
| #define PACKAGE_VERSION "4.32.7"
| #define PACKAGE_STRING "LZMA 4.32.7"
| #define PACKAGE_BUGREPORT "lasse.collin@tukaani.org"
| #define PACKAGE_URL ""
| #define NDEBUG 1
| #define PACKAGE "lzma"
| #define VERSION "4.32.7"
| #define STDC_HEADERS 1
| #define HAVE_SYS_TYPES_H 1
| #define HAVE_SYS_STAT_H 1
| #define HAVE_STDLIB_H 1
| #define HAVE_STRING_H 1
| #define HAVE_MEMORY_H 1
| #define HAVE_STRINGS_H 1
| #define HAVE_INTTYPES_H 1
| #define HAVE_STDINT_H 1
| #define HAVE_UNISTD_H 1
| #define HAVE_DLFCN_H 1
| #define STDC_HEADERS 1
| #define HAVE_FCNTL_H 1
| #define HAVE_INTTYPES_H 1
| #define HAVE_LIMITS_H 1
| #define HAVE_STDDEF_H 1
| #define HAVE_STDLIB_H 1
| #define HAVE_STRING_H 1
| #define HAVE_SYS_TIME_H 1
| #define HAVE_UNISTD_H 1
| #define HAVE_UTIME_H 1
| #define HAVE_ERRNO_H 1
| #define HAVE__BOOL 1
| #define HAVE_STDBOOL_H 1
| #define TIME_WITH_SYS_TIME 1
| #define HAVE_MEMMOVE 1
| #define HAVE_STRDUP 1
| #define HAVE_MEMSET 1
| #define HAVE_STRERROR 1
| #define HAVE_STRRCHR 1
| #define HAVE_STRTOL 1
| #define HAVE_UTIME 1
| #define HAVE_UTIMES 1
| #define HAVE_FUTIMES 1
| #define HAVE_FUTIMESAT 1
| #define HAVE_SNPRINTF 1
| #define HAVE_GETOPT_H 1
| #define HAVE_GETOPT_LONG_ONLY 1
| /* end confdefs.h.  */
| #include <getopt.h>
| 
| int
| main ()
| {
| #ifndef optreset
| #ifdef __cplusplus
|   (void) optreset;
| #else
|   (void) optreset;
| #endif
| #endif
| 
|   ;
|   return 0;
| }
configure:19908: result: no
configure:19917: checking for working GNU getopt function
configure:19949: gcc -o conftest -g -O2   conftest.c  >&5
configure:19949: $? = 0
configure:19949: ./conftest
conftest: invalid option -- '+'
configure:19949: $? = 0
configure:19959: result: yes
configure:19966: checking whether getenv is declared
configure:19966: gcc -c -g -O2  conftest.c >&5
configure:19966: $? = 0
configure:19966: result: yes
configure:20135: creating ./config.status

## ---------------- ##
## Cache variables. ##
## ---------------- ##

ac_cv_build=x86_64-unknown-linux-gnu
ac_cv_c_compiler_gnu=yes
ac_cv_c_const=yes
ac_cv_c_inline=inline
ac_cv_cxx_compiler_gnu=yes
ac_cv_env_CCC_set=
ac_cv_env_CCC_value=
ac_cv_env_CC_set=
ac_cv_env_CC_value=
ac_cv_env_CFLAGS_set=
ac_cv_env_CFLAGS_value=
ac_cv_env_CPPFLAGS_set=
ac_cv_env_CPPFLAGS_value=
ac_cv_env_CPP_set=
ac_cv_env_CPP_value=
ac_cv_env_CXXCPP_set=
ac_cv_env_CXXCPP_value=
ac_cv_env_CXXFLAGS_set=
ac_cv_env_CXXFLAGS_value=
ac_cv_env_CXX_set=
ac_cv_env_CXX_value=
ac_cv_env_F77_set=
ac_cv_env_F77_value=
ac_cv_env_FFLAGS_set=
ac_cv_env_FFLAGS_value=
ac_cv_env_LDFLAGS_set=
ac_cv_env_LDFLAGS_value=
ac_cv_env_LIBS_set=
ac_cv_env_LIBS_value=
ac_cv_env_build_alias_set=
ac_cv_env_build_alias_value=
ac_cv_env_host_alias_set=
ac_cv_env_host_alias_value=
ac_cv_env_target_alias_set=
ac_cv_env_target_alias_value=
ac_cv_f77_compiler_gnu=no
ac_cv_func_futimes=yes
ac_cv_func_futimesat=yes
ac_cv_func_getopt_long_only=yes
ac_cv_func_memmove=yes
ac_cv_func_memset=yes
ac_cv_func_snprintf=yes
ac_cv_func_strdup=yes
ac_cv_func_strerror=yes
ac_cv_func_strrchr=yes
ac_cv_func_strtol=yes
ac_cv_func_utime=yes
ac_cv_func_utimes=yes
ac_cv_have_decl_getenv=yes
ac_cv_have_decl_optreset=no
ac_cv_header_dlfcn_h=yes
ac_cv_header_errno_h=yes
ac_cv_header_fcntl_h=yes
ac_cv_header_getopt_h=yes
ac_cv_header_inttypes_h=yes
ac_cv_header_limits_h=yes
ac_cv_header_memory_h=yes
ac_cv_header_stdbool_h=yes
ac_cv_header_stdc=yes
ac_cv_header_stddef_h=yes
ac_cv_header_stdint_h=yes
ac_cv_header_stdlib_h=yes
ac_cv_header_string_h=yes
ac_cv_header_strings_h=yes
ac_cv_header_sys_stat_h=yes
ac_cv_header_sys_time_h=yes
ac_cv_header_sys_types_h=yes
ac_cv_header_time=yes
ac_cv_header_unistd_h=yes
ac_cv_header_utime_h=yes
ac_cv_host=x86_64-unknown-linux-gnu
ac_cv_objext=o
ac_cv_path_EGREP='/bin/grep -E'
ac_cv_path_GREP=/bin/grep
ac_cv_path_install='/usr/bin/install -c'
ac_cv_path_mkdir=/bin/mkdir
ac_cv_prog_AWK=gawk
ac_cv_prog_CPP='gcc -E'
ac_cv_prog_CXXCPP='g++ -E'
ac_cv_prog_ac_ct_AR=ar
ac_cv_prog_ac_ct_CC=gcc
ac_cv_prog_ac_ct_CXX=g++
ac_cv_prog_ac_ct_RANLIB=ranlib
ac_cv_prog_ac_ct_STRIP=strip
ac_cv_prog_cc_c89=
ac_cv_prog_cc_g=yes
ac_cv_prog_cxx_g=yes
ac_cv_prog_f77_g=no
ac_cv_prog_make_make_set=yes
ac_cv_sys_file_offset_bits=no
ac_cv_sys_largefile_CC=no
ac_cv_type__Bool=yes
ac_cv_type_int_fast16_t=yes
ac_cv_type_int_fast32_t=yes
ac_cv_type_int_fast64_t=yes
ac_cv_type_int_fast8_t=yes
ac_cv_type_mode_t=yes
ac_cv_type_off_t=yes
ac_cv_type_size_t=yes
ac_cv_type_uint_fast16_t=yes
ac_cv_type_uint_fast32_t=yes
ac_cv_type_uint_fast64_t=yes
ac_cv_type_uint_fast8_t=yes
am_cv_CC_dependencies_compiler_type=gcc3
am_cv_CXX_dependencies_compiler_type=gcc3
gl_cv_func_gnu_getopt=yes
lt_cv_deplibs_check_method=pass_all
lt_cv_file_magic_cmd='$MAGIC_CMD'
lt_cv_file_magic_test_file=
lt_cv_ld_reload_flag=-r
lt_cv_objdir=.libs
lt_cv_path_LD=/usr/bin/ld
lt_cv_path_LDCXX='/usr/bin/ld -m elf_x86_64'
lt_cv_path_NM='/usr/bin/nm -B'
lt_cv_path_SED=/bin/sed
lt_cv_prog_compiler_c_o=yes
lt_cv_prog_compiler_c_o_CXX=yes
lt_cv_prog_compiler_pic_works=yes
lt_cv_prog_compiler_pic_works_CXX=yes
lt_cv_prog_compiler_rtti_exceptions=no
lt_cv_prog_compiler_static_works=no
lt_cv_prog_compiler_static_works_CXX=no
lt_cv_prog_gnu_ld=yes
lt_cv_prog_gnu_ldcxx=yes
lt_cv_sys_global_symbol_pipe='sed -n -e '\''s/^.*[ 	]\([ABCDGIRSTW][ABCDGIRSTW]*\)[ 	][ 	]*\([_A-Za-z][_A-Za-z0-9]*\)$/\1 \2 \2/p'\'''
lt_cv_sys_global_symbol_to_c_name_address='sed -n -e '\''s/^: \([^ ]*\) $/  {\"\1\", (lt_ptr) 0},/p'\'' -e '\''s/^[BCDEGRST] \([^ ]*\) \([^ ]*\)$/  {"\2", (lt_ptr) \&\2},/p'\'''
lt_cv_sys_global_symbol_to_cdecl='sed -n -e '\''s/^. .* \(.*\)$/extern int \1;/p'\'''
lt_cv_sys_lib_dlsearch_path_spec='/lib /usr/lib /usr/lib64/mysql /usr/local/lib '
lt_cv_sys_lib_search_path_spec='/usr/local/gcc/4.9.2/lib/gcc/x86_64-unknown-linux-gnu/4.9.2 /usr/local/gcc/4.9.2/lib64 /lib64 /usr/lib64'
lt_cv_sys_max_cmd_len=1966080
lt_lt_cv_prog_compiler_c_o='"yes"'
lt_lt_cv_prog_compiler_c_o_CXX='"yes"'
lt_lt_cv_sys_global_symbol_pipe='"sed -n -e '\''s/^.*[ 	]\\([ABCDGIRSTW][ABCDGIRSTW]*\\)[ 	][ 	]*\\([_A-Za-z][_A-Za-z0-9]*\\)\$/\\1 \\2 \\2/p'\''"'
lt_lt_cv_sys_global_symbol_to_c_name_address='"sed -n -e '\''s/^: \\([^ ]*\\) \$/  {\\\"\\1\\\", (lt_ptr) 0},/p'\'' -e '\''s/^[BCDEGRST] \\([^ ]*\\) \\([^ ]*\\)\$/  {\"\\2\", (lt_ptr) \\&\\2},/p'\''"'
lt_lt_cv_sys_global_symbol_to_cdecl='"sed -n -e '\''s/^. .* \\(.*\\)\$/extern int \\1;/p'\''"'

## ----------------- ##
## Output variables. ##
## ----------------- ##

ACLOCAL='${SHELL} /data/home/jieping/workspace/folly/thirdparty/lzma-4.32.7/missing --run aclocal-1.10'
AMDEPBACKSLASH='\'
AMDEP_FALSE='#'
AMDEP_TRUE=''
AMTAR='${SHELL} /data/home/jieping/workspace/folly/thirdparty/lzma-4.32.7/missing --run tar'
AR='ar'
AUTOCONF='${SHELL} /data/home/jieping/workspace/folly/thirdparty/lzma-4.32.7/missing --run autoconf'
AUTOHEADER='${SHELL} /data/home/jieping/workspace/folly/thirdparty/lzma-4.32.7/missing --run autoheader'
AUTOMAKE='${SHELL} /data/home/jieping/workspace/folly/thirdparty/lzma-4.32.7/missing --run automake-1.10'
AWK='gawk'
CC='gcc'
CCDEPMODE='depmode=gcc3'
CFLAGS='-g -O2'
CPP='gcc -E'
CPPFLAGS=''
CXX='g++'
CXXCPP='g++ -E'
CXXDEPMODE='depmode=gcc3'
CXXFLAGS='-g -O2'
CYGPATH_W='echo'
DEFS='-DHAVE_CONFIG_H'
DEPDIR='.deps'
DSYMUTIL=''
ECHO='echo'
ECHO_C=''
ECHO_N='-n'
ECHO_T=''
EGREP='/bin/grep -E'
EXEEXT=''
F77='no'
FFLAGS=''
GETOPT_H=''
GREP='/bin/grep'
INSTALL_DATA='${INSTALL} -m 644'
INSTALL_PROGRAM='${INSTALL}'
INSTALL_SCRIPT='${INSTALL}'
INSTALL_STRIP_PROGRAM='$(install_sh) -c -s'
LDFLAGS=''
LIBOBJS=''
LIBS=''
LIBTOOL='$(SHELL) $(top_builddir)/libtool'
LN_S='ln -s'
LTLIBOBJS=''
MAKEINFO='${SHELL} /data/home/jieping/workspace/folly/thirdparty/lzma-4.32.7/missing --run makeinfo'
MKDIR_P='/bin/mkdir -p'
NMEDIT=''
OBJEXT='o'
PACKAGE='lzma'
PACKAGE_BUGREPORT='lasse.collin@tukaani.org'
PACKAGE_NAME='LZMA'
PACKAGE_STRING='LZMA 4.32.7'
PACKAGE_TARNAME='lzma'
PACKAGE_URL=''
PACKAGE_VERSION='4.32.7'
PATH_SEPARATOR=':'
RANLIB='ranlib'
SDK_CFLAGS='-D_LZMA_IN_CB -D_LZMA_OUT_READ -D_LZMA_SYSTEM_SIZE_T -D_LZMA_PROB32'
SDK_CXXFLAGS='-DCOMPRESS_MF_BT -DCOMPRESS_MF_BT4 -DCOMPRESS_MF_HC'
SED='/bin/sed'
SET_MAKE=''
SHELL='/bin/sh'
STRIP='strip'
VERSION='4.32.7'
ac_ct_CC='gcc'
ac_ct_CXX='g++'
ac_ct_F77=''
am__fastdepCC_FALSE='#'
am__fastdepCC_TRUE=''
am__fastdepCXX_FALSE='#'
am__fastdepCXX_TRUE=''
am__include='include'
am__isrc=''
am__leading_dot='.'
am__quote=''
am__tar='${AMTAR} chof - "$$tardir"'
am__untar='${AMTAR} xf -'
bindir='${exec_prefix}/bin'
build='x86_64-unknown-linux-gnu'
build_alias=''
build_cpu='x86_64'
build_os='linux-gnu'
build_vendor='unknown'
datadir='${datarootdir}'
datarootdir='${prefix}/share'
docdir='${datarootdir}/doc/${PACKAGE_TARNAME}'
dvidir='${docdir}'
exec_prefix='${prefix}'
host='x86_64-unknown-linux-gnu'
host_alias=''
host_cpu='x86_64'
host_os='linux-gnu'
host_vendor='unknown'
htmldir='${docdir}'
includedir='${prefix}/include'
infodir='${datarootdir}/info'
install_sh='$(SHELL) /data/home/jieping/workspace/folly/thirdparty/lzma-4.32.7/install-sh'
libdir='${exec_prefix}/lib'
libexecdir='${exec_prefix}/libexec'
localedir='${datarootdir}/locale'
localstatedir='${prefix}/var'
mandir='${datarootdir}/man'
mkdir_p='/bin/mkdir -p'
oldincludedir='/usr/include'
pdfdir='${docdir}'
prefix='/usr/local'
program_transform_name='s,x,x,'
psdir='${docdir}'
sbindir='${exec_prefix}/sbin'
sharedstatedir='${prefix}/com'
sysconfdir='${prefix}/etc'
target_alias=''

## ----------- ##
## confdefs.h. ##
## ----------- ##

/* confdefs.h */
#define PACKAGE_NAME "LZMA"
#define PACKAGE_TARNAME "lzma"
#define PACKAGE_VERSION "4.32.7"
#define PACKAGE_STRING "LZMA 4.32.7"
#define PACKAGE_BUGREPORT "lasse.collin@tukaani.org"
#define PACKAGE_URL ""
#define NDEBUG 1
#define PACKAGE "lzma"
#define VERSION "4.32.7"
#define STDC_HEADERS 1
#define HAVE_SYS_TYPES_H 1
#define HAVE_SYS_STAT_H 1
#define HAVE_STDLIB_H 1
#define HAVE_STRING_H 1
#define HAVE_MEMORY_H 1
#define HAVE_STRINGS_H 1
#define HAVE_INTTYPES_H 1
#define HAVE_STDINT_H 1
#define HAVE_UNISTD_H 1
#define HAVE_DLFCN_H 1
#define STDC_HEADERS 1
#define HAVE_FCNTL_H 1
#define HAVE_INTTYPES_H 1
#define HAVE_LIMITS_H 1
#define HAVE_STDDEF_H 1
#define HAVE_STDLIB_H 1
#define HAVE_STRING_H 1
#define HAVE_SYS_TIME_H 1
#define HAVE_UNISTD_H 1
#define HAVE_UTIME_H 1
#define HAVE_ERRNO_H 1
#define HAVE__BOOL 1
#define HAVE_STDBOOL_H 1
#define TIME_WITH_SYS_TIME 1
#define HAVE_MEMMOVE 1
#define HAVE_STRDUP 1
#define HAVE_MEMSET 1
#define HAVE_STRERROR 1
#define HAVE_STRRCHR 1
#define HAVE_STRTOL 1
#define HAVE_UTIME 1
#define HAVE_UTIMES 1
#define HAVE_FUTIMES 1
#define HAVE_FUTIMESAT 1
#define HAVE_SNPRINTF 1
#define HAVE_GETOPT_H 1
#define HAVE_GETOPT_LONG_ONLY 1
#define HAVE_DECL_GETENV 1

configure: exit 0

## ---------------------- ##
## Running config.status. ##
## ---------------------- ##

This file was extended by LZMA config.status 4.32.7, which was
generated by GNU Autoconf 2.69.  Invocation command line was

  CONFIG_FILES    = 
  CONFIG_HEADERS  = 
  CONFIG_LINKS    = 
  CONFIG_COMMANDS = 
  $ ./config.status 

on VM_64_237_centos

config.status:920: creating Makefile
config.status:920: creating src/Makefile
config.status:920: creating src/liblzmadec/Makefile
config.status:920: creating src/lzmadec/Makefile
config.status:920: creating src/lzmainfo/Makefile
config.status:920: creating src/lzma/Makefile
config.status:920: creating src/scripts/Makefile
config.status:920: creating src/sdk/7zip/Common/Makefile
config.status:920: creating src/sdk/7zip/Compress/LZ/Makefile
config.status:920: creating src/sdk/7zip/Compress/LZMA/Makefile
config.status:920: creating src/sdk/7zip/Compress/LZMA_C/Makefile
config.status:920: creating src/sdk/7zip/Compress/Makefile
config.status:920: creating src/sdk/7zip/Compress/RangeCoder/Makefile
config.status:920: creating src/sdk/7zip/Makefile
config.status:920: creating src/sdk/Common/Makefile
config.status:920: creating src/sdk/Makefile
config.status:920: creating tests/Makefile
config.status:920: creating config.h
config.status:1101: config.h is unchanged
config.status:1149: executing depfiles commands

## ---------------------- ##
## Running config.status. ##
## ---------------------- ##

This file was extended by LZMA config.status 4.32.7, which was
generated by GNU Autoconf 2.69.  Invocation command line was

  CONFIG_FILES    = 
  CONFIG_HEADERS  = 
  CONFIG_LINKS    = 
  CONFIG_COMMANDS = 
  $ ./config.status config.h

on VM_64_237_centos

config.status:920: creating config.h
