This file contains any messages produced by compilers while
running configure, to aid debugging if configure makes a mistake.

It was created by FreeType configure 2.5.5, which was
generated by GNU Autoconf 2.69.  Invocation command line was

  $ ./configure --prefix=/data/home/user00/workspace/qrcode LIBFREETYPE_LIBS=-L/data/home/user00/workspace/poppy/build64_release/thirdparty/freetype-2.5.5 LIBPNG_CFLAGS=-I/data/home/user00/workspace/poppy -I/data/home/user00/workspace/poppy/thirdparty/libpng LIBPNG_LIBS=/data/home/user00/workspace/poppy/build64_release/thirdparty/libpng-1.5.21/libpng15.a

## --------- ##
## Platform. ##
## --------- ##

hostname = VM_64_237_centos
uname -m = x86_64
uname -r = 2.6.32-431.23.3.el6.centos.plus.x86_64
uname -s = Linux
uname -v = #1 SMP Wed Jul 30 00:12:13 UTC 2014

/usr/bin/uname -p = unknown
/bin/uname -X     = unknown

/bin/arch              = x86_64
/usr/bin/arch -k       = unknown
/usr/convex/getsysinfo = unknown
/usr/bin/hostinfo      = unknown
/bin/machine           = unknown
/usr/bin/oslevel       = unknown
/bin/universe          = unknown

PATH: /data/home/user00/bin
PATH: /usr/local/gcc/4.9.2/bin
PATH: /usr/local/bin
PATH: /data/home/jieping/bin
PATH: /usr/local/gcc/4.9.2/bin
PATH: /usr/local/bin
PATH: /bin
PATH: /usr/bin
PATH: /usr/local/sbin
PATH: /usr/sbin
PATH: /sbin
PATH: /data/home/jieping/bin
PATH: /usr/local/bin
PATH: /usr/local/sbin
PATH: /usr/bin
PATH: /usr/sbin
PATH: /bin
PATH: /sbin
PATH: /data/home/jieping/bin
PATH: /data/home/user00/bin
PATH: /usr/local/bin
PATH: /usr/local/sbin
PATH: /usr/bin
PATH: /usr/sbin
PATH: /bin
PATH: /sbin


## ----------- ##
## Core tests. ##
## ----------- ##

configure:2663: checking build system type
configure:2677: result: x86_64-unknown-linux-gnu
configure:2697: checking host system type
configure:2710: result: x86_64-unknown-linux-gnu
configure:2782: checking for gcc
configure:2798: found /usr/local/gcc/4.9.2/bin/gcc
configure:2809: result: gcc
configure:3038: checking for C compiler version
configure:3047: gcc --version >&5
gcc (GCC) 4.9.2
Copyright (C) 2014 Free Software Foundation, Inc.
This is free software; see the source for copying conditions.  There is NO
warranty; not even for MERCHANTABILITY or FITNESS FOR A PARTICULAR PURPOSE.

configure:3058: $? = 0
configure:3047: gcc -v >&5
Using built-in specs.
COLLECT_GCC=gcc
COLLECT_LTO_WRAPPER=/usr/local/gcc/4.9.2/libexec/gcc/x86_64-unknown-linux-gnu/4.9.2/lto-wrapper
Target: x86_64-unknown-linux-gnu
Configured with: ../gcc-4.9.2/configure --prefix=/usr/local/gcc/4.9.2 --disable-multilib
Thread model: posix
gcc version 4.9.2 (GCC) 
configure:3058: $? = 0
configure:3047: gcc -V >&5
gcc: error: unrecognized command line option '-V'
gcc: fatal error: no input files
compilation terminated.
configure:3058: $? = 1
configure:3047: gcc -qversion >&5
gcc: error: unrecognized command line option '-qversion'
gcc: fatal error: no input files
compilation terminated.
configure:3058: $? = 1
configure:3078: checking whether the C compiler works
configure:3100: gcc    conftest.c  >&5
configure:3104: $? = 0
configure:3152: result: yes
configure:3155: checking for C compiler default output file name
configure:3157: result: a.out
configure:3163: checking for suffix of executables
configure:3170: gcc -o conftest    conftest.c  >&5
configure:3174: $? = 0
configure:3196: result: 
configure:3218: checking whether we are cross compiling
configure:3226: gcc -o conftest    conftest.c  >&5
configure:3230: $? = 0
configure:3237: ./conftest
configure:3241: $? = 0
configure:3256: result: no
configure:3261: checking for suffix of object files
configure:3283: gcc -c   conftest.c >&5
configure:3287: $? = 0
configure:3308: result: o
configure:3312: checking whether we are using the GNU C compiler
configure:3331: gcc -c   conftest.c >&5
configure:3331: $? = 0
configure:3340: result: yes
configure:3349: checking whether gcc accepts -g
configure:3369: gcc -c -g  conftest.c >&5
configure:3369: $? = 0
configure:3410: result: yes
configure:3427: checking for gcc option to accept ISO C89
configure:3490: gcc  -c -g -O2  conftest.c >&5
configure:3490: $? = 0
configure:3503: result: none needed
configure:3528: checking how to run the C preprocessor
configure:3559: gcc -E  conftest.c
configure:3559: $? = 0
configure:3573: gcc -E  conftest.c
conftest.c:9:28: fatal error: ac_nonexistent.h: No such file or directory
 #include <ac_nonexistent.h>
                            ^
compilation terminated.
configure:3573: $? = 1
configure: failed program was:
| /* confdefs.h */
| #define PACKAGE_NAME "FreeType"
| #define PACKAGE_TARNAME "freetype"
| #define PACKAGE_VERSION "2.5.5"
| #define PACKAGE_STRING "FreeType 2.5.5"
| #define PACKAGE_BUGREPORT "freetype@nongnu.org"
| #define PACKAGE_URL ""
| /* end confdefs.h.  */
| #include <ac_nonexistent.h>
configure:3598: result: gcc -E
configure:3618: gcc -E  conftest.c
configure:3618: $? = 0
configure:3632: gcc -E  conftest.c
conftest.c:9:28: fatal error: ac_nonexistent.h: No such file or directory
 #include <ac_nonexistent.h>
                            ^
compilation terminated.
configure:3632: $? = 1
configure: failed program was:
| /* confdefs.h */
| #define PACKAGE_NAME "FreeType"
| #define PACKAGE_TARNAME "freetype"
| #define PACKAGE_VERSION "2.5.5"
| #define PACKAGE_STRING "FreeType 2.5.5"
| #define PACKAGE_BUGREPORT "freetype@nongnu.org"
| #define PACKAGE_URL ""
| /* end confdefs.h.  */
| #include <ac_nonexistent.h>
configure:3716: checking for pkg-config
configure:3734: found /usr/bin/pkg-config
configure:3746: result: /usr/bin/pkg-config
configure:3771: checking pkg-config is at least version 0.24
configure:3777: result: no
configure:3808: checking for a sed that does not truncate output
configure:3872: result: /bin/sed
configure:3890: checking for grep that handles long lines and -e
configure:3948: result: /bin/grep
configure:3953: checking for egrep
configure:4015: result: /bin/grep -E
configure:4020: checking for fgrep
configure:4082: result: /bin/grep -F
configure:4117: checking for ld used by gcc
configure:4184: result: /usr/bin/ld
configure:4191: checking if the linker (/usr/bin/ld) is GNU ld
configure:4206: result: yes
configure:4218: checking for BSD- or MS-compatible name lister (nm)
configure:4267: result: /usr/bin/nm -B
configure:4385: checking the name lister (/usr/bin/nm -B) interface
configure:4392: gcc -c -g -O2  conftest.c >&5
configure:4395: /usr/bin/nm -B "conftest.o"
configure:4398: output
0000000000000000 B some_variable
configure:4405: result: BSD nm
configure:4408: checking whether ln -s works
configure:4412: result: yes
configure:4420: checking the maximum length of command line arguments
configure:4540: result: 1966080
configure:4557: checking whether the shell understands some XSI constructs
configure:4567: result: yes
configure:4571: checking whether the shell understands "+="
configure:4577: result: yes
configure:4612: checking for /usr/bin/ld option to reload object files
configure:4619: result: -r
configure:4688: checking for objdump
configure:4704: found /usr/bin/objdump
configure:4715: result: objdump
configure:4744: checking how to recognize dependent libraries
configure:4940: result: pass_all
configure:5000: checking for ar
configure:5016: found /usr/bin/ar
configure:5027: result: ar
configure:5105: checking for strip
configure:5121: found /usr/bin/strip
configure:5132: result: strip
configure:5204: checking for ranlib
configure:5220: found /usr/bin/ranlib
configure:5231: result: ranlib
configure:5321: checking command to parse /usr/bin/nm -B output from gcc object
configure:5439: gcc -c -g -O2  conftest.c >&5
configure:5442: $? = 0
configure:5446: /usr/bin/nm -B conftest.o \| sed -n -e 's/^.*[	 ]\([ABCDGIRSTW][ABCDGIRSTW]*\)[	 ][	 ]*\([_A-Za-z][_A-Za-z0-9]*\)$/\1 \2 \2/p' \> conftest.nm
configure:5449: $? = 0
configure:5503: gcc -o conftest -g -O2   conftest.c conftstm.o >&5
configure:5506: $? = 0
configure:5544: result: ok
configure:5640: gcc -c -g -O2  conftest.c >&5
configure:5643: $? = 0
configure:6349: checking for ANSI C header files
configure:6369: gcc -c -g -O2  conftest.c >&5
configure:6369: $? = 0
configure:6442: gcc -o conftest -g -O2   conftest.c  >&5
configure:6442: $? = 0
configure:6442: ./conftest
configure:6442: $? = 0
configure:6453: result: yes
configure:6466: checking for sys/types.h
configure:6466: gcc -c -g -O2  conftest.c >&5
configure:6466: $? = 0
configure:6466: result: yes
configure:6466: checking for sys/stat.h
configure:6466: gcc -c -g -O2  conftest.c >&5
configure:6466: $? = 0
configure:6466: result: yes
configure:6466: checking for stdlib.h
configure:6466: gcc -c -g -O2  conftest.c >&5
configure:6466: $? = 0
configure:6466: result: yes
configure:6466: checking for string.h
configure:6466: gcc -c -g -O2  conftest.c >&5
configure:6466: $? = 0
configure:6466: result: yes
configure:6466: checking for memory.h
configure:6466: gcc -c -g -O2  conftest.c >&5
configure:6466: $? = 0
configure:6466: result: yes
configure:6466: checking for strings.h
configure:6466: gcc -c -g -O2  conftest.c >&5
configure:6466: $? = 0
configure:6466: result: yes
configure:6466: checking for inttypes.h
configure:6466: gcc -c -g -O2  conftest.c >&5
configure:6466: $? = 0
configure:6466: result: yes
configure:6466: checking for stdint.h
configure:6466: gcc -c -g -O2  conftest.c >&5
configure:6466: $? = 0
configure:6466: result: yes
configure:6466: checking for unistd.h
configure:6466: gcc -c -g -O2  conftest.c >&5
configure:6466: $? = 0
configure:6466: result: yes
configure:6480: checking for dlfcn.h
configure:6480: gcc -c -g -O2  conftest.c >&5
configure:6480: $? = 0
configure:6480: result: yes
configure:6962: checking for objdir
configure:6977: result: .libs
configure:7269: checking if gcc supports -fno-rtti -fno-exceptions
configure:7287: gcc -c -g -O2  -fno-rtti -fno-exceptions conftest.c >&5
cc1: warning: command line option '-fno-rtti' is valid for C++/ObjC++ but not for C
configure:7291: $? = 0
configure:7304: result: no
configure:7324: checking for gcc option to produce PIC
configure:7596: result: -fPIC -DPIC
configure:7608: checking if gcc PIC flag -fPIC -DPIC works
configure:7626: gcc -c -g -O2  -fPIC -DPIC -DPIC conftest.c >&5
configure:7630: $? = 0
configure:7643: result: yes
configure:7667: checking if gcc static flag -static works
configure:7695: result: no
configure:7710: checking if gcc supports -c -o file.o
configure:7731: gcc -c -g -O2  -o out/conftest2.o conftest.c >&5
configure:7735: $? = 0
configure:7757: result: yes
configure:7765: checking if gcc supports -c -o file.o
configure:7812: result: yes
configure:7845: checking whether the gcc linker (/usr/bin/ld -m elf_x86_64) supports shared libraries
configure:8831: result: yes
configure:8868: checking whether -lc should be explicitly linked in
configure:8873: gcc -c -g -O2  conftest.c >&5
configure:8876: $? = 0
configure:8891: gcc -shared conftest.o  -v -Wl,-soname -Wl,conftest -o conftest 2\>\&1 \| /bin/grep  -lc  \>/dev/null 2\>\&1
configure:8894: $? = 0
configure:8906: result: no
configure:9070: checking dynamic linker characteristics
configure:9503: gcc -o conftest -g -O2   -Wl,-rpath -Wl,/foo conftest.c  >&5
configure:9503: $? = 0
configure:9724: result: GNU/Linux ld.so
configure:9826: checking how to hardcode library paths into programs
configure:9851: result: immediate
configure:10371: checking whether stripping libraries is possible
configure:10376: result: yes
configure:10411: checking if libtool supports shared libraries
configure:10413: result: yes
configure:10416: checking whether to build shared libraries
configure:10437: result: yes
configure:10440: checking whether to build static libraries
configure:10444: result: yes
configure:10643: checking for rmdir
configure:10659: found /bin/rmdir
configure:10670: result: rmdir
configure:10698: checking for a BSD-compatible install
configure:10766: result: /usr/bin/install -c
configure:10788: checking for ANSI C header files
configure:10892: result: yes
configure:10903: checking fcntl.h usability
configure:10903: gcc -c -g -O2  conftest.c >&5
configure:10903: $? = 0
configure:10903: result: yes
configure:10903: checking fcntl.h presence
configure:10903: gcc -E  conftest.c
configure:10903: $? = 0
configure:10903: result: yes
configure:10903: checking for fcntl.h
configure:10903: result: yes
configure:10903: checking for unistd.h
configure:10903: result: yes
configure:10917: checking for an ANSI C-conforming const
configure:10983: gcc -c -g -O2  conftest.c >&5
configure:10983: $? = 0
configure:10990: result: yes
configure:11002: checking size of int
configure:11007: gcc -o conftest -g -O2   conftest.c  >&5
configure:11007: $? = 0
configure:11007: ./conftest
configure:11007: $? = 0
configure:11021: result: 4
configure:11035: checking size of long
configure:11040: gcc -o conftest -g -O2   conftest.c  >&5
configure:11040: $? = 0
configure:11040: ./conftest
configure:11040: $? = 0
configure:11054: result: 8
configure:11068: checking whether cpp computation of bit length in ftconfig.in works
configure:11125: result: yes
configure:11163: checking for stdlib.h
configure:11163: result: yes
configure:11163: checking for unistd.h
configure:11163: result: yes
configure:11163: checking for sys/param.h
configure:11163: gcc -c -g -O2  conftest.c >&5
configure:11163: $? = 0
configure:11163: result: yes
configure:11183: checking for getpagesize
configure:11183: gcc -o conftest -g -O2   conftest.c  >&5
configure:11183: $? = 0
configure:11183: result: yes
configure:11192: checking for working mmap
configure:11339: gcc -o conftest -g -O2   conftest.c  >&5
configure:11339: $? = 0
configure:11339: ./conftest
configure:11339: $? = 0
configure:11349: result: yes
configure:11365: checking whether munmap is declared
configure:11365: gcc -c -g -O2  conftest.c >&5
configure:11365: $? = 0
configure:11365: result: yes
configure:11385: checking for munmap's first parameter type
configure:11399: gcc -c -g -O2  conftest.c >&5
configure:11399: $? = 0
configure:11400: result: void *
configure:11417: checking for memcpy
configure:11417: gcc -o conftest -g -O2   conftest.c  >&5
conftest.c:56:6: warning: conflicting types for built-in function 'memcpy'
 char memcpy ();
      ^
configure:11417: $? = 0
configure:11417: result: yes
configure:11417: checking for memmove
configure:11417: gcc -o conftest -g -O2   conftest.c  >&5
conftest.c:57:6: warning: conflicting types for built-in function 'memmove'
 char memmove ();
      ^
configure:11417: $? = 0
configure:11417: result: yes
configure:11466: checking gcc compiler flag -pedantic to assure ANSI C works correctly
configure:11493: gcc -c -g -O2  -pedantic  conftest.c >&5
configure:11493: $? = 0
configure:11494: result: ok, add it to XX_ANSIFLAGS
configure:11466: checking gcc compiler flag -ansi to assure ANSI C works correctly
configure:11493: gcc -c -g -O2  -pedantic -ansi  conftest.c >&5
configure:11493: $? = 0
configure:11494: result: ok, add it to XX_ANSIFLAGS
configure:11568: checking for ZLIB
configure:11627: result: no
configure:11653: checking for gzsetparams in -lz
configure:11678: gcc -o conftest -g -O2   conftest.c -lz   >&5
configure:11678: $? = 0
configure:11687: result: yes
configure:11690: checking zlib.h usability
configure:11690: gcc -c -g -O2  conftest.c >&5
configure:11690: $? = 0
configure:11690: result: yes
configure:11690: checking zlib.h presence
configure:11690: gcc -E  conftest.c
configure:11690: $? = 0
configure:11690: result: yes
configure:11690: checking for zlib.h
configure:11690: result: yes
configure:11738: checking for BZIP2
configure:11797: result: no
configure:11823: checking for BZ2_bzDecompress in -lbz2
configure:11848: gcc -o conftest -g -O2   conftest.c -lbz2   >&5
configure:11848: $? = 0
configure:11857: result: yes
configure:11860: checking bzlib.h usability
configure:11860: gcc -c -g -O2  conftest.c >&5
configure:11860: $? = 0
configure:11860: result: yes
configure:11860: checking bzlib.h presence
configure:11860: gcc -E  conftest.c
configure:11860: $? = 0
configure:11860: result: yes
configure:11860: checking for bzlib.h
configure:11860: result: yes
configure:11908: checking for LIBPNG
configure:11973: result: yes
configure:12044: checking for HARFBUZZ
configure:12103: result: no
configure:12926: creating ./config.status

## ---------------------- ##
## Running config.status. ##
## ---------------------- ##

This file was extended by FreeType config.status 2.5.5, which was
generated by GNU Autoconf 2.69.  Invocation command line was

  CONFIG_FILES    = 
  CONFIG_HEADERS  = 
  CONFIG_LINKS    = 
  CONFIG_COMMANDS = 
  $ ./config.status 

on VM_64_237_centos

config.status:1069: creating unix-cc.mk
config.status:1069: creating unix-def.mk
config.status:1069: creating ftconfig.h
config.status:1258: executing libtool commands
configure:15015:

Library configuration:
  external zlib: yes (autoconf test)
  bzip2:         yes (autoconf test)
  libpng:        yes (LIBPNG_CFLAGS and LIBPNG_LIBS)
  harfbuzz:      no


## ---------------- ##
## Cache variables. ##
## ---------------- ##

ac_cv_build=x86_64-unknown-linux-gnu
ac_cv_c_compiler_gnu=yes
ac_cv_c_const=yes
ac_cv_env_BZIP2_CFLAGS_set=
ac_cv_env_BZIP2_CFLAGS_value=
ac_cv_env_BZIP2_LIBS_set=
ac_cv_env_BZIP2_LIBS_value=
ac_cv_env_CC_set=
ac_cv_env_CC_value=
ac_cv_env_CFLAGS_set=
ac_cv_env_CFLAGS_value=
ac_cv_env_CPPFLAGS_set=
ac_cv_env_CPPFLAGS_value=
ac_cv_env_CPP_set=
ac_cv_env_CPP_value=
ac_cv_env_HARFBUZZ_CFLAGS_set=
ac_cv_env_HARFBUZZ_CFLAGS_value=
ac_cv_env_HARFBUZZ_LIBS_set=
ac_cv_env_HARFBUZZ_LIBS_value=
ac_cv_env_LDFLAGS_set=
ac_cv_env_LDFLAGS_value=
ac_cv_env_LIBPNG_CFLAGS_set=set
ac_cv_env_LIBPNG_CFLAGS_value='-I/data/home/user00/workspace/poppy -I/data/home/user00/workspace/poppy/thirdparty/libpng'
ac_cv_env_LIBPNG_LIBS_set=set
ac_cv_env_LIBPNG_LIBS_value=/data/home/user00/workspace/poppy/build64_release/thirdparty/libpng-1.5.21/libpng15.a
ac_cv_env_LIBS_set=
ac_cv_env_LIBS_value=
ac_cv_env_PKG_CONFIG_LIBDIR_set=
ac_cv_env_PKG_CONFIG_LIBDIR_value=
ac_cv_env_PKG_CONFIG_PATH_set=
ac_cv_env_PKG_CONFIG_PATH_value=
ac_cv_env_PKG_CONFIG_set=
ac_cv_env_PKG_CONFIG_value=
ac_cv_env_ZLIB_CFLAGS_set=
ac_cv_env_ZLIB_CFLAGS_value=
ac_cv_env_ZLIB_LIBS_set=
ac_cv_env_ZLIB_LIBS_value=
ac_cv_env_build_alias_set=
ac_cv_env_build_alias_value=
ac_cv_env_host_alias_set=
ac_cv_env_host_alias_value=
ac_cv_env_target_alias_set=
ac_cv_env_target_alias_value=
ac_cv_func_getpagesize=yes
ac_cv_func_memcpy=yes
ac_cv_func_memmove=yes
ac_cv_func_mmap_fixed_mapped=yes
ac_cv_have_decl_munmap=yes
ac_cv_header_bzlib_h=yes
ac_cv_header_dlfcn_h=yes
ac_cv_header_fcntl_h=yes
ac_cv_header_inttypes_h=yes
ac_cv_header_memory_h=yes
ac_cv_header_stdc=yes
ac_cv_header_stdint_h=yes
ac_cv_header_stdlib_h=yes
ac_cv_header_string_h=yes
ac_cv_header_strings_h=yes
ac_cv_header_sys_param_h=yes
ac_cv_header_sys_stat_h=yes
ac_cv_header_sys_types_h=yes
ac_cv_header_unistd_h=yes
ac_cv_header_zlib_h=yes
ac_cv_host=x86_64-unknown-linux-gnu
ac_cv_lib_bz2_BZ2_bzDecompress=yes
ac_cv_lib_z_gzsetparams=yes
ac_cv_objext=o
ac_cv_path_EGREP='/bin/grep -E'
ac_cv_path_FGREP='/bin/grep -F'
ac_cv_path_GREP=/bin/grep
ac_cv_path_SED=/bin/sed
ac_cv_path_ac_pt_PKG_CONFIG=/usr/bin/pkg-config
ac_cv_path_install='/usr/bin/install -c'
ac_cv_prog_CPP='gcc -E'
ac_cv_prog_RMDIR=rmdir
ac_cv_prog_ac_ct_AR=ar
ac_cv_prog_ac_ct_CC=gcc
ac_cv_prog_ac_ct_OBJDUMP=objdump
ac_cv_prog_ac_ct_RANLIB=ranlib
ac_cv_prog_ac_ct_STRIP=strip
ac_cv_prog_cc_c89=
ac_cv_prog_cc_g=yes
ac_cv_sizeof_int=4
ac_cv_sizeof_long=8
lt_cv_deplibs_check_method=pass_all
lt_cv_file_magic_cmd='$MAGIC_CMD'
lt_cv_file_magic_test_file=
lt_cv_ld_reload_flag=-r
lt_cv_nm_interface='BSD nm'
lt_cv_objdir=.libs
lt_cv_path_LD=/usr/bin/ld
lt_cv_path_NM='/usr/bin/nm -B'
lt_cv_prog_compiler_c_o=yes
lt_cv_prog_compiler_pic_works=yes
lt_cv_prog_compiler_rtti_exceptions=no
lt_cv_prog_compiler_static_works=no
lt_cv_prog_gnu_ld=yes
lt_cv_sys_global_symbol_pipe='sed -n -e '\''s/^.*[	 ]\([ABCDGIRSTW][ABCDGIRSTW]*\)[	 ][	 ]*\([_A-Za-z][_A-Za-z0-9]*\)$/\1 \2 \2/p'\'''
lt_cv_sys_global_symbol_to_c_name_address='sed -n -e '\''s/^: \([^ ]*\) $/  {\"\1\", (void *) 0},/p'\'' -e '\''s/^[ABCDGIRSTW]* \([^ ]*\) \([^ ]*\)$/  {"\2", (void *) \&\2},/p'\'''
lt_cv_sys_global_symbol_to_c_name_address_lib_prefix='sed -n -e '\''s/^: \([^ ]*\) $/  {\"\1\", (void *) 0},/p'\'' -e '\''s/^[ABCDGIRSTW]* \([^ ]*\) \(lib[^ ]*\)$/  {"\2", (void *) \&\2},/p'\'' -e '\''s/^[ABCDGIRSTW]* \([^ ]*\) \([^ ]*\)$/  {"lib\2", (void *) \&\2},/p'\'''
lt_cv_sys_global_symbol_to_cdecl='sed -n -e '\''s/^T .* \(.*\)$/extern int \1();/p'\'' -e '\''s/^[ABCDGIRSTW]* .* \(.*\)$/extern char \1;/p'\'''
lt_cv_sys_max_cmd_len=1966080
pkg_cv_LIBPNG_CFLAGS='-I/data/home/user00/workspace/poppy -I/data/home/user00/workspace/poppy/thirdparty/libpng'
pkg_cv_LIBPNG_LIBS=/data/home/user00/workspace/poppy/build64_release/thirdparty/libpng-1.5.21/libpng15.a

## ----------------- ##
## Output variables. ##
## ----------------- ##

AR='ar'
AS='as'
BZIP2_CFLAGS=''
BZIP2_LIBS='-lbz2'
CC='gcc'
CC_BUILD='gcc'
CFLAGS='-g -O2  -DFT_CONFIG_OPTION_SYSTEM_ZLIB  -DFT_CONFIG_OPTION_USE_BZIP2 -I/data/home/user00/workspace/poppy -I/data/home/user00/workspace/poppy/thirdparty/libpng -DFT_CONFIG_OPTION_USE_PNG'
CPP='gcc -E'
CPPFLAGS=''
DEFS='-DHAVE_CONFIG_H'
DLLTOOL='dlltool'
DSYMUTIL=''
DUMPBIN=''
ECHO_C=''
ECHO_N='-n'
ECHO_T=''
EGREP='/bin/grep -E'
EXEEXT=''
EXEEXT_BUILD=''
FGREP='/bin/grep -F'
FTSYS_SRC='$(BUILD_DIR)/ftsystem.c'
GREP='/bin/grep'
HARFBUZZ_CFLAGS=''
HARFBUZZ_LIBS=''
INSTALL_DATA='${INSTALL} -m 644'
INSTALL_PROGRAM='${INSTALL}'
INSTALL_SCRIPT='${INSTALL}'
LD='/usr/bin/ld -m elf_x86_64'
LDFLAGS=' -lz -lbz2 /data/home/user00/workspace/poppy/build64_release/thirdparty/libpng-1.5.21/libpng15.a'
LIBOBJS=''
LIBPNG_CFLAGS='-I/data/home/user00/workspace/poppy -I/data/home/user00/workspace/poppy/thirdparty/libpng'
LIBPNG_LIBS='/data/home/user00/workspace/poppy/build64_release/thirdparty/libpng-1.5.21/libpng15.a'
LIBS=''
LIBSSTATIC_CONFIG='-lfreetype -lz -lbz2 /data/home/user00/workspace/poppy/build64_release/thirdparty/libpng-1.5.21/libpng15.a'
LIBS_PRIVATE='-lz -lbz2 /data/home/user00/workspace/poppy/build64_release/thirdparty/libpng-1.5.21/libpng15.a'
LIBTOOL='$(SHELL) $(top_builddir)/libtool'
LIPO=''
LN_S='ln -s'
LTLIBOBJS=''
NM='/usr/bin/nm -B'
NMEDIT=''
OBJDUMP='objdump'
OBJEXT='o'
OTOOL64=''
OTOOL=''
PACKAGE_BUGREPORT='freetype@nongnu.org'
PACKAGE_NAME='FreeType'
PACKAGE_STRING='FreeType 2.5.5'
PACKAGE_TARNAME='freetype'
PACKAGE_URL=''
PACKAGE_VERSION='2.5.5'
PATH_SEPARATOR=':'
PKG_CONFIG=''
PKG_CONFIG_LIBDIR=''
PKG_CONFIG_PATH=''
RANLIB='ranlib'
REQUIRES_PRIVATE=''
RMDIR='rmdir'
SED='/bin/sed'
SHELL='/bin/sh'
STRIP='strip'
XX_ANSIFLAGS=' -pedantic -ansi'
XX_CFLAGS='-Wall'
ZLIB_CFLAGS=''
ZLIB_LIBS='-lz'
ac_ct_CC='gcc'
ac_ct_DUMPBIN=''
bindir='${exec_prefix}/bin'
build='x86_64-unknown-linux-gnu'
build_alias=''
build_cpu='x86_64'
build_libtool_libs=''
build_os='linux-gnu'
build_vendor='unknown'
datadir='${datarootdir}'
datarootdir='${prefix}/share'
docdir='${datarootdir}/doc/${PACKAGE_TARNAME}'
dvidir='${docdir}'
exec_prefix='${prefix}'
ft_version='17.4.11'
ftmac_c=''
hardcode_libdir_flag_spec='${wl}-rpath ${wl}$libdir'
host='x86_64-unknown-linux-gnu'
host_alias=''
host_cpu='x86_64'
host_os='linux-gnu'
host_vendor='unknown'
htmldir='${docdir}'
includedir='${prefix}/include'
infodir='${datarootdir}/info'
libdir='${exec_prefix}/lib'
libexecdir='${exec_prefix}/libexec'
localedir='${datarootdir}/locale'
localstatedir='${prefix}/var'
lt_ECHO='echo'
mandir='${datarootdir}/man'
oldincludedir='/usr/include'
pdfdir='${docdir}'
prefix='/data/home/user00/workspace/qrcode'
program_transform_name='s,x,x,'
psdir='${docdir}'
sbindir='${exec_prefix}/sbin'
sharedstatedir='${prefix}/com'
sysconfdir='${prefix}/etc'
target_alias=''
version_info='17:4:11'
wl='-Wl,'

## ----------- ##
## confdefs.h. ##
## ----------- ##

/* confdefs.h */
#define PACKAGE_NAME "FreeType"
#define PACKAGE_TARNAME "freetype"
#define PACKAGE_VERSION "2.5.5"
#define PACKAGE_STRING "FreeType 2.5.5"
#define PACKAGE_BUGREPORT "freetype@nongnu.org"
#define PACKAGE_URL ""
#define STDC_HEADERS 1
#define HAVE_SYS_TYPES_H 1
#define HAVE_SYS_STAT_H 1
#define HAVE_STDLIB_H 1
#define HAVE_STRING_H 1
#define HAVE_MEMORY_H 1
#define HAVE_STRINGS_H 1
#define HAVE_INTTYPES_H 1
#define HAVE_STDINT_H 1
#define HAVE_UNISTD_H 1
#define HAVE_DLFCN_H 1
#define LT_OBJDIR ".libs/"
#define STDC_HEADERS 1
#define HAVE_FCNTL_H 1
#define HAVE_UNISTD_H 1
#define SIZEOF_INT 4
#define SIZEOF_LONG 8
#define HAVE_STDLIB_H 1
#define HAVE_UNISTD_H 1
#define HAVE_SYS_PARAM_H 1
#define HAVE_GETPAGESIZE 1
#define HAVE_MMAP 1
#define HAVE_DECL_MUNMAP 1
#define MUNMAP_USES_VOIDP /**/
#define HAVE_MEMCPY 1
#define HAVE_MEMMOVE 1

configure: exit 0
