This file contains any messages produced by compilers while
running configure, to aid debugging if configure makes a mistake.

It was created by zookeeper C client configure 3.4.6, which was
generated by GNU Autoconf 2.69.  Invocation command line was

  $ ./configure 

## --------- ##
## Platform. ##
## --------- ##

hostname = agileops
uname -m = x86_64
uname -r = 2.6.32-431.el6.x86_64
uname -s = Linux
uname -v = #1 SMP Fri Nov 22 03:15:09 UTC 2013

/usr/bin/uname -p = unknown
/bin/uname -X     = unknown

/bin/arch              = x86_64
/usr/bin/arch -k       = unknown
/usr/convex/getsysinfo = unknown
/usr/bin/hostinfo      = unknown
/bin/machine           = unknown
/usr/bin/oslevel       = unknown
/bin/universe          = unknown

PATH: /data/home/user00/bin
PATH: /data/home/user00/bin/bazel/output
PATH: /usr/local/gcc/4.9.2/bin
PATH: /usr/local/bin
PATH: /usr/java/jdk1.8.0_45//bin
PATH: /data/home/jieping/bin
PATH: /usr/local/jdk/bin
PATH: /usr/java/jdk1.8.0_45//bin
PATH: /usr/local/bin
PATH: /bin
PATH: /usr/bin
PATH: /usr/local/sbin
PATH: /usr/sbin
PATH: /sbin
PATH: /data/home/jieping/bin
PATH: /usr/local/bin
PATH: /usr/local/sbin
PATH: /usr/bin
PATH: /usr/sbin
PATH: /bin
PATH: /sbin
PATH: /data/home/jieping/bin
PATH: /data/home/user00/bin
PATH: /usr/local/bin
PATH: /usr/local/sbin
PATH: /usr/bin
PATH: /usr/sbin
PATH: /bin
PATH: /sbin


## ----------- ##
## Core tests. ##
## ----------- ##

configure:2585: checking for doxygen
configure:2603: found /usr/bin/doxygen
configure:2615: result: /usr/bin/doxygen
configure:2691: checking for perl
configure:2709: found /usr/bin/perl
configure:2721: result: /usr/bin/perl
configure:2863: checking for dot
configure:2896: result: no
configure:4450: checking for a BSD-compatible install
configure:4518: result: /usr/bin/install -c
configure:4529: checking whether build environment is sane
configure:4579: result: yes
configure:4720: checking for a thread-safe mkdir -p
configure:4759: result: /bin/mkdir -p
configure:4772: checking for gawk
configure:4788: found /bin/gawk
configure:4799: result: gawk
configure:4810: checking whether make sets $(MAKE)
configure:4832: result: yes
configure:4962: checking for cppunit-config
configure:4980: found /usr/bin/cppunit-config
configure:4993: result: /usr/bin/cppunit-config
configure:5003: checking for Cppunit - version >= 1.10.2
configure:5049: result: 1.12.1
configure:5075: checking for generated/zookeeper.jute.c
configure:5088: result: yes
configure:5100: checking for generated/zookeeper.jute.h
configure:5113: result: yes
configure:5177: checking for gcc
configure:5193: found /usr/local/gcc/4.9.2/bin/gcc
configure:5204: result: gcc
configure:5433: checking for C compiler version
configure:5442: gcc --version >&5
gcc (GCC) 4.9.2
Copyright (C) 2014 Free Software Foundation, Inc.
This is free software; see the source for copying conditions.  There is NO
warranty; not even for MERCHANTABILITY or FITNESS FOR A PARTICULAR PURPOSE.

configure:5453: $? = 0
configure:5442: gcc -v >&5
Using built-in specs.
COLLECT_GCC=gcc
COLLECT_LTO_WRAPPER=/usr/local/gcc/4.9.2/libexec/gcc/x86_64-unknown-linux-gnu/4.9.2/lto-wrapper
Target: x86_64-unknown-linux-gnu
Configured with: ../gcc-4.9.2/configure --prefix=/usr/local/gcc/4.9.2 --disable-multilib
Thread model: posix
gcc version 4.9.2 (GCC) 
configure:5453: $? = 0
configure:5442: gcc -V >&5
gcc: error: unrecognized command line option '-V'
gcc: fatal error: no input files
compilation terminated.
configure:5453: $? = 1
configure:5442: gcc -qversion >&5
gcc: error: unrecognized command line option '-qversion'
gcc: fatal error: no input files
compilation terminated.
configure:5453: $? = 1
configure:5473: checking whether the C compiler works
configure:5495: gcc    conftest.c  >&5
configure:5499: $? = 0
configure:5547: result: yes
configure:5550: checking for C compiler default output file name
configure:5552: result: a.out
configure:5558: checking for suffix of executables
configure:5565: gcc -o conftest    conftest.c  >&5
configure:5569: $? = 0
configure:5591: result: 
configure:5613: checking whether we are cross compiling
configure:5621: gcc -o conftest    conftest.c  >&5
configure:5625: $? = 0
configure:5632: ./conftest
configure:5636: $? = 0
configure:5651: result: no
configure:5656: checking for suffix of object files
configure:5678: gcc -c   conftest.c >&5
configure:5682: $? = 0
configure:5703: result: o
configure:5707: checking whether we are using the GNU C compiler
configure:5726: gcc -c   conftest.c >&5
configure:5726: $? = 0
configure:5735: result: yes
configure:5744: checking whether gcc accepts -g
configure:5764: gcc -c -g  conftest.c >&5
configure:5764: $? = 0
configure:5805: result: yes
configure:5822: checking for gcc option to accept ISO C89
configure:5885: gcc  -c -g -O2  conftest.c >&5
configure:5885: $? = 0
configure:5898: result: none needed
configure:5929: checking for style of include used by make
configure:5957: result: GNU
configure:5983: checking dependency style of gcc
configure:6094: result: gcc3
configure:6110: checking whether gcc and cc understand -c and -o together
configure:6141: gcc -c conftest.c -o conftest2.o >&5
configure:6145: $? = 0
configure:6151: gcc -c conftest.c -o conftest2.o >&5
configure:6155: $? = 0
configure:6166: cc -c conftest.c >&5
configure:6170: $? = 0
configure:6178: cc -c conftest.c -o conftest2.o >&5
configure:6182: $? = 0
configure:6188: cc -c conftest.c -o conftest2.o >&5
configure:6192: $? = 0
configure:6210: result: yes
configure:6293: checking for g++
configure:6309: found /usr/local/gcc/4.9.2/bin/g++
configure:6320: result: g++
configure:6347: checking for C++ compiler version
configure:6356: g++ --version >&5
g++ (GCC) 4.9.2
Copyright (C) 2014 Free Software Foundation, Inc.
This is free software; see the source for copying conditions.  There is NO
warranty; not even for MERCHANTABILITY or FITNESS FOR A PARTICULAR PURPOSE.

configure:6367: $? = 0
configure:6356: g++ -v >&5
Using built-in specs.
COLLECT_GCC=g++
COLLECT_LTO_WRAPPER=/usr/local/gcc/4.9.2/libexec/gcc/x86_64-unknown-linux-gnu/4.9.2/lto-wrapper
Target: x86_64-unknown-linux-gnu
Configured with: ../gcc-4.9.2/configure --prefix=/usr/local/gcc/4.9.2 --disable-multilib
Thread model: posix
gcc version 4.9.2 (GCC) 
configure:6367: $? = 0
configure:6356: g++ -V >&5
g++: error: unrecognized command line option '-V'
g++: fatal error: no input files
compilation terminated.
configure:6367: $? = 1
configure:6356: g++ -qversion >&5
g++: error: unrecognized command line option '-qversion'
g++: fatal error: no input files
compilation terminated.
configure:6367: $? = 1
configure:6371: checking whether we are using the GNU C++ compiler
configure:6390: g++ -c   conftest.cpp >&5
configure:6390: $? = 0
configure:6399: result: yes
configure:6408: checking whether g++ accepts -g
configure:6428: g++ -c -g  conftest.cpp >&5
configure:6428: $? = 0
configure:6469: result: yes
configure:6494: checking dependency style of g++
configure:6605: result: gcc3
configure:6621: checking whether ln -s works
configure:6625: result: yes
configure:6663: checking build system type
configure:6677: result: x86_64-unknown-linux-gnu
configure:6697: checking host system type
configure:6710: result: x86_64-unknown-linux-gnu
configure:6751: checking how to print strings
configure:6778: result: printf
configure:6799: checking for a sed that does not truncate output
configure:6863: result: /bin/sed
configure:6881: checking for grep that handles long lines and -e
configure:6939: result: /bin/grep
configure:6944: checking for egrep
configure:7006: result: /bin/grep -E
configure:7011: checking for fgrep
configure:7073: result: /bin/grep -F
configure:7108: checking for ld used by gcc
configure:7175: result: /usr/bin/ld
configure:7182: checking if the linker (/usr/bin/ld) is GNU ld
configure:7197: result: yes
configure:7209: checking for BSD- or MS-compatible name lister (nm)
configure:7258: result: /usr/bin/nm -B
configure:7388: checking the name lister (/usr/bin/nm -B) interface
configure:7395: gcc -c -g -O2  conftest.c >&5
configure:7398: /usr/bin/nm -B "conftest.o"
configure:7401: output
0000000000000000 B some_variable
configure:7408: result: BSD nm
configure:7412: checking the maximum length of command line arguments
configure:7542: result: 1966080
configure:7559: checking whether the shell understands some XSI constructs
configure:7569: result: yes
configure:7573: checking whether the shell understands "+="
configure:7579: result: yes
configure:7614: checking how to convert x86_64-unknown-linux-gnu file names to x86_64-unknown-linux-gnu format
configure:7654: result: func_convert_file_noop
configure:7661: checking how to convert x86_64-unknown-linux-gnu file names to toolchain format
configure:7681: result: func_convert_file_noop
configure:7688: checking for /usr/bin/ld option to reload object files
configure:7695: result: -r
configure:7769: checking for objdump
configure:7785: found /usr/bin/objdump
configure:7796: result: objdump
configure:7828: checking how to recognize dependent libraries
configure:8030: result: pass_all
configure:8115: checking for dlltool
configure:8145: result: no
configure:8175: checking how to associate runtime and link libraries
configure:8202: result: printf %s\n
configure:8263: checking for ar
configure:8279: found /usr/bin/ar
configure:8290: result: ar
configure:8327: checking for archiver @FILE support
configure:8344: gcc -c -g -O2  conftest.c >&5
configure:8344: $? = 0
configure:8347: ar cru libconftest.a @conftest.lst >&5
configure:8350: $? = 0
configure:8355: ar cru libconftest.a @conftest.lst >&5
ar: conftest.o: No such file or directory
configure:8358: $? = 1
configure:8370: result: @
configure:8428: checking for strip
configure:8444: found /usr/bin/strip
configure:8455: result: strip
configure:8527: checking for ranlib
configure:8543: found /usr/bin/ranlib
configure:8554: result: ranlib
configure:8656: checking command to parse /usr/bin/nm -B output from gcc object
configure:8776: gcc -c -g -O2  conftest.c >&5
configure:8779: $? = 0
configure:8783: /usr/bin/nm -B conftest.o \| sed -n -e 's/^.*[ ]\([ABCDGIRSTW][ABCDGIRSTW]*\)[ ][ ]*\([_A-Za-z][_A-Za-z0-9]*\)$/\1 \2 \2/p' | sed '/ __gnu_lto/d' \> conftest.nm
configure:8786: $? = 0
configure:8852: gcc -o conftest -g -O2   conftest.c conftstm.o >&5
configure:8855: $? = 0
configure:8893: result: ok
configure:8930: checking for sysroot
configure:8960: result: no
configure:9037: gcc -c -g -O2  conftest.c >&5
configure:9040: $? = 0
configure:9216: checking for mt
configure:9246: result: no
configure:9266: checking if : is a manifest tool
configure:9272: : '-?'
configure:9280: result: no
configure:9922: checking how to run the C preprocessor
configure:9953: gcc -E  conftest.c
configure:9953: $? = 0
configure:9967: gcc -E  conftest.c
conftest.c:13:28: fatal error: ac_nonexistent.h: No such file or directory
 #include <ac_nonexistent.h>
                            ^
compilation terminated.
configure:9967: $? = 1
configure: failed program was:
| /* confdefs.h */
| #define PACKAGE_NAME "zookeeper C client"
| #define PACKAGE_TARNAME "zookeeper"
| #define PACKAGE_VERSION "3.4.6"
| #define PACKAGE_STRING "zookeeper C client 3.4.6"
| #define PACKAGE_BUGREPORT "user@zookeeper.apache.org"
| #define PACKAGE_URL ""
| #define PACKAGE "zookeeper"
| #define VERSION "3.4.6"
| #define HAVE_GENERATED_ZOOKEEPER_JUTE_C 1
| #define HAVE_GENERATED_ZOOKEEPER_JUTE_H 1
| /* end confdefs.h.  */
| #include <ac_nonexistent.h>
configure:9992: result: gcc -E
configure:10012: gcc -E  conftest.c
configure:10012: $? = 0
configure:10026: gcc -E  conftest.c
conftest.c:13:28: fatal error: ac_nonexistent.h: No such file or directory
 #include <ac_nonexistent.h>
                            ^
compilation terminated.
configure:10026: $? = 1
configure: failed program was:
| /* confdefs.h */
| #define PACKAGE_NAME "zookeeper C client"
| #define PACKAGE_TARNAME "zookeeper"
| #define PACKAGE_VERSION "3.4.6"
| #define PACKAGE_STRING "zookeeper C client 3.4.6"
| #define PACKAGE_BUGREPORT "user@zookeeper.apache.org"
| #define PACKAGE_URL ""
| #define PACKAGE "zookeeper"
| #define VERSION "3.4.6"
| #define HAVE_GENERATED_ZOOKEEPER_JUTE_C 1
| #define HAVE_GENERATED_ZOOKEEPER_JUTE_H 1
| /* end confdefs.h.  */
| #include <ac_nonexistent.h>
configure:10055: checking for ANSI C header files
configure:10075: gcc -c -g -O2  conftest.c >&5
configure:10075: $? = 0
configure:10148: gcc -o conftest -g -O2   conftest.c  >&5
configure:10148: $? = 0
configure:10148: ./conftest
configure:10148: $? = 0
configure:10159: result: yes
configure:10172: checking for sys/types.h
configure:10172: gcc -c -g -O2  conftest.c >&5
configure:10172: $? = 0
configure:10172: result: yes
configure:10172: checking for sys/stat.h
configure:10172: gcc -c -g -O2  conftest.c >&5
configure:10172: $? = 0
configure:10172: result: yes
configure:10172: checking for stdlib.h
configure:10172: gcc -c -g -O2  conftest.c >&5
configure:10172: $? = 0
configure:10172: result: yes
configure:10172: checking for string.h
configure:10172: gcc -c -g -O2  conftest.c >&5
configure:10172: $? = 0
configure:10172: result: yes
configure:10172: checking for memory.h
configure:10172: gcc -c -g -O2  conftest.c >&5
configure:10172: $? = 0
configure:10172: result: yes
configure:10172: checking for strings.h
configure:10172: gcc -c -g -O2  conftest.c >&5
configure:10172: $? = 0
configure:10172: result: yes
configure:10172: checking for inttypes.h
configure:10172: gcc -c -g -O2  conftest.c >&5
configure:10172: $? = 0
configure:10172: result: yes
configure:10172: checking for stdint.h
configure:10172: gcc -c -g -O2  conftest.c >&5
configure:10172: $? = 0
configure:10172: result: yes
configure:10172: checking for unistd.h
configure:10172: gcc -c -g -O2  conftest.c >&5
configure:10172: $? = 0
configure:10172: result: yes
configure:10186: checking for dlfcn.h
configure:10186: gcc -c -g -O2  conftest.c >&5
configure:10186: $? = 0
configure:10186: result: yes
configure:10403: checking for objdir
configure:10418: result: .libs
configure:10685: checking if gcc supports -fno-rtti -fno-exceptions
configure:10703: gcc -c -g -O2  -fno-rtti -fno-exceptions conftest.c >&5
cc1: warning: command line option '-fno-rtti' is valid for C++/ObjC++ but not for C
configure:10707: $? = 0
configure:10720: result: no
configure:11047: checking for gcc option to produce PIC
configure:11054: result: -fPIC -DPIC
configure:11062: checking if gcc PIC flag -fPIC -DPIC works
configure:11080: gcc -c -g -O2  -fPIC -DPIC -DPIC conftest.c >&5
configure:11084: $? = 0
configure:11097: result: yes
configure:11126: checking if gcc static flag -static works
configure:11154: result: no
configure:11169: checking if gcc supports -c -o file.o
configure:11190: gcc -c -g -O2  -o out/conftest2.o conftest.c >&5
configure:11194: $? = 0
configure:11216: result: yes
configure:11224: checking if gcc supports -c -o file.o
configure:11271: result: yes
configure:11304: checking whether the gcc linker (/usr/bin/ld -m elf_x86_64) supports shared libraries
configure:12461: result: yes
configure:12498: checking whether -lc should be explicitly linked in
configure:12506: gcc -c -g -O2  conftest.c >&5
configure:12509: $? = 0
configure:12524: gcc -shared  -fPIC -DPIC conftest.o  -v -Wl,-soname -Wl,conftest -o conftest 2\>\&1 \| /bin/grep  -lc  \>/dev/null 2\>\&1
configure:12527: $? = 0
configure:12541: result: no
configure:12701: checking dynamic linker characteristics
configure:13212: gcc -o conftest -g -O2   -Wl,-rpath -Wl,/foo conftest.c  >&5
configure:13212: $? = 0
configure:13446: result: GNU/Linux ld.so
configure:13553: checking how to hardcode library paths into programs
configure:13578: result: immediate
configure:14118: checking whether stripping libraries is possible
configure:14123: result: yes
configure:14158: checking if libtool supports shared libraries
configure:14160: result: yes
configure:14163: checking whether to build shared libraries
configure:14184: result: yes
configure:14187: checking whether to build static libraries
configure:14191: result: yes
configure:14214: checking how to run the C++ preprocessor
configure:14241: g++ -E  conftest.cpp
configure:14241: $? = 0
configure:14255: g++ -E  conftest.cpp
conftest.cpp:25:28: fatal error: ac_nonexistent.h: No such file or directory
 #include <ac_nonexistent.h>
                            ^
compilation terminated.
configure:14255: $? = 1
configure: failed program was:
| /* confdefs.h */
| #define PACKAGE_NAME "zookeeper C client"
| #define PACKAGE_TARNAME "zookeeper"
| #define PACKAGE_VERSION "3.4.6"
| #define PACKAGE_STRING "zookeeper C client 3.4.6"
| #define PACKAGE_BUGREPORT "user@zookeeper.apache.org"
| #define PACKAGE_URL ""
| #define PACKAGE "zookeeper"
| #define VERSION "3.4.6"
| #define HAVE_GENERATED_ZOOKEEPER_JUTE_C 1
| #define HAVE_GENERATED_ZOOKEEPER_JUTE_H 1
| #define STDC_HEADERS 1
| #define HAVE_SYS_TYPES_H 1
| #define HAVE_SYS_STAT_H 1
| #define HAVE_STDLIB_H 1
| #define HAVE_STRING_H 1
| #define HAVE_MEMORY_H 1
| #define HAVE_STRINGS_H 1
| #define HAVE_INTTYPES_H 1
| #define HAVE_STDINT_H 1
| #define HAVE_UNISTD_H 1
| #define HAVE_DLFCN_H 1
| #define LT_OBJDIR ".libs/"
| /* end confdefs.h.  */
| #include <ac_nonexistent.h>
configure:14280: result: g++ -E
configure:14300: g++ -E  conftest.cpp
configure:14300: $? = 0
configure:14314: g++ -E  conftest.cpp
conftest.cpp:25:28: fatal error: ac_nonexistent.h: No such file or directory
 #include <ac_nonexistent.h>
                            ^
compilation terminated.
configure:14314: $? = 1
configure: failed program was:
| /* confdefs.h */
| #define PACKAGE_NAME "zookeeper C client"
| #define PACKAGE_TARNAME "zookeeper"
| #define PACKAGE_VERSION "3.4.6"
| #define PACKAGE_STRING "zookeeper C client 3.4.6"
| #define PACKAGE_BUGREPORT "user@zookeeper.apache.org"
| #define PACKAGE_URL ""
| #define PACKAGE "zookeeper"
| #define VERSION "3.4.6"
| #define HAVE_GENERATED_ZOOKEEPER_JUTE_C 1
| #define HAVE_GENERATED_ZOOKEEPER_JUTE_H 1
| #define STDC_HEADERS 1
| #define HAVE_SYS_TYPES_H 1
| #define HAVE_SYS_STAT_H 1
| #define HAVE_STDLIB_H 1
| #define HAVE_STRING_H 1
| #define HAVE_MEMORY_H 1
| #define HAVE_STRINGS_H 1
| #define HAVE_INTTYPES_H 1
| #define HAVE_STDINT_H 1
| #define HAVE_UNISTD_H 1
| #define HAVE_DLFCN_H 1
| #define LT_OBJDIR ".libs/"
| /* end confdefs.h.  */
| #include <ac_nonexistent.h>
configure:14483: checking for ld used by g++
configure:14550: result: /usr/bin/ld -m elf_x86_64
configure:14557: checking if the linker (/usr/bin/ld -m elf_x86_64) is GNU ld
configure:14572: result: yes
configure:14627: checking whether the g++ linker (/usr/bin/ld -m elf_x86_64) supports shared libraries
configure:15632: result: yes
configure:15668: g++ -c -g -O2  conftest.cpp >&5
configure:15671: $? = 0
configure:16191: checking for g++ option to produce PIC
configure:16198: result: -fPIC -DPIC
configure:16206: checking if g++ PIC flag -fPIC -DPIC works
configure:16224: g++ -c -g -O2  -fPIC -DPIC -DPIC conftest.cpp >&5
configure:16228: $? = 0
configure:16241: result: yes
configure:16264: checking if g++ static flag -static works
configure:16292: result: no
configure:16304: checking if g++ supports -c -o file.o
configure:16325: g++ -c -g -O2  -o out/conftest2.o conftest.cpp >&5
configure:16329: $? = 0
configure:16351: result: yes
configure:16356: checking if g++ supports -c -o file.o
configure:16403: result: yes
configure:16433: checking whether the g++ linker (/usr/bin/ld -m elf_x86_64) supports shared libraries
configure:16472: result: yes
configure:16613: checking dynamic linker characteristics
configure:17292: result: GNU/Linux ld.so
configure:17345: checking how to hardcode library paths into programs
configure:17370: result: immediate
configure:17476: checking for pthread_mutex_lock in -lpthread
configure:17501: gcc -o conftest -g -O2 -D_GNU_SOURCE   conftest.c -lpthread   >&5
configure:17501: $? = 0
configure:17510: result: yes
configure:17525: building with SyncAPI support
configure:17542: checking for ANSI C header files
configure:17646: result: yes
configure:17657: checking arpa/inet.h usability
configure:17657: gcc -c -g -O2 -D_GNU_SOURCE  conftest.c >&5
configure:17657: $? = 0
configure:17657: result: yes
configure:17657: checking arpa/inet.h presence
configure:17657: gcc -E  conftest.c
configure:17657: $? = 0
configure:17657: result: yes
configure:17657: checking for arpa/inet.h
configure:17657: result: yes
configure:17657: checking fcntl.h usability
configure:17657: gcc -c -g -O2 -D_GNU_SOURCE  conftest.c >&5
configure:17657: $? = 0
configure:17657: result: yes
configure:17657: checking fcntl.h presence
configure:17657: gcc -E  conftest.c
configure:17657: $? = 0
configure:17657: result: yes
configure:17657: checking for fcntl.h
configure:17657: result: yes
configure:17657: checking netdb.h usability
configure:17657: gcc -c -g -O2 -D_GNU_SOURCE  conftest.c >&5
configure:17657: $? = 0
configure:17657: result: yes
configure:17657: checking netdb.h presence
configure:17657: gcc -E  conftest.c
configure:17657: $? = 0
configure:17657: result: yes
configure:17657: checking for netdb.h
configure:17657: result: yes
configure:17657: checking netinet/in.h usability
configure:17657: gcc -c -g -O2 -D_GNU_SOURCE  conftest.c >&5
configure:17657: $? = 0
configure:17657: result: yes
configure:17657: checking netinet/in.h presence
configure:17657: gcc -E  conftest.c
configure:17657: $? = 0
configure:17657: result: yes
configure:17657: checking for netinet/in.h
configure:17657: result: yes
configure:17657: checking for stdlib.h
configure:17657: result: yes
configure:17657: checking for string.h
configure:17657: result: yes
configure:17657: checking sys/socket.h usability
configure:17657: gcc -c -g -O2 -D_GNU_SOURCE  conftest.c >&5
configure:17657: $? = 0
configure:17657: result: yes
configure:17657: checking sys/socket.h presence
configure:17657: gcc -E  conftest.c
configure:17657: $? = 0
configure:17657: result: yes
configure:17657: checking for sys/socket.h
configure:17657: result: yes
configure:17657: checking sys/time.h usability
configure:17657: gcc -c -g -O2 -D_GNU_SOURCE  conftest.c >&5
configure:17657: $? = 0
configure:17657: result: yes
configure:17657: checking sys/time.h presence
configure:17657: gcc -E  conftest.c
configure:17657: $? = 0
configure:17657: result: yes
configure:17657: checking for sys/time.h
configure:17657: result: yes
configure:17657: checking for unistd.h
configure:17657: result: yes
configure:17657: checking sys/utsname.h usability
configure:17657: gcc -c -g -O2 -D_GNU_SOURCE  conftest.c >&5
configure:17657: $? = 0
configure:17657: result: yes
configure:17657: checking sys/utsname.h presence
configure:17657: gcc -E  conftest.c
configure:17657: $? = 0
configure:17657: result: yes
configure:17657: checking for sys/utsname.h
configure:17657: result: yes
configure:17669: checking for an ANSI C-conforming const
configure:17735: gcc -c -g -O2 -D_GNU_SOURCE  conftest.c >&5
configure:17735: $? = 0
configure:17742: result: yes
configure:17750: checking for inline
configure:17766: gcc -c -g -O2 -D_GNU_SOURCE  conftest.c >&5
configure:17766: $? = 0
configure:17774: result: inline
configure:17792: checking whether time.h and sys/time.h may both be included
configure:17812: gcc -c -g -O2 -D_GNU_SOURCE  conftest.c >&5
configure:17812: $? = 0
configure:17819: result: yes
configure:17827: checking for nfds_t
configure:17827: gcc -c -g -O2 -D_GNU_SOURCE  conftest.c >&5
configure:17827: $? = 0
configure:17827: gcc -c -g -O2 -D_GNU_SOURCE  conftest.c >&5
conftest.c: In function 'main':
conftest.c:42:21: error: expected expression before ')' token
 if (sizeof ((nfds_t)))
                     ^
configure:17827: $? = 1
configure: failed program was:
| /* confdefs.h */
| #define PACKAGE_NAME "zookeeper C client"
| #define PACKAGE_TARNAME "zookeeper"
| #define PACKAGE_VERSION "3.4.6"
| #define PACKAGE_STRING "zookeeper C client 3.4.6"
| #define PACKAGE_BUGREPORT "user@zookeeper.apache.org"
| #define PACKAGE_URL ""
| #define PACKAGE "zookeeper"
| #define VERSION "3.4.6"
| #define HAVE_GENERATED_ZOOKEEPER_JUTE_C 1
| #define HAVE_GENERATED_ZOOKEEPER_JUTE_H 1
| #define STDC_HEADERS 1
| #define HAVE_SYS_TYPES_H 1
| #define HAVE_SYS_STAT_H 1
| #define HAVE_STDLIB_H 1
| #define HAVE_STRING_H 1
| #define HAVE_MEMORY_H 1
| #define HAVE_STRINGS_H 1
| #define HAVE_INTTYPES_H 1
| #define HAVE_STDINT_H 1
| #define HAVE_UNISTD_H 1
| #define HAVE_DLFCN_H 1
| #define LT_OBJDIR ".libs/"
| #define STDC_HEADERS 1
| #define HAVE_ARPA_INET_H 1
| #define HAVE_FCNTL_H 1
| #define HAVE_NETDB_H 1
| #define HAVE_NETINET_IN_H 1
| #define HAVE_STDLIB_H 1
| #define HAVE_STRING_H 1
| #define HAVE_SYS_SOCKET_H 1
| #define HAVE_SYS_TIME_H 1
| #define HAVE_UNISTD_H 1
| #define HAVE_SYS_UTSNAME_H 1
| #define TIME_WITH_SYS_TIME 1
| /* end confdefs.h.  */
| #include <poll.h>
| 
| int
| main ()
| {
| if (sizeof ((nfds_t)))
| 	    return 0;
|   ;
|   return 0;
| }
configure:17827: result: yes
configure:17840: checking whether to enable ipv6
configure:17862: gcc -o conftest -g -O2 -D_GNU_SOURCE   conftest.c  >&5
conftest.c: In function 'main':
conftest.c:44:4: warning: incompatible implicit declaration of built-in function 'exit'
    exit(1);
    ^
configure:17862: $? = 0
configure:17862: ./conftest
configure:17862: $? = 1
configure: program exited with status 1
configure: failed program was:
| /* confdefs.h */
| #define PACKAGE_NAME "zookeeper C client"
| #define PACKAGE_TARNAME "zookeeper"
| #define PACKAGE_VERSION "3.4.6"
| #define PACKAGE_STRING "zookeeper C client 3.4.6"
| #define PACKAGE_BUGREPORT "user@zookeeper.apache.org"
| #define PACKAGE_URL ""
| #define PACKAGE "zookeeper"
| #define VERSION "3.4.6"
| #define HAVE_GENERATED_ZOOKEEPER_JUTE_C 1
| #define HAVE_GENERATED_ZOOKEEPER_JUTE_H 1
| #define STDC_HEADERS 1
| #define HAVE_SYS_TYPES_H 1
| #define HAVE_SYS_STAT_H 1
| #define HAVE_STDLIB_H 1
| #define HAVE_STRING_H 1
| #define HAVE_MEMORY_H 1
| #define HAVE_STRINGS_H 1
| #define HAVE_INTTYPES_H 1
| #define HAVE_STDINT_H 1
| #define HAVE_UNISTD_H 1
| #define HAVE_DLFCN_H 1
| #define LT_OBJDIR ".libs/"
| #define STDC_HEADERS 1
| #define HAVE_ARPA_INET_H 1
| #define HAVE_FCNTL_H 1
| #define HAVE_NETDB_H 1
| #define HAVE_NETINET_IN_H 1
| #define HAVE_STDLIB_H 1
| #define HAVE_STRING_H 1
| #define HAVE_SYS_SOCKET_H 1
| #define HAVE_SYS_TIME_H 1
| #define HAVE_UNISTD_H 1
| #define HAVE_SYS_UTSNAME_H 1
| #define TIME_WITH_SYS_TIME 1
| #define POLL_NFDS_TYPE nfds_t
| /* end confdefs.h.  */
|  /* is AF_INET6 available? */
| #include <sys/types.h>
| #include <sys/socket.h>
| main()
| {
|  if (socket(AF_INET6, SOCK_STREAM, 0) < 0)
|    exit(1);
|  else
|    exit(0);
| }
| 
configure:17867: result: no
configure:17885: checking for getcwd
configure:17885: gcc -o conftest -g -O2 -D_GNU_SOURCE   conftest.c  >&5
configure:17885: $? = 0
configure:17885: result: yes
configure:17885: checking for gethostbyname
configure:17885: gcc -o conftest -g -O2 -D_GNU_SOURCE   conftest.c  >&5
configure:17885: $? = 0
configure:17885: result: yes
configure:17885: checking for gethostname
configure:17885: gcc -o conftest -g -O2 -D_GNU_SOURCE   conftest.c  >&5
configure:17885: $? = 0
configure:17885: result: yes
configure:17885: checking for getlogin
configure:17885: gcc -o conftest -g -O2 -D_GNU_SOURCE   conftest.c  >&5
configure:17885: $? = 0
configure:17885: result: yes
configure:17885: checking for getpwuid_r
configure:17885: gcc -o conftest -g -O2 -D_GNU_SOURCE   conftest.c  >&5
configure:17885: $? = 0
configure:17885: result: yes
configure:17885: checking for gettimeofday
configure:17885: gcc -o conftest -g -O2 -D_GNU_SOURCE   conftest.c  >&5
configure:17885: $? = 0
configure:17885: result: yes
configure:17885: checking for getuid
configure:17885: gcc -o conftest -g -O2 -D_GNU_SOURCE   conftest.c  >&5
configure:17885: $? = 0
configure:17885: result: yes
configure:17885: checking for memmove
configure:17885: gcc -o conftest -g -O2 -D_GNU_SOURCE   conftest.c  >&5
conftest.c:68:6: warning: conflicting types for built-in function 'memmove'
 char memmove ();
      ^
configure:17885: $? = 0
configure:17885: result: yes
configure:17885: checking for memset
configure:17885: gcc -o conftest -g -O2 -D_GNU_SOURCE   conftest.c  >&5
conftest.c:69:6: warning: conflicting types for built-in function 'memset'
 char memset ();
      ^
configure:17885: $? = 0
configure:17885: result: yes
configure:17885: checking for poll
configure:17885: gcc -o conftest -g -O2 -D_GNU_SOURCE   conftest.c  >&5
configure:17885: $? = 0
configure:17885: result: yes
configure:17885: checking for socket
configure:17885: gcc -o conftest -g -O2 -D_GNU_SOURCE   conftest.c  >&5
configure:17885: $? = 0
configure:17885: result: yes
configure:17885: checking for strchr
configure:17885: gcc -o conftest -g -O2 -D_GNU_SOURCE   conftest.c  >&5
conftest.c:72:6: warning: conflicting types for built-in function 'strchr'
 char strchr ();
      ^
configure:17885: $? = 0
configure:17885: result: yes
configure:17885: checking for strdup
configure:17885: gcc -o conftest -g -O2 -D_GNU_SOURCE   conftest.c  >&5
conftest.c:73:6: warning: conflicting types for built-in function 'strdup'
 char strdup ();
      ^
configure:17885: $? = 0
configure:17885: result: yes
configure:17885: checking for strerror
configure:17885: gcc -o conftest -g -O2 -D_GNU_SOURCE   conftest.c  >&5
configure:17885: $? = 0
configure:17885: result: yes
configure:17885: checking for strtol
configure:17885: gcc -o conftest -g -O2 -D_GNU_SOURCE   conftest.c  >&5
configure:17885: $? = 0
configure:17885: result: yes
configure:18123: creating ./config.status

## ---------------------- ##
## Running config.status. ##
## ---------------------- ##

This file was extended by zookeeper C client config.status 3.4.6, which was
generated by GNU Autoconf 2.69.  Invocation command line was

  CONFIG_FILES    = 
  CONFIG_HEADERS  = 
  CONFIG_LINKS    = 
  CONFIG_COMMANDS = 
  $ ./config.status 

on agileops

config.status:1222: creating Makefile
config.status:1222: creating config.h
config.status:1451: executing depfiles commands
config.status:1451: executing libtool commands

## ---------------- ##
## Cache variables. ##
## ---------------- ##

ac_cv_build=x86_64-unknown-linux-gnu
ac_cv_c_compiler_gnu=yes
ac_cv_c_const=yes
ac_cv_c_inline=inline
ac_cv_cxx_compiler_gnu=yes
ac_cv_env_CCC_set=
ac_cv_env_CCC_value=
ac_cv_env_CC_set=
ac_cv_env_CC_value=
ac_cv_env_CFLAGS_set=
ac_cv_env_CFLAGS_value=
ac_cv_env_CPPFLAGS_set=
ac_cv_env_CPPFLAGS_value=
ac_cv_env_CPP_set=
ac_cv_env_CPP_value=
ac_cv_env_CXXCPP_set=
ac_cv_env_CXXCPP_value=
ac_cv_env_CXXFLAGS_set=
ac_cv_env_CXXFLAGS_value=
ac_cv_env_CXX_set=
ac_cv_env_CXX_value=
ac_cv_env_DOXYGEN_PAPER_SIZE_set=
ac_cv_env_DOXYGEN_PAPER_SIZE_value=
ac_cv_env_LDFLAGS_set=
ac_cv_env_LDFLAGS_value=
ac_cv_env_LIBS_set=
ac_cv_env_LIBS_value=
ac_cv_env_build_alias_set=
ac_cv_env_build_alias_value=
ac_cv_env_host_alias_set=
ac_cv_env_host_alias_value=
ac_cv_env_target_alias_set=
ac_cv_env_target_alias_value=
ac_cv_file_generated_zookeeper_jute_c=yes
ac_cv_file_generated_zookeeper_jute_h=yes
ac_cv_func_getcwd=yes
ac_cv_func_gethostbyname=yes
ac_cv_func_gethostname=yes
ac_cv_func_getlogin=yes
ac_cv_func_getpwuid_r=yes
ac_cv_func_gettimeofday=yes
ac_cv_func_getuid=yes
ac_cv_func_memmove=yes
ac_cv_func_memset=yes
ac_cv_func_poll=yes
ac_cv_func_socket=yes
ac_cv_func_strchr=yes
ac_cv_func_strdup=yes
ac_cv_func_strerror=yes
ac_cv_func_strtol=yes
ac_cv_header_arpa_inet_h=yes
ac_cv_header_dlfcn_h=yes
ac_cv_header_fcntl_h=yes
ac_cv_header_inttypes_h=yes
ac_cv_header_memory_h=yes
ac_cv_header_netdb_h=yes
ac_cv_header_netinet_in_h=yes
ac_cv_header_stdc=yes
ac_cv_header_stdint_h=yes
ac_cv_header_stdlib_h=yes
ac_cv_header_string_h=yes
ac_cv_header_strings_h=yes
ac_cv_header_sys_socket_h=yes
ac_cv_header_sys_stat_h=yes
ac_cv_header_sys_time_h=yes
ac_cv_header_sys_types_h=yes
ac_cv_header_sys_utsname_h=yes
ac_cv_header_time=yes
ac_cv_header_unistd_h=yes
ac_cv_host=x86_64-unknown-linux-gnu
ac_cv_lib_pthread_pthread_mutex_lock=yes
ac_cv_objext=o
ac_cv_path_CPPUNIT_CONFIG=/usr/bin/cppunit-config
ac_cv_path_EGREP='/bin/grep -E'
ac_cv_path_FGREP='/bin/grep -F'
ac_cv_path_GREP=/bin/grep
ac_cv_path_SED=/bin/sed
ac_cv_path_ac_pt_DX_DOXYGEN=/usr/bin/doxygen
ac_cv_path_ac_pt_DX_PERL=/usr/bin/perl
ac_cv_path_install='/usr/bin/install -c'
ac_cv_path_mkdir=/bin/mkdir
ac_cv_prog_AWK=gawk
ac_cv_prog_CPP='gcc -E'
ac_cv_prog_CXXCPP='g++ -E'
ac_cv_prog_ac_ct_AR=ar
ac_cv_prog_ac_ct_CC=gcc
ac_cv_prog_ac_ct_CXX=g++
ac_cv_prog_ac_ct_OBJDUMP=objdump
ac_cv_prog_ac_ct_RANLIB=ranlib
ac_cv_prog_ac_ct_STRIP=strip
ac_cv_prog_cc_c89=
ac_cv_prog_cc_g=yes
ac_cv_prog_cc_gcc_c_o=yes
ac_cv_prog_cxx_g=yes
ac_cv_prog_make_make_set=yes
ac_cv_type_nfds_t=yes
am_cv_CC_dependencies_compiler_type=gcc3
am_cv_CXX_dependencies_compiler_type=gcc3
lt_cv_ar_at_file=@
lt_cv_archive_cmds_need_lc=no
lt_cv_deplibs_check_method=pass_all
lt_cv_file_magic_cmd='$MAGIC_CMD'
lt_cv_file_magic_test_file=
lt_cv_ld_reload_flag=-r
lt_cv_nm_interface='BSD nm'
lt_cv_objdir=.libs
lt_cv_path_LD=/usr/bin/ld
lt_cv_path_LDCXX='/usr/bin/ld -m elf_x86_64'
lt_cv_path_NM='/usr/bin/nm -B'
lt_cv_path_mainfest_tool=no
lt_cv_prog_compiler_c_o=yes
lt_cv_prog_compiler_c_o_CXX=yes
lt_cv_prog_compiler_pic='-fPIC -DPIC'
lt_cv_prog_compiler_pic_CXX='-fPIC -DPIC'
lt_cv_prog_compiler_pic_works=yes
lt_cv_prog_compiler_pic_works_CXX=yes
lt_cv_prog_compiler_rtti_exceptions=no
lt_cv_prog_compiler_static_works=no
lt_cv_prog_compiler_static_works_CXX=no
lt_cv_prog_gnu_ld=yes
lt_cv_prog_gnu_ldcxx=yes
lt_cv_sharedlib_from_linklib_cmd='printf %s\n'
lt_cv_shlibpath_overrides_runpath=no
lt_cv_sys_global_symbol_pipe='sed -n -e '\''s/^.*[	 ]\([ABCDGIRSTW][ABCDGIRSTW]*\)[	 ][	 ]*\([_A-Za-z][_A-Za-z0-9]*\)$/\1 \2 \2/p'\'' | sed '\''/ __gnu_lto/d'\'''
lt_cv_sys_global_symbol_to_c_name_address='sed -n -e '\''s/^: \([^ ]*\)[ ]*$/  {\"\1\", (void *) 0},/p'\'' -e '\''s/^[ABCDGIRSTW]* \([^ ]*\) \([^ ]*\)$/  {"\2", (void *) \&\2},/p'\'''
lt_cv_sys_global_symbol_to_c_name_address_lib_prefix='sed -n -e '\''s/^: \([^ ]*\)[ ]*$/  {\"\1\", (void *) 0},/p'\'' -e '\''s/^[ABCDGIRSTW]* \([^ ]*\) \(lib[^ ]*\)$/  {"\2", (void *) \&\2},/p'\'' -e '\''s/^[ABCDGIRSTW]* \([^ ]*\) \([^ ]*\)$/  {"lib\2", (void *) \&\2},/p'\'''
lt_cv_sys_global_symbol_to_cdecl='sed -n -e '\''s/^T .* \(.*\)$/extern int \1();/p'\'' -e '\''s/^[ABCDGIRSTW]* .* \(.*\)$/extern char \1;/p'\'''
lt_cv_sys_max_cmd_len=1966080
lt_cv_to_host_file_cmd=func_convert_file_noop
lt_cv_to_tool_file_cmd=func_convert_file_noop

## ----------------- ##
## Output variables. ##
## ----------------- ##

ACLOCAL='${SHELL} /data/home/user00/workspace/poppy/thirdparty/zookeeper-3.4.6/src/c/missing --run aclocal-1.11'
AMDEPBACKSLASH='\'
AMDEP_FALSE='#'
AMDEP_TRUE=''
AMTAR='$${TAR-tar}'
AR='ar'
AUTOCONF='${SHELL} /data/home/user00/workspace/poppy/thirdparty/zookeeper-3.4.6/src/c/missing --run autoconf'
AUTOHEADER='${SHELL} /data/home/user00/workspace/poppy/thirdparty/zookeeper-3.4.6/src/c/missing --run autoheader'
AUTOMAKE='${SHELL} /data/home/user00/workspace/poppy/thirdparty/zookeeper-3.4.6/src/c/missing --run automake-1.11'
AWK='gawk'
CC='gcc'
CCDEPMODE='depmode=gcc3'
CFLAGS='-g -O2 -D_GNU_SOURCE'
CPP='gcc -E'
CPPFLAGS=''
CPPUNIT_CFLAGS=' -DZKSERVER_CMD="\"./tests/zkServer.sh\""'
CPPUNIT_CONFIG='/usr/bin/cppunit-config'
CPPUNIT_LIBS='-lcppunit -ldl'
CXX='g++'
CXXCPP='g++ -E'
CXXDEPMODE='depmode=gcc3'
CXXFLAGS='-g -O2'
CYGPATH_W='echo'
DEFS='-DHAVE_CONFIG_H'
DEPDIR='.deps'
DLLTOOL='false'
DOXYGEN_PAPER_SIZE=''
DSYMUTIL=''
DUMPBIN=''
DX_COND_chi_FALSE=''
DX_COND_chi_TRUE='#'
DX_COND_chm_FALSE=''
DX_COND_chm_TRUE='#'
DX_COND_doc_FALSE='#'
DX_COND_doc_TRUE=''
DX_COND_dot_FALSE='#'
DX_COND_dot_TRUE=''
DX_COND_html_FALSE='#'
DX_COND_html_TRUE=''
DX_COND_latex_FALSE=''
DX_COND_latex_TRUE='#'
DX_COND_man_FALSE=''
DX_COND_man_TRUE='#'
DX_COND_pdf_FALSE=''
DX_COND_pdf_TRUE='#'
DX_COND_ps_FALSE=''
DX_COND_ps_TRUE='#'
DX_COND_rtf_FALSE=''
DX_COND_rtf_TRUE='#'
DX_COND_xml_FALSE=''
DX_COND_xml_TRUE='#'
DX_CONFIG='c-doc.Doxyfile'
DX_DOCDIR='docs'
DX_DOT=''
DX_DOXYGEN='/usr/bin/doxygen'
DX_DVIPS=''
DX_EGREP=''
DX_ENV=' SRCDIR='\''.'\'' PROJECT='\''zookeeper'\'' DOCDIR='\''docs'\'' VERSION='\''3.4.6'\'' PERL_PATH='\''/usr/bin/perl'\'' HAVE_DOT='\''YES'\'' DOT_PATH='\''.'\'' GENERATE_MAN='\''NO'\'' GENERATE_RTF='\''NO'\'' GENERATE_XML='\''NO'\'' GENERATE_HTMLHELP='\''NO'\'' GENERATE_CHI='\''NO'\'' GENERATE_HTML='\''YES'\'' GENERATE_LATEX='\''NO'\'''
DX_FLAG_chi='0'
DX_FLAG_chm='0'
DX_FLAG_doc='1'
DX_FLAG_dot='1'
DX_FLAG_html='1'
DX_FLAG_man='0'
DX_FLAG_pdf='0'
DX_FLAG_ps='0'
DX_FLAG_rtf='0'
DX_FLAG_xml='0'
DX_HHC=''
DX_LATEX=''
DX_MAKEINDEX=''
DX_PDFLATEX=''
DX_PERL='/usr/bin/perl'
DX_PROJECT='zookeeper'
ECHO_C=''
ECHO_N='-n'
ECHO_T=''
EGREP='/bin/grep -E'
EXEEXT=''
FGREP='/bin/grep -F'
GREP='/bin/grep'
INSTALL_DATA='${INSTALL} -m 644'
INSTALL_PROGRAM='${INSTALL}'
INSTALL_SCRIPT='${INSTALL}'
INSTALL_STRIP_PROGRAM='$(install_sh) -c -s'
LD='/usr/bin/ld -m elf_x86_64'
LDFLAGS=''
LIBOBJS=''
LIBS=''
LIBTOOL='$(SHELL) $(top_builddir)/libtool'
LIPO=''
LN_S='ln -s'
LTLIBOBJS=''
MAKEINFO='${SHELL} /data/home/user00/workspace/poppy/thirdparty/zookeeper-3.4.6/src/c/missing --run makeinfo'
MANIFEST_TOOL=':'
MKDIR_P='/bin/mkdir -p'
NM='/usr/bin/nm -B'
NMEDIT=''
OBJDUMP='objdump'
OBJEXT='o'
OTOOL64=''
OTOOL=''
PACKAGE='zookeeper'
PACKAGE_BUGREPORT='user@zookeeper.apache.org'
PACKAGE_NAME='zookeeper C client'
PACKAGE_STRING='zookeeper C client 3.4.6'
PACKAGE_TARNAME='zookeeper'
PACKAGE_URL=''
PACKAGE_VERSION='3.4.6'
PATH_SEPARATOR=':'
RANLIB='ranlib'
SED='/bin/sed'
SET_MAKE=''
SHELL='/bin/sh'
STRIP='strip'
USEIPV6=''
VERSION='3.4.6'
WANT_SYNCAPI_FALSE='#'
WANT_SYNCAPI_TRUE=''
ac_ct_AR='ar'
ac_ct_CC='gcc'
ac_ct_CXX='g++'
ac_ct_DUMPBIN=''
am__EXEEXT_FALSE=''
am__EXEEXT_TRUE='#'
am__fastdepCC_FALSE='#'
am__fastdepCC_TRUE=''
am__fastdepCXX_FALSE='#'
am__fastdepCXX_TRUE=''
am__include='include'
am__isrc=''
am__leading_dot='.'
am__nodep='_no'
am__quote=''
am__tar='$${TAR-tar} chof - "$$tardir"'
am__untar='$${TAR-tar} xf -'
bindir='${exec_prefix}/bin'
build='x86_64-unknown-linux-gnu'
build_alias=''
build_cpu='x86_64'
build_os='linux-gnu'
build_vendor='unknown'
datadir='${datarootdir}'
datarootdir='${prefix}/share'
docdir='${datarootdir}/doc/${PACKAGE_TARNAME}'
dvidir='${docdir}'
exec_prefix='${prefix}'
host='x86_64-unknown-linux-gnu'
host_alias=''
host_cpu='x86_64'
host_os='linux-gnu'
host_vendor='unknown'
htmldir='${docdir}'
includedir='${prefix}/include'
infodir='${datarootdir}/info'
install_sh='${SHELL} /data/home/user00/workspace/poppy/thirdparty/zookeeper-3.4.6/src/c/install-sh'
libdir='${exec_prefix}/lib'
libexecdir='${exec_prefix}/libexec'
localedir='${datarootdir}/locale'
localstatedir='${prefix}/var'
mandir='${datarootdir}/man'
mkdir_p='/bin/mkdir -p'
oldincludedir='/usr/include'
pdfdir='${docdir}'
prefix='/usr/local'
program_transform_name='s,x,x,'
psdir='${docdir}'
sbindir='${exec_prefix}/sbin'
sharedstatedir='${prefix}/com'
sysconfdir='${prefix}/etc'
target_alias=''

## ----------- ##
## confdefs.h. ##
## ----------- ##

/* confdefs.h */
#define PACKAGE_NAME "zookeeper C client"
#define PACKAGE_TARNAME "zookeeper"
#define PACKAGE_VERSION "3.4.6"
#define PACKAGE_STRING "zookeeper C client 3.4.6"
#define PACKAGE_BUGREPORT "user@zookeeper.apache.org"
#define PACKAGE_URL ""
#define PACKAGE "zookeeper"
#define VERSION "3.4.6"
#define HAVE_GENERATED_ZOOKEEPER_JUTE_C 1
#define HAVE_GENERATED_ZOOKEEPER_JUTE_H 1
#define STDC_HEADERS 1
#define HAVE_SYS_TYPES_H 1
#define HAVE_SYS_STAT_H 1
#define HAVE_STDLIB_H 1
#define HAVE_STRING_H 1
#define HAVE_MEMORY_H 1
#define HAVE_STRINGS_H 1
#define HAVE_INTTYPES_H 1
#define HAVE_STDINT_H 1
#define HAVE_UNISTD_H 1
#define HAVE_DLFCN_H 1
#define LT_OBJDIR ".libs/"
#define STDC_HEADERS 1
#define HAVE_ARPA_INET_H 1
#define HAVE_FCNTL_H 1
#define HAVE_NETDB_H 1
#define HAVE_NETINET_IN_H 1
#define HAVE_STDLIB_H 1
#define HAVE_STRING_H 1
#define HAVE_SYS_SOCKET_H 1
#define HAVE_SYS_TIME_H 1
#define HAVE_UNISTD_H 1
#define HAVE_SYS_UTSNAME_H 1
#define TIME_WITH_SYS_TIME 1
#define POLL_NFDS_TYPE nfds_t
#define HAVE_GETCWD 1
#define HAVE_GETHOSTBYNAME 1
#define HAVE_GETHOSTNAME 1
#define HAVE_GETLOGIN 1
#define HAVE_GETPWUID_R 1
#define HAVE_GETTIMEOFDAY 1
#define HAVE_GETUID 1
#define HAVE_MEMMOVE 1
#define HAVE_MEMSET 1
#define HAVE_POLL 1
#define HAVE_SOCKET 1
#define HAVE_STRCHR 1
#define HAVE_STRDUP 1
#define HAVE_STRERROR 1
#define HAVE_STRTOL 1

configure: exit 0
